#
# A fatal error has been detected by the Java Runtime Environment:
#
#  Internal Error (jvmciRuntime.cpp:1270), pid=25892, tid=25964
#  fatal error: JNI_CreateJavaVM failed with return value -4
#
# JRE version: Java(TM) SE Runtime Environment Oracle GraalVM 17.0.10+11.1 (17.0.10+11) (build 17.0.10+11-LTS-jvmci-23.0-b27)
# Java VM: Java HotSpot(TM) 64-Bit Server VM Oracle GraalVM 17.0.10+11.1 (17.0.10+11-LTS-jvmci-23.0-b27, mixed mode, sharing, tiered, jvmci, jvmci compiler, compressed oops, compressed class ptrs, g1 gc, windows-amd64)
# No core dump will be written. Minidumps are not enabled by default on client versions of Windows
#
# If you would like to submit a bug report, please visit:
#   https://bugreport.java.com/bugreport/crash.jsp
#

---------------  S U M M A R Y ------------

Command Line: -XX:ThreadPriorityPolicy=1 -XX:+UnlockExperimentalVMOptions -XX:+EnableJVMCIProduct -XX:-UnlockExperimentalVMOptions -Dclassworlds.conf=D:\apache-maven-3.6.3\bin\..\bin\m2.conf -Dmaven.home=D:\apache-maven-3.6.3\bin\.. -Dlibrary.jansi.path=D:\apache-maven-3.6.3\bin\..\lib\jansi-native -Dmaven.multiModuleProjectDirectory=D:\VCGitHub\test org.codehaus.plexus.classworlds.launcher.Launcher -P win gluonfx:compile gluonfx:link

Host: 11th Gen Intel(R) Core(TM) i7-1165G7 @ 2.80GHz, 8 cores, 15G,  Windows 11 , 64 bit Build 22621 (10.0.22621.3672)
Time: Thu Jun 13 12:34:27 2024 Hora est. Sudamérica Pacífico elapsed time: 86.600876 seconds (0d 0h 1m 26s)

---------------  T H R E A D  ---------------

Current thread (0x00000283a11737a0):  JavaThread "JVMCI-native CompilerThread0" daemon [_thread_in_vm, id=25964, stack(0x000000dfcc700000,0x000000dfcc800000)]


Current CompileTask:
JVMCI-native:  86600 4382       4       sun.nio.cs.StreamDecoder::implRead (243 bytes)

Stack: [0x000000dfcc700000,0x000000dfcc800000]
Native frames: (J=compiled Java code, j=interpreted, Vv=VM code, C=native code)
V  [jvm.dll+0x66d22a]
V  [jvm.dll+0x7cdafe]
V  [jvm.dll+0x7cf49e]
V  [jvm.dll+0x24550b]
V  [jvm.dll+0x4b4629]
V  [jvm.dll+0x49d452]
V  [jvm.dll+0x497da2]
V  [jvm.dll+0x226cf1]
V  [jvm.dll+0x22514e]
V  [jvm.dll+0x783c2c]
V  [jvm.dll+0x77e05a]
V  [jvm.dll+0x66c105]
C  [ucrtbase.dll+0x29333]
C  [KERNEL32.DLL+0x1257d]
C  [ntdll.dll+0x5af28]


---------------  P R O C E S S  ---------------

Threads class SMR info:
_java_thread_list=0x00000283e76065a0, length=14, elements={
0x00000283fadaa090, 0x00000283ff3f49e0, 0x00000283ff3f55a0, 0x00000283ff4089c0,
0x00000283ff409580, 0x00000283ff40e460, 0x00000283a1170080, 0x00000283a11737a0,
0x00000283a1174250, 0x00000283a11782a0, 0x00000283a12773f0, 0x00000283a12f3710,
0x00000283e75ca100, 0x00000283e746b370
}

Java Threads: ( => current thread )
  0x00000283fadaa090 JavaThread "main" [_thread_in_native, id=25912, stack(0x000000dfcba00000,0x000000dfcbb00000)]
  0x00000283ff3f49e0 JavaThread "Reference Handler" daemon [_thread_blocked, id=25940, stack(0x000000dfcc100000,0x000000dfcc200000)]
  0x00000283ff3f55a0 JavaThread "Finalizer" daemon [_thread_blocked, id=25944, stack(0x000000dfcc200000,0x000000dfcc300000)]
  0x00000283ff4089c0 JavaThread "Signal Dispatcher" daemon [_thread_blocked, id=25948, stack(0x000000dfcc300000,0x000000dfcc400000)]
  0x00000283ff409580 JavaThread "Attach Listener" daemon [_thread_blocked, id=25952, stack(0x000000dfcc400000,0x000000dfcc500000)]
  0x00000283ff40e460 JavaThread "Service Thread" daemon [_thread_blocked, id=25956, stack(0x000000dfcc500000,0x000000dfcc600000)]
  0x00000283a1170080 JavaThread "Monitor Deflation Thread" daemon [_thread_blocked, id=25960, stack(0x000000dfcc600000,0x000000dfcc700000)]
=>0x00000283a11737a0 JavaThread "JVMCI-native CompilerThread0" daemon [_thread_in_vm, id=25964, stack(0x000000dfcc700000,0x000000dfcc800000)]
  0x00000283a1174250 JavaThread "C1 CompilerThread0" daemon [_thread_blocked, id=25968, stack(0x000000dfcc800000,0x000000dfcc900000)]
  0x00000283a11782a0 JavaThread "Sweeper thread" daemon [_thread_blocked, id=25972, stack(0x000000dfcc900000,0x000000dfcca00000)]
  0x00000283a12773f0 JavaThread "Common-Cleaner" daemon [_thread_blocked, id=25976, stack(0x000000dfcca00000,0x000000dfccb00000)]
  0x00000283a12f3710 JavaThread "Notification Thread" daemon [_thread_blocked, id=25984, stack(0x000000dfccc00000,0x000000dfccd00000)]
  0x00000283e75ca100 JavaThread "StreamPumper-systemOut" [_thread_in_native, id=26056, stack(0x000000dfcd600000,0x000000dfcd700000)]
  0x00000283e746b370 JavaThread "StreamPumper-systemErr" [_thread_in_native, id=26060, stack(0x000000dfcd700000,0x000000dfcd800000)]

Other Threads:
  0x00000283ff3edf20 VMThread "VM Thread" [stack: 0x000000dfcc000000,0x000000dfcc100000] [id=25936]
  0x00000283a12f5c00 WatcherThread [stack: 0x000000dfccd00000,0x000000dfcce00000] [id=25988]
  0x00000283fae17cd0 GCTaskThread "GC Thread#0" [stack: 0x000000dfcbb00000,0x000000dfcbc00000] [id=25916]
  0x00000283a1cb01e0 GCTaskThread "GC Thread#1" [stack: 0x000000dfccf00000,0x000000dfcd000000] [id=26004]
  0x00000283a1cb08b0 GCTaskThread "GC Thread#2" [stack: 0x000000dfcd000000,0x000000dfcd100000] [id=26008]
  0x00000283a1cb8b80 GCTaskThread "GC Thread#3" [stack: 0x000000dfcd100000,0x000000dfcd200000] [id=26012]
  0x00000283a1cb8e40 GCTaskThread "GC Thread#4" [stack: 0x000000dfcd200000,0x000000dfcd300000] [id=26016]
  0x00000283a1cba120 GCTaskThread "GC Thread#5" [stack: 0x000000dfcd300000,0x000000dfcd400000] [id=26020]
  0x00000283a1cdd990 GCTaskThread "GC Thread#6" [stack: 0x000000dfcd400000,0x000000dfcd500000] [id=26024]
  0x00000283a1cddc50 GCTaskThread "GC Thread#7" [stack: 0x000000dfcd500000,0x000000dfcd600000] [id=26028]
  0x00000283fae288b0 ConcurrentGCThread "G1 Main Marker" [stack: 0x000000dfcbc00000,0x000000dfcbd00000] [id=25920]
  0x00000283fae292c0 ConcurrentGCThread "G1 Conc#0" [stack: 0x000000dfcbd00000,0x000000dfcbe00000] [id=25924]
  0x00000283fae6e6c0 ConcurrentGCThread "G1 Refine#0" [stack: 0x000000dfcbe00000,0x000000dfcbf00000] [id=25928]
  0x00000283ff2a6260 ConcurrentGCThread "G1 Service" [stack: 0x000000dfcbf00000,0x000000dfcc000000] [id=25932]

Threads with active compile tasks:
JVMCI-native CompilerThread0    86615 4382       4       sun.nio.cs.StreamDecoder::implRead (243 bytes)

VM state: not at safepoint (normal execution)

VM Mutex/Monitor currently owned by a thread: None

Heap address: 0x0000000703600000, size: 4042 MB, Compressed Oops mode: Zero based, Oop shift amount: 3

CDS archive(s) mapped at: [0x00000283a2000000-0x00000283a2bd0000-0x00000283a2bd0000), size 12386304, SharedBaseAddress: 0x00000283a2000000, ArchiveRelocationMode: 1.
Compressed class space mapped at: 0x00000283a3000000-0x00000283e3000000, reserved size: 1073741824
Narrow klass base: 0x00000283a2000000, Narrow klass shift: 0, Narrow klass range: 0x100000000

GC Precious Log:
 CPUs: 8 total, 8 available
 Memory: 16167M
 Large Page Support: Disabled
 NUMA Support: Disabled
 Compressed Oops: Enabled (Zero based)
 Heap Region Size: 2M
 Heap Min Capacity: 8M
 Heap Initial Capacity: 254M
 Heap Max Capacity: 4042M
 Pre-touch: Disabled
 Parallel Workers: 8
 Concurrent Workers: 2
 Concurrent Refinement Workers: 8
 Periodic GC: Disabled

Heap:
 garbage-first heap   total 260096K, used 118902K [0x0000000703600000, 0x0000000800000000)
  region size 2048K, 59 young (120832K), 2 survivors (4096K)
 Metaspace       used 17241K, committed 17472K, reserved 1114112K
  class space    used 1737K, committed 1856K, reserved 1048576K

Heap Regions: E=young(eden), S=young(survivor), O=old, HS=humongous(starts), HC=humongous(continues), CS=collection set, F=free, OA=open archive, CA=closed archive, TAMS=top-at-mark-start (previous, next)
|   0|0x0000000703600000, 0x0000000703800000, 0x0000000703800000|100%| O|  |TAMS 0x0000000703600000, 0x0000000703600000| Untracked 
|   1|0x0000000703800000, 0x0000000703a00000, 0x0000000703a00000|100%| O|  |TAMS 0x0000000703800000, 0x0000000703800000| Untracked 
|   2|0x0000000703a00000, 0x0000000703a03400, 0x0000000703c00000|  0%| O|  |TAMS 0x0000000703a00000, 0x0000000703a00000| Untracked 
|   3|0x0000000703c00000, 0x0000000703c00000, 0x0000000703e00000|  0%| F|  |TAMS 0x0000000703c00000, 0x0000000703c00000| Untracked 
|   4|0x0000000703e00000, 0x0000000703e00000, 0x0000000704000000|  0%| F|  |TAMS 0x0000000703e00000, 0x0000000703e00000| Untracked 
|   5|0x0000000704000000, 0x0000000704000000, 0x0000000704200000|  0%| F|  |TAMS 0x0000000704000000, 0x0000000704000000| Untracked 
|   6|0x0000000704200000, 0x0000000704200000, 0x0000000704400000|  0%| F|  |TAMS 0x0000000704200000, 0x0000000704200000| Untracked 
|   7|0x0000000704400000, 0x0000000704400000, 0x0000000704600000|  0%| F|  |TAMS 0x0000000704400000, 0x0000000704400000| Untracked 
|   8|0x0000000704600000, 0x0000000704600000, 0x0000000704800000|  0%| F|  |TAMS 0x0000000704600000, 0x0000000704600000| Untracked 
|   9|0x0000000704800000, 0x0000000704800000, 0x0000000704a00000|  0%| F|  |TAMS 0x0000000704800000, 0x0000000704800000| Untracked 
|  10|0x0000000704a00000, 0x0000000704a00000, 0x0000000704c00000|  0%| F|  |TAMS 0x0000000704a00000, 0x0000000704a00000| Untracked 
|  11|0x0000000704c00000, 0x0000000704c00000, 0x0000000704e00000|  0%| F|  |TAMS 0x0000000704c00000, 0x0000000704c00000| Untracked 
|  12|0x0000000704e00000, 0x0000000704e00000, 0x0000000705000000|  0%| F|  |TAMS 0x0000000704e00000, 0x0000000704e00000| Untracked 
|  13|0x0000000705000000, 0x0000000705000000, 0x0000000705200000|  0%| F|  |TAMS 0x0000000705000000, 0x0000000705000000| Untracked 
|  14|0x0000000705200000, 0x0000000705200000, 0x0000000705400000|  0%| F|  |TAMS 0x0000000705200000, 0x0000000705200000| Untracked 
|  15|0x0000000705400000, 0x0000000705400000, 0x0000000705600000|  0%| F|  |TAMS 0x0000000705400000, 0x0000000705400000| Untracked 
|  16|0x0000000705600000, 0x0000000705600000, 0x0000000705800000|  0%| F|  |TAMS 0x0000000705600000, 0x0000000705600000| Untracked 
|  17|0x0000000705800000, 0x0000000705800000, 0x0000000705a00000|  0%| F|  |TAMS 0x0000000705800000, 0x0000000705800000| Untracked 
|  18|0x0000000705a00000, 0x0000000705a00000, 0x0000000705c00000|  0%| F|  |TAMS 0x0000000705a00000, 0x0000000705a00000| Untracked 
|  19|0x0000000705c00000, 0x0000000705c00000, 0x0000000705e00000|  0%| F|  |TAMS 0x0000000705c00000, 0x0000000705c00000| Untracked 
|  20|0x0000000705e00000, 0x0000000705e00000, 0x0000000706000000|  0%| F|  |TAMS 0x0000000705e00000, 0x0000000705e00000| Untracked 
|  21|0x0000000706000000, 0x0000000706000000, 0x0000000706200000|  0%| F|  |TAMS 0x0000000706000000, 0x0000000706000000| Untracked 
|  22|0x0000000706200000, 0x0000000706200000, 0x0000000706400000|  0%| F|  |TAMS 0x0000000706200000, 0x0000000706200000| Untracked 
|  23|0x0000000706400000, 0x0000000706400000, 0x0000000706600000|  0%| F|  |TAMS 0x0000000706400000, 0x0000000706400000| Untracked 
|  24|0x0000000706600000, 0x0000000706600000, 0x0000000706800000|  0%| F|  |TAMS 0x0000000706600000, 0x0000000706600000| Untracked 
|  25|0x0000000706800000, 0x0000000706800000, 0x0000000706a00000|  0%| F|  |TAMS 0x0000000706800000, 0x0000000706800000| Untracked 
|  26|0x0000000706a00000, 0x0000000706a00000, 0x0000000706c00000|  0%| F|  |TAMS 0x0000000706a00000, 0x0000000706a00000| Untracked 
|  27|0x0000000706c00000, 0x0000000706c00000, 0x0000000706e00000|  0%| F|  |TAMS 0x0000000706c00000, 0x0000000706c00000| Untracked 
|  28|0x0000000706e00000, 0x0000000706e00000, 0x0000000707000000|  0%| F|  |TAMS 0x0000000706e00000, 0x0000000706e00000| Untracked 
|  29|0x0000000707000000, 0x0000000707000000, 0x0000000707200000|  0%| F|  |TAMS 0x0000000707000000, 0x0000000707000000| Untracked 
|  30|0x0000000707200000, 0x0000000707200000, 0x0000000707400000|  0%| F|  |TAMS 0x0000000707200000, 0x0000000707200000| Untracked 
|  31|0x0000000707400000, 0x0000000707400000, 0x0000000707600000|  0%| F|  |TAMS 0x0000000707400000, 0x0000000707400000| Untracked 
|  32|0x0000000707600000, 0x0000000707600000, 0x0000000707800000|  0%| F|  |TAMS 0x0000000707600000, 0x0000000707600000| Untracked 
|  33|0x0000000707800000, 0x0000000707800000, 0x0000000707a00000|  0%| F|  |TAMS 0x0000000707800000, 0x0000000707800000| Untracked 
|  34|0x0000000707a00000, 0x0000000707a00000, 0x0000000707c00000|  0%| F|  |TAMS 0x0000000707a00000, 0x0000000707a00000| Untracked 
|  35|0x0000000707c00000, 0x0000000707c00000, 0x0000000707e00000|  0%| F|  |TAMS 0x0000000707c00000, 0x0000000707c00000| Untracked 
|  36|0x0000000707e00000, 0x0000000707e00000, 0x0000000708000000|  0%| F|  |TAMS 0x0000000707e00000, 0x0000000707e00000| Untracked 
|  37|0x0000000708000000, 0x0000000708000000, 0x0000000708200000|  0%| F|  |TAMS 0x0000000708000000, 0x0000000708000000| Untracked 
|  38|0x0000000708200000, 0x0000000708200000, 0x0000000708400000|  0%| F|  |TAMS 0x0000000708200000, 0x0000000708200000| Untracked 
|  39|0x0000000708400000, 0x0000000708400000, 0x0000000708600000|  0%| F|  |TAMS 0x0000000708400000, 0x0000000708400000| Untracked 
|  40|0x0000000708600000, 0x0000000708600000, 0x0000000708800000|  0%| F|  |TAMS 0x0000000708600000, 0x0000000708600000| Untracked 
|  41|0x0000000708800000, 0x0000000708800000, 0x0000000708a00000|  0%| F|  |TAMS 0x0000000708800000, 0x0000000708800000| Untracked 
|  42|0x0000000708a00000, 0x0000000708a00000, 0x0000000708c00000|  0%| F|  |TAMS 0x0000000708a00000, 0x0000000708a00000| Untracked 
|  43|0x0000000708c00000, 0x0000000708c00000, 0x0000000708e00000|  0%| F|  |TAMS 0x0000000708c00000, 0x0000000708c00000| Untracked 
|  44|0x0000000708e00000, 0x0000000708e00000, 0x0000000709000000|  0%| F|  |TAMS 0x0000000708e00000, 0x0000000708e00000| Untracked 
|  45|0x0000000709000000, 0x0000000709000000, 0x0000000709200000|  0%| F|  |TAMS 0x0000000709000000, 0x0000000709000000| Untracked 
|  46|0x0000000709200000, 0x0000000709200000, 0x0000000709400000|  0%| F|  |TAMS 0x0000000709200000, 0x0000000709200000| Untracked 
|  47|0x0000000709400000, 0x0000000709400000, 0x0000000709600000|  0%| F|  |TAMS 0x0000000709400000, 0x0000000709400000| Untracked 
|  48|0x0000000709600000, 0x0000000709600000, 0x0000000709800000|  0%| F|  |TAMS 0x0000000709600000, 0x0000000709600000| Untracked 
|  49|0x0000000709800000, 0x0000000709800000, 0x0000000709a00000|  0%| F|  |TAMS 0x0000000709800000, 0x0000000709800000| Untracked 
|  50|0x0000000709a00000, 0x0000000709a00000, 0x0000000709c00000|  0%| F|  |TAMS 0x0000000709a00000, 0x0000000709a00000| Untracked 
|  51|0x0000000709c00000, 0x0000000709c00000, 0x0000000709e00000|  0%| F|  |TAMS 0x0000000709c00000, 0x0000000709c00000| Untracked 
|  52|0x0000000709e00000, 0x0000000709e00000, 0x000000070a000000|  0%| F|  |TAMS 0x0000000709e00000, 0x0000000709e00000| Untracked 
|  53|0x000000070a000000, 0x000000070a000000, 0x000000070a200000|  0%| F|  |TAMS 0x000000070a000000, 0x000000070a000000| Untracked 
|  54|0x000000070a200000, 0x000000070a200000, 0x000000070a400000|  0%| F|  |TAMS 0x000000070a200000, 0x000000070a200000| Untracked 
|  55|0x000000070a400000, 0x000000070a400000, 0x000000070a600000|  0%| F|  |TAMS 0x000000070a400000, 0x000000070a400000| Untracked 
|  56|0x000000070a600000, 0x000000070a600000, 0x000000070a800000|  0%| F|  |TAMS 0x000000070a600000, 0x000000070a600000| Untracked 
|  57|0x000000070a800000, 0x000000070a800000, 0x000000070aa00000|  0%| F|  |TAMS 0x000000070a800000, 0x000000070a800000| Untracked 
|  58|0x000000070aa00000, 0x000000070aa00000, 0x000000070ac00000|  0%| F|  |TAMS 0x000000070aa00000, 0x000000070aa00000| Untracked 
|  59|0x000000070ac00000, 0x000000070ac00000, 0x000000070ae00000|  0%| F|  |TAMS 0x000000070ac00000, 0x000000070ac00000| Untracked 
|  60|0x000000070ae00000, 0x000000070ae00000, 0x000000070b000000|  0%| F|  |TAMS 0x000000070ae00000, 0x000000070ae00000| Untracked 
|  61|0x000000070b000000, 0x000000070b000000, 0x000000070b200000|  0%| F|  |TAMS 0x000000070b000000, 0x000000070b000000| Untracked 
|  62|0x000000070b200000, 0x000000070b200000, 0x000000070b400000|  0%| F|  |TAMS 0x000000070b200000, 0x000000070b200000| Untracked 
|  63|0x000000070b400000, 0x000000070b400000, 0x000000070b600000|  0%| F|  |TAMS 0x000000070b400000, 0x000000070b400000| Untracked 
|  64|0x000000070b600000, 0x000000070b600000, 0x000000070b800000|  0%| F|  |TAMS 0x000000070b600000, 0x000000070b600000| Untracked 
|  65|0x000000070b800000, 0x000000070b800000, 0x000000070ba00000|  0%| F|  |TAMS 0x000000070b800000, 0x000000070b800000| Untracked 
|  66|0x000000070ba00000, 0x000000070ba00000, 0x000000070bc00000|  0%| F|  |TAMS 0x000000070ba00000, 0x000000070ba00000| Untracked 
|  67|0x000000070bc00000, 0x000000070bc00000, 0x000000070be00000|  0%| F|  |TAMS 0x000000070bc00000, 0x000000070bc00000| Untracked 
|  68|0x000000070be00000, 0x000000070bebdf20, 0x000000070c000000| 37%| E|  |TAMS 0x000000070be00000, 0x000000070be00000| Complete 
|  69|0x000000070c000000, 0x000000070c200000, 0x000000070c200000|100%| E|CS|TAMS 0x000000070c000000, 0x000000070c000000| Complete 
|  70|0x000000070c200000, 0x000000070c400000, 0x000000070c400000|100%| E|CS|TAMS 0x000000070c200000, 0x000000070c200000| Complete 
|  71|0x000000070c400000, 0x000000070c600000, 0x000000070c600000|100%| E|CS|TAMS 0x000000070c400000, 0x000000070c400000| Complete 
|  72|0x000000070c600000, 0x000000070c800000, 0x000000070c800000|100%| E|CS|TAMS 0x000000070c600000, 0x000000070c600000| Complete 
|  73|0x000000070c800000, 0x000000070ca00000, 0x000000070ca00000|100%| E|CS|TAMS 0x000000070c800000, 0x000000070c800000| Complete 
|  74|0x000000070ca00000, 0x000000070cc00000, 0x000000070cc00000|100%| E|CS|TAMS 0x000000070ca00000, 0x000000070ca00000| Complete 
|  75|0x000000070cc00000, 0x000000070ce00000, 0x000000070ce00000|100%| E|CS|TAMS 0x000000070cc00000, 0x000000070cc00000| Complete 
|  76|0x000000070ce00000, 0x000000070d000000, 0x000000070d000000|100%| E|CS|TAMS 0x000000070ce00000, 0x000000070ce00000| Complete 
|  77|0x000000070d000000, 0x000000070d200000, 0x000000070d200000|100%| E|  |TAMS 0x000000070d000000, 0x000000070d000000| Complete 
|  78|0x000000070d200000, 0x000000070d400000, 0x000000070d400000|100%| E|CS|TAMS 0x000000070d200000, 0x000000070d200000| Complete 
|  79|0x000000070d400000, 0x000000070d600000, 0x000000070d600000|100%| E|CS|TAMS 0x000000070d400000, 0x000000070d400000| Complete 
|  80|0x000000070d600000, 0x000000070d800000, 0x000000070d800000|100%| E|CS|TAMS 0x000000070d600000, 0x000000070d600000| Complete 
|  81|0x000000070d800000, 0x000000070da00000, 0x000000070da00000|100%| E|CS|TAMS 0x000000070d800000, 0x000000070d800000| Complete 
|  82|0x000000070da00000, 0x000000070dc00000, 0x000000070dc00000|100%| E|CS|TAMS 0x000000070da00000, 0x000000070da00000| Complete 
|  83|0x000000070dc00000, 0x000000070de00000, 0x000000070de00000|100%| E|CS|TAMS 0x000000070dc00000, 0x000000070dc00000| Complete 
|  84|0x000000070de00000, 0x000000070e000000, 0x000000070e000000|100%| E|CS|TAMS 0x000000070de00000, 0x000000070de00000| Complete 
|  85|0x000000070e000000, 0x000000070e200000, 0x000000070e200000|100%| E|CS|TAMS 0x000000070e000000, 0x000000070e000000| Complete 
|  86|0x000000070e200000, 0x000000070e400000, 0x000000070e400000|100%| E|CS|TAMS 0x000000070e200000, 0x000000070e200000| Complete 
|  87|0x000000070e400000, 0x000000070e600000, 0x000000070e600000|100%| E|CS|TAMS 0x000000070e400000, 0x000000070e400000| Complete 
|  88|0x000000070e600000, 0x000000070e800000, 0x000000070e800000|100%| E|CS|TAMS 0x000000070e600000, 0x000000070e600000| Complete 
|  89|0x000000070e800000, 0x000000070ea00000, 0x000000070ea00000|100%| E|CS|TAMS 0x000000070e800000, 0x000000070e800000| Complete 
|  90|0x000000070ea00000, 0x000000070ec00000, 0x000000070ec00000|100%| E|CS|TAMS 0x000000070ea00000, 0x000000070ea00000| Complete 
|  91|0x000000070ec00000, 0x000000070ee00000, 0x000000070ee00000|100%| E|CS|TAMS 0x000000070ec00000, 0x000000070ec00000| Complete 
|  92|0x000000070ee00000, 0x000000070f000000, 0x000000070f000000|100%| E|CS|TAMS 0x000000070ee00000, 0x000000070ee00000| Complete 
|  93|0x000000070f000000, 0x000000070f200000, 0x000000070f200000|100%| E|CS|TAMS 0x000000070f000000, 0x000000070f000000| Complete 
|  94|0x000000070f200000, 0x000000070f400000, 0x000000070f400000|100%| E|CS|TAMS 0x000000070f200000, 0x000000070f200000| Complete 
|  95|0x000000070f400000, 0x000000070f600000, 0x000000070f600000|100%| E|CS|TAMS 0x000000070f400000, 0x000000070f400000| Complete 
|  96|0x000000070f600000, 0x000000070f800000, 0x000000070f800000|100%| E|CS|TAMS 0x000000070f600000, 0x000000070f600000| Complete 
|  97|0x000000070f800000, 0x000000070fa00000, 0x000000070fa00000|100%| E|CS|TAMS 0x000000070f800000, 0x000000070f800000| Complete 
|  98|0x000000070fa00000, 0x000000070fc00000, 0x000000070fc00000|100%| E|CS|TAMS 0x000000070fa00000, 0x000000070fa00000| Complete 
|  99|0x000000070fc00000, 0x000000070fe00000, 0x000000070fe00000|100%| E|CS|TAMS 0x000000070fc00000, 0x000000070fc00000| Complete 
| 100|0x000000070fe00000, 0x0000000710000000, 0x0000000710000000|100%| E|CS|TAMS 0x000000070fe00000, 0x000000070fe00000| Complete 
| 101|0x0000000710000000, 0x0000000710200000, 0x0000000710200000|100%| E|CS|TAMS 0x0000000710000000, 0x0000000710000000| Complete 
| 102|0x0000000710200000, 0x0000000710400000, 0x0000000710400000|100%| E|CS|TAMS 0x0000000710200000, 0x0000000710200000| Complete 
| 103|0x0000000710400000, 0x0000000710600000, 0x0000000710600000|100%| E|CS|TAMS 0x0000000710400000, 0x0000000710400000| Complete 
| 104|0x0000000710600000, 0x0000000710800000, 0x0000000710800000|100%| E|CS|TAMS 0x0000000710600000, 0x0000000710600000| Complete 
| 105|0x0000000710800000, 0x0000000710a00000, 0x0000000710a00000|100%| E|CS|TAMS 0x0000000710800000, 0x0000000710800000| Complete 
| 106|0x0000000710a00000, 0x0000000710c00000, 0x0000000710c00000|100%| E|CS|TAMS 0x0000000710a00000, 0x0000000710a00000| Complete 
| 107|0x0000000710c00000, 0x0000000710e00000, 0x0000000710e00000|100%| E|CS|TAMS 0x0000000710c00000, 0x0000000710c00000| Complete 
| 108|0x0000000710e00000, 0x0000000710e1a760, 0x0000000711000000|  5%| S|CS|TAMS 0x0000000710e00000, 0x0000000710e00000| Complete 
| 109|0x0000000711000000, 0x0000000711200000, 0x0000000711200000|100%| S|CS|TAMS 0x0000000711000000, 0x0000000711000000| Complete 
| 110|0x0000000711200000, 0x0000000711400000, 0x0000000711400000|100%| E|CS|TAMS 0x0000000711200000, 0x0000000711200000| Complete 
| 111|0x0000000711400000, 0x0000000711600000, 0x0000000711600000|100%| E|CS|TAMS 0x0000000711400000, 0x0000000711400000| Complete 
| 112|0x0000000711600000, 0x0000000711800000, 0x0000000711800000|100%| E|CS|TAMS 0x0000000711600000, 0x0000000711600000| Complete 
| 113|0x0000000711800000, 0x0000000711a00000, 0x0000000711a00000|100%| E|CS|TAMS 0x0000000711800000, 0x0000000711800000| Complete 
| 114|0x0000000711a00000, 0x0000000711c00000, 0x0000000711c00000|100%| E|CS|TAMS 0x0000000711a00000, 0x0000000711a00000| Complete 
| 115|0x0000000711c00000, 0x0000000711e00000, 0x0000000711e00000|100%| E|CS|TAMS 0x0000000711c00000, 0x0000000711c00000| Complete 
| 116|0x0000000711e00000, 0x0000000712000000, 0x0000000712000000|100%| E|CS|TAMS 0x0000000711e00000, 0x0000000711e00000| Complete 
| 117|0x0000000712000000, 0x0000000712200000, 0x0000000712200000|100%| E|CS|TAMS 0x0000000712000000, 0x0000000712000000| Complete 
| 118|0x0000000712200000, 0x0000000712400000, 0x0000000712400000|100%| E|CS|TAMS 0x0000000712200000, 0x0000000712200000| Complete 
| 119|0x0000000712400000, 0x0000000712600000, 0x0000000712600000|100%| E|CS|TAMS 0x0000000712400000, 0x0000000712400000| Complete 
| 120|0x0000000712600000, 0x0000000712800000, 0x0000000712800000|100%| E|CS|TAMS 0x0000000712600000, 0x0000000712600000| Complete 
| 121|0x0000000712800000, 0x0000000712a00000, 0x0000000712a00000|100%| E|CS|TAMS 0x0000000712800000, 0x0000000712800000| Complete 
| 122|0x0000000712a00000, 0x0000000712c00000, 0x0000000712c00000|100%| E|CS|TAMS 0x0000000712a00000, 0x0000000712a00000| Complete 
| 123|0x0000000712c00000, 0x0000000712e00000, 0x0000000712e00000|100%| E|CS|TAMS 0x0000000712c00000, 0x0000000712c00000| Complete 
| 124|0x0000000712e00000, 0x0000000713000000, 0x0000000713000000|100%| E|CS|TAMS 0x0000000712e00000, 0x0000000712e00000| Complete 
| 125|0x0000000713000000, 0x0000000713200000, 0x0000000713200000|100%| E|CS|TAMS 0x0000000713000000, 0x0000000713000000| Complete 
| 126|0x0000000713200000, 0x0000000713400000, 0x0000000713400000|100%| E|CS|TAMS 0x0000000713200000, 0x0000000713200000| Complete 

Card table byte_map: [0x00000283fb990000,0x00000283fc180000] _byte_map_base: 0x00000283f8175000

Marking Bits (Prev, Next): (CMBitMap*) 0x00000283fae182f0, (CMBitMap*) 0x00000283fae18330
 Prev Bits: [0x00000283991d0000, 0x000002839d0f8000)
 Next Bits: [0x000002839d100000, 0x00000283a1028000)

Polling page: 0x00000283f8cf0000

Metaspace:

Usage:
  Non-class:     15.14 MB used.
      Class:      1.70 MB used.
       Both:     16.84 MB used.

Virtual space:
  Non-class space:       64.00 MB reserved,      15.25 MB ( 24%) committed,  1 nodes.
      Class space:        1.00 GB reserved,       1.81 MB ( <1%) committed,  1 nodes.
             Both:        1.06 GB reserved,      17.06 MB (  2%) committed. 

Chunk freelists:
   Non-Class:  402.00 KB
       Class:  14.23 MB
        Both:  14.62 MB

MaxMetaspaceSize: unlimited
CompressedClassSpaceSize: 1.00 GB
Initial GC threshold: 21.00 MB
Current GC threshold: 21.00 MB
CDS: on
MetaspaceReclaimPolicy: balanced
 - commit_granule_bytes: 65536.
 - commit_granule_words: 8192.
 - virtual_space_node_default_size: 8388608.
 - enlarge_chunks_in_place: 1.
 - new_chunks_are_fully_committed: 0.
 - uncommit_free_chunks: 1.
 - use_allocation_guard: 0.
 - handle_deallocations: 1.


Internal statistics:

num_allocs_failed_limit: 0.
num_arena_births: 86.
num_arena_deaths: 0.
num_vsnodes_births: 2.
num_vsnodes_deaths: 0.
num_space_committed: 273.
num_space_uncommitted: 0.
num_chunks_returned_to_freelist: 0.
num_chunks_taken_from_freelist: 637.
num_chunk_merges: 0.
num_chunk_splits: 478.
num_chunks_enlarged: 382.
num_inconsistent_stats: 0.

CodeHeap 'non-profiled nmethods': size=119488Kb used=1461Kb max_used=1461Kb free=118026Kb
 bounds [0x0000028391d20000, 0x0000028391f90000, 0x00000283991d0000]
CodeHeap 'profiled nmethods': size=119424Kb used=9787Kb max_used=9787Kb free=109636Kb
 bounds [0x000002838a1d0000, 0x000002838ab60000, 0x0000028391670000]
CodeHeap 'non-nmethods': size=6848Kb used=1209Kb max_used=2363Kb free=5638Kb
 bounds [0x0000028391670000, 0x00000283918e0000, 0x0000028391d20000]
 total_blobs=4869 nmethods=4380 adapters=394
 compilation: enabled
              stopped_count=0, restarted_count=0
 full_count=0

JVMCI Events (20 events):
Event: 57.696 Thread 0x00000283a11737a0 initialized JVMCI runtime 0
Event: 57.728 Thread 0x00000283a11737a0 compacted oop handles in JVMCI runtime 0 from 78 to 74
Event: 58.733 Thread 0x00000283a11737a0 detaching from JVMCI runtime 0: releasing idle compiler thread (0 other threads still attached)
Event: 58.733 Thread 0x00000283a11737a0 shutting down HotSpotJVMCIRuntime for JVMCI runtime 0
Event: 58.733 Thread 0x00000283a11737a0 shut down JVMCI runtime 0
Event: 58.735 Thread 0x00000283a11737a0 destroyed JavaVM[8]@0x0000028400033940 for JVMCI runtime 0
Event: 58.735 Thread 0x00000283a11737a0 releasing handles for JVMCI runtime 0: oop handles=74, metadata handles={total=140, live=131, blocks=16}
Event: 58.735 Thread 0x00000283a11737a0 detached from JVMCI runtime 0
Event: 66.897 Thread 0x00000283a11737a0 attached to JVMCI runtime 0
Event: 66.899 Thread 0x00000283a11737a0 created JavaVM[9]@0x0000028400033940 for JVMCI runtime 0
Event: 66.899 Thread 0x00000283a11737a0 initializing JVMCI runtime 0
Event: 66.899 Thread 0x00000283a11737a0 done waiting for JavaVM references initialization in JVMCI runtime 0
Event: 66.899 Thread 0x00000283a11737a0 initialized JVMCI runtime 0
Event: 67.913 Thread 0x00000283a11737a0 detaching from JVMCI runtime 0: releasing idle compiler thread (0 other threads still attached)
Event: 67.913 Thread 0x00000283a11737a0 shutting down HotSpotJVMCIRuntime for JVMCI runtime 0
Event: 67.913 Thread 0x00000283a11737a0 shut down JVMCI runtime 0
Event: 67.915 Thread 0x00000283a11737a0 destroyed JavaVM[9]@0x0000028400033940 for JVMCI runtime 0
Event: 67.915 Thread 0x00000283a11737a0 releasing handles for JVMCI runtime 0: oop handles=55, metadata handles={total=89, live=78, blocks=16}
Event: 67.915 Thread 0x00000283a11737a0 detached from JVMCI runtime 0
Event: 86.597 Thread 0x00000283a11737a0 attached to JVMCI runtime 0

Compilation events (20 events):
Event: 35.341 Thread 0x00000283a1174250 nmethod 4372 0x000002838ab5d410 code [0x000002838ab5d5c0, 0x000002838ab5d748]
Event: 35.341 Thread 0x00000283a1174250 4373       3       org.fusesource.jansi.FilterPrintStream::newLine (8 bytes)
Event: 35.341 Thread 0x00000283a1174250 nmethod 4373 0x000002838ab5d810 code [0x000002838ab5d9c0, 0x000002838ab5db08]
Event: 36.466 Thread 0x00000283a11737a0 4374       4       java.io.BufferedInputStream::read1 (108 bytes)
Event: 36.492 Thread 0x00000283a11737a0 nmethod 4374 0x0000028391e82090 code [0x0000028391e82240, 0x0000028391e82980]
Event: 37.499 Thread 0x00000283a1174250 4375       3       org.apache.maven.shared.utils.cli.StreamPumper::consumeLine (25 bytes)
Event: 37.499 Thread 0x00000283a1174250 nmethod 4375 0x000002838ab5db90 code [0x000002838ab5dd40, 0x000002838ab5e328]
Event: 37.499 Thread 0x00000283a1174250 4376       3       org.apache.maven.shared.invoker.PrintStreamHandler::consumeLine (37 bytes)
Event: 37.499 Thread 0x00000283a1174250 nmethod 4376 0x000002838ab5e410 code [0x000002838ab5e5e0, 0x000002838ab5ede8]
Event: 38.236 Thread 0x00000283a11737a0 4377       4       java.lang.AbstractStringBuilder::appendChars (130 bytes)
Event: 38.240 Thread 0x00000283a11737a0 nmethod 4377 0x0000028391e82e10 code [0x0000028391e82f80, 0x0000028391e83140]
Event: 46.562 Thread 0x00000283a11737a0 4378   !   4       java.io.BufferedReader::readLine (327 bytes)
Event: 46.660 Thread 0x00000283a11737a0 nmethod 4378 0x0000028391e83290 code [0x0000028391e83540, 0x0000028391e86680]
Event: 52.378 Thread 0x00000283a11737a0 4379       4       org.fusesource.jansi.FilterPrintStream::write (45 bytes)
Event: 52.478 Thread 0x00000283a11737a0 nmethod 4379 0x0000028391e87990 code [0x0000028391e87c20, 0x0000028391e8a8a0]
Event: 57.694 Thread 0x00000283a11737a0 4380   !   4       java.nio.charset.CharsetDecoder::decode (275 bytes)
Event: 57.728 Thread 0x00000283a11737a0 nmethod 4380 0x0000028391e8be90 code [0x0000028391e8c060, 0x0000028391e8ca60]
Event: 66.897 Thread 0x00000283a11737a0 4381       4       java.io.FileInputStream::available (5 bytes)
Event: 66.909 Thread 0x00000283a11737a0 nmethod 4381 0x0000028391e8d190 code [0x0000028391e8d300, 0x0000028391e8d390]
Event: 86.597 Thread 0x00000283a11737a0 4382       4       sun.nio.cs.StreamDecoder::implRead (243 bytes)

GC Heap History (4 events):
Event: 0.495 GC heap before
{Heap before GC invocations=0 (full 0):
 garbage-first heap   total 260096K, used 22528K [0x0000000703600000, 0x0000000800000000)
  region size 2048K, 11 young (22528K), 0 survivors (0K)
 Metaspace       used 5272K, committed 5440K, reserved 1114112K
  class space    used 563K, committed 640K, reserved 1048576K
}
Event: 0.499 GC heap after
{Heap after GC invocations=1 (full 0):
 garbage-first heap   total 260096K, used 4316K [0x0000000703600000, 0x0000000800000000)
  region size 2048K, 2 young (4096K), 2 survivors (4096K)
 Metaspace       used 5272K, committed 5440K, reserved 1114112K
  class space    used 563K, committed 640K, reserved 1048576K
}
Event: 0.942 GC heap before
{Heap before GC invocations=1 (full 0):
 garbage-first heap   total 260096K, used 35036K [0x0000000703600000, 0x0000000800000000)
  region size 2048K, 17 young (34816K), 2 survivors (4096K)
 Metaspace       used 10209K, committed 10368K, reserved 1114112K
  class space    used 1169K, committed 1216K, reserved 1048576K
}
Event: 0.946 GC heap after
{Heap after GC invocations=2 (full 0):
 garbage-first heap   total 260096K, used 6262K [0x0000000703600000, 0x0000000800000000)
  region size 2048K, 2 young (4096K), 2 survivors (4096K)
 Metaspace       used 10209K, committed 10368K, reserved 1114112K
  class space    used 1169K, committed 1216K, reserved 1048576K
}

Deoptimization events (20 events):
Event: 2.306 Thread 0x00000283fadaa090 Uncommon trap: trap_request=0xffffffcd fr.pc=0x0000028391e15f05 relative=0x0000000000000085
Event: 2.306 Thread 0x00000283fadaa090 Uncommon trap: reason=intrinsic_or_type_checked_inlining action=reinterpret pc=0x0000028391e15f05 method=java.util.Collections$UnmodifiableMap$UnmodifiableEntrySet$1.hasNext()Z @ 0 jvmci
Event: 2.306 Thread 0x00000283fadaa090 DEOPT PACKING pc=0x0000028391e15f05 sp=0x000000dfcbafd940
Event: 2.306 Thread 0x00000283fadaa090 DEOPT UNPACKING pc=0x00000283916c6bc5 sp=0x000000dfcbafcde8 mode 3
Event: 2.306 Thread 0x00000283fadaa090 Uncommon trap: trap_request=0xffffffcd fr.pc=0x0000028391e155b0 relative=0x0000000000000470
Event: 2.306 Thread 0x00000283fadaa090 Uncommon trap: reason=intrinsic_or_type_checked_inlining action=reinterpret pc=0x0000028391e155b0 method=java.util.Collections$UnmodifiableMap$UnmodifiableEntrySet$1.next()Ljava/lang/Object; @ 0 jvmci
Event: 2.306 Thread 0x00000283fadaa090 DEOPT PACKING pc=0x0000028391e155b0 sp=0x000000dfcbafd940
Event: 2.306 Thread 0x00000283fadaa090 DEOPT UNPACKING pc=0x00000283916c6bc5 sp=0x000000dfcbafcde8 mode 3
Event: 2.306 Thread 0x00000283fadaa090 Uncommon trap: trap_request=0xffffffcd fr.pc=0x0000028391e16581 relative=0x0000000000000081
Event: 2.306 Thread 0x00000283fadaa090 Uncommon trap: reason=intrinsic_or_type_checked_inlining action=reinterpret pc=0x0000028391e16581 method=java.util.Collections$UnmodifiableMap$UnmodifiableEntrySet$UnmodifiableEntry.getKey()Ljava/lang/Object; @ 0 jvmci
Event: 2.306 Thread 0x00000283fadaa090 DEOPT PACKING pc=0x0000028391e16581 sp=0x000000dfcbafd930
Event: 2.306 Thread 0x00000283fadaa090 DEOPT UNPACKING pc=0x00000283916c6bc5 sp=0x000000dfcbafcdd8 mode 3
Event: 2.306 Thread 0x00000283fadaa090 Uncommon trap: trap_request=0xffffffcd fr.pc=0x0000028391e20601 relative=0x0000000000000081
Event: 2.306 Thread 0x00000283fadaa090 Uncommon trap: reason=intrinsic_or_type_checked_inlining action=reinterpret pc=0x0000028391e20601 method=java.util.Collections$UnmodifiableMap$UnmodifiableEntrySet$UnmodifiableEntry.getValue()Ljava/lang/Object; @ 0 jvmci
Event: 2.306 Thread 0x00000283fadaa090 DEOPT PACKING pc=0x0000028391e20601 sp=0x000000dfcbafd930
Event: 2.306 Thread 0x00000283fadaa090 DEOPT UNPACKING pc=0x00000283916c6bc5 sp=0x000000dfcbafcdd8 mode 3
Event: 2.309 Thread 0x00000283fadaa090 Uncommon trap: trap_request=0xffffffed fr.pc=0x0000028391e54d3c relative=0x000000000000039c
Event: 2.309 Thread 0x00000283fadaa090 Uncommon trap: reason=null_assert_or_unreached0 action=reinterpret pc=0x0000028391e54d3c method=java.util.StringTokenizer.scanToken(I)I @ 45 jvmci
Event: 2.309 Thread 0x00000283fadaa090 DEOPT PACKING pc=0x0000028391e54d3c sp=0x000000dfcbafd970
Event: 2.309 Thread 0x00000283fadaa090 DEOPT UNPACKING pc=0x00000283916c6bc5 sp=0x000000dfcbafce18 mode 3

Classes unloaded (0 events):
No events

Classes redefined (0 events):
No events

Internal exceptions (13 events):
Event: 0.412 Thread 0x00000283fadaa090 Exception <a 'java/lang/NoSuchMethodError'{0x000000071228c3d0}: 'java.lang.Object java.lang.invoke.DirectMethodHandle$Holder.newInvokeSpecial(java.lang.Object, java.lang.Object, java.lang.Object, java.lang.Object, java.lang.Object)'> (0x000000071228c3d0) 
thrown [s\open\src\hotspot\share\interpreter\linkResolver.cpp, line 759]
Event: 0.974 Thread 0x00000283fadaa090 Exception <a 'java/lang/NoClassDefFoundError'{0x00000007130218c0}: com/google/inject/servlet/ServletModuleTargetVisitor> (0x00000007130218c0) 
thrown [s\open\src\hotspot\share\classfile\systemDictionary.cpp, line 245]
Event: 0.974 Thread 0x00000283fadaa090 Exception <a 'java/lang/NoClassDefFoundError'{0x0000000713023570}: javax/annotation/Priority> (0x0000000713023570) 
thrown [s\open\src\hotspot\share\classfile\systemDictionary.cpp, line 245]
Event: 1.030 Thread 0x00000283fadaa090 Exception <a 'java/lang/NoSuchMethodError'{0x0000000712e5ff58}: 'java.lang.Object java.lang.invoke.DirectMethodHandle$Holder.invokeStaticInit(java.lang.Object, int, int, int, int)'> (0x0000000712e5ff58) 
thrown [s\open\src\hotspot\share\interpreter\linkResolver.cpp, line 759]
Event: 1.343 Thread 0x00000283fadaa090 Implicit null exception at 0x0000028391d7f611 to 0x0000028391d7fb6e
Event: 1.343 Thread 0x00000283fadaa090 Implicit null exception at 0x0000028391d9dd91 to 0x0000028391d9e2c6
Event: 1.609 Thread 0x00000283fadaa090 Implicit null exception at 0x0000028391d81c34 to 0x0000028391d81c63
Event: 2.321 Thread 0x00000283fadaa090 Exception <a 'java/lang/NoSuchMethodError'{0x000000070c05f560}: 'void java.lang.invoke.DirectMethodHandle$Holder.invokeStatic(java.lang.Object, long)'> (0x000000070c05f560) 
thrown [s\open\src\hotspot\share\interpreter\linkResolver.cpp, line 759]
Event: 2.322 Thread 0x00000283fadaa090 Exception <a 'java/lang/NoSuchMethodError'{0x000000070c064fb0}: 'java.lang.Object java.lang.invoke.DirectMethodHandle$Holder.newInvokeSpecial(java.lang.Object, long)'> (0x000000070c064fb0) 
thrown [s\open\src\hotspot\share\interpreter\linkResolver.cpp, line 759]
Event: 2.323 Thread 0x00000283fadaa090 Exception <a 'java/lang/NoSuchMethodError'{0x000000070c069ac8}: 'java.lang.Object java.lang.invoke.DirectMethodHandle$Holder.invokeStaticInit(java.lang.Object)'> (0x000000070c069ac8) 
thrown [s\open\src\hotspot\share\interpreter\linkResolver.cpp, line 759]
Event: 2.325 Thread 0x00000283fadaa090 Exception <a 'java/lang/NoSuchMethodError'{0x000000070c073920}: 'java.lang.Object java.lang.invoke.DirectMethodHandle$Holder.invokeStaticInit(java.lang.Object, java.lang.Object, long, java.lang.Object)'> (0x000000070c073920) 
thrown [s\open\src\hotspot\share\interpreter\linkResolver.cpp, line 759]
Event: 2.326 Thread 0x00000283fadaa090 Exception <a 'java/lang/NoSuchMethodError'{0x000000070c07a100}: 'java.lang.Object java.lang.invoke.DirectMethodHandle$Holder.newInvokeSpecial(java.lang.Object, java.lang.Object, long)'> (0x000000070c07a100) 
thrown [s\open\src\hotspot\share\interpreter\linkResolver.cpp, line 759]
Event: 2.326 Thread 0x00000283fadaa090 Exception <a 'java/lang/NoSuchMethodError'{0x000000070c07e698}: 'java.lang.Object java.lang.invoke.Invokers$Holder.linkToTargetMethod(java.lang.Object, long, java.lang.Object)'> (0x000000070c07e698) 
thrown [s\open\src\hotspot\share\interpreter\linkResolver.cpp, line 759]

VM Operations (20 events):
Event: 1.912 Executing VM operation: ICBufferFull
Event: 1.912 Executing VM operation: ICBufferFull done
Event: 2.245 Executing VM operation: ICBufferFull
Event: 2.246 Executing VM operation: ICBufferFull done
Event: 2.267 Executing VM operation: HandshakeAllThreads
Event: 2.267 Executing VM operation: HandshakeAllThreads done
Event: 2.328 Executing VM operation: HandshakeAllThreads
Event: 2.328 Executing VM operation: HandshakeAllThreads done
Event: 3.341 Executing VM operation: Cleanup
Event: 3.341 Executing VM operation: Cleanup done
Event: 5.359 Executing VM operation: Cleanup
Event: 5.359 Executing VM operation: Cleanup done
Event: 6.361 Executing VM operation: Cleanup
Event: 6.361 Executing VM operation: Cleanup done
Event: 15.399 Executing VM operation: Cleanup
Event: 15.400 Executing VM operation: Cleanup done
Event: 20.422 Executing VM operation: Cleanup
Event: 20.422 Executing VM operation: Cleanup done
Event: 60.251 Executing VM operation: HandshakeAllThreads
Event: 60.251 Executing VM operation: HandshakeAllThreads done

Events (20 events):
Event: 2.327 loading class java/util/concurrent/SynchronousQueue$TransferStack
Event: 2.327 loading class java/util/concurrent/SynchronousQueue$Transferer
Event: 2.327 loading class java/util/concurrent/SynchronousQueue$Transferer done
Event: 2.327 loading class java/util/concurrent/SynchronousQueue$TransferStack done
Event: 2.327 loading class java/util/concurrent/SynchronousQueue$TransferStack$SNode
Event: 2.327 loading class java/util/concurrent/ForkJoinPool$ManagedBlocker
Event: 2.327 loading class java/util/concurrent/ForkJoinPool$ManagedBlocker done
Event: 2.327 loading class java/util/concurrent/SynchronousQueue$TransferStack$SNode done
Event: 2.327 loading class java/lang/ProcessImpl$2
Event: 2.327 loading class java/lang/ProcessImpl$2 done
Event: 2.327 loading class java/lang/Process$PipeInputStream
Event: 2.327 loading class java/lang/Process$PipeInputStream done
Event: 2.328 loading class jdk/internal/event/ProcessStartEvent
Event: 2.328 loading class jdk/internal/event/ProcessStartEvent done
Event: 2.329 loading class java/security/AccessControlException
Event: 2.329 loading class java/security/AccessControlException done
Event: 2.330 Thread 0x00000283e75ca100 Thread added: 0x00000283e75ca100
Event: 2.330 Thread 0x00000283e746b370 Thread added: 0x00000283e746b370
Event: 3.315 Thread 0x00000283a1c8f3b0 Thread exited: 0x00000283a1c8f3b0
Event: 13.509 Thread 0x00000283a127aef0 Thread exited: 0x00000283a127aef0


Dynamic libraries:
0x00007ff63c020000 - 0x00007ff63c030000 	D:\JDK\graalvm-jdk-17.0.10+11.1\bin\java.exe
0x00007ffe2df90000 - 0x00007ffe2e1a7000 	C:\WINDOWS\SYSTEM32\ntdll.dll
0x00007ffe2cae0000 - 0x00007ffe2cba4000 	C:\WINDOWS\System32\KERNEL32.DLL
0x00007ffe2b7b0000 - 0x00007ffe2bb5c000 	C:\WINDOWS\System32\KERNELBASE.dll
0x00007ffe2b2c0000 - 0x00007ffe2b3d1000 	C:\WINDOWS\System32\ucrtbase.dll
0x00007ffe23200000 - 0x00007ffe2321b000 	D:\JDK\graalvm-jdk-17.0.10+11.1\bin\VCRUNTIME140.dll
0x00007ffe23250000 - 0x00007ffe23269000 	D:\JDK\graalvm-jdk-17.0.10+11.1\bin\jli.dll
0x00007ffe2c590000 - 0x00007ffe2c642000 	C:\WINDOWS\System32\ADVAPI32.dll
0x00007ffe2ce60000 - 0x00007ffe2cf07000 	C:\WINDOWS\System32\msvcrt.dll
0x00007ffe2c670000 - 0x00007ffe2c71a000 	C:\WINDOWS\System32\sechost.dll
0x00007ffe2bca0000 - 0x00007ffe2bcc8000 	C:\WINDOWS\System32\bcrypt.dll
0x00007ffe2ddd0000 - 0x00007ffe2dee5000 	C:\WINDOWS\System32\RPCRT4.dll
0x00007ffe2cc30000 - 0x00007ffe2cdde000 	C:\WINDOWS\System32\USER32.dll
0x00007ffe2b780000 - 0x00007ffe2b7a6000 	C:\WINDOWS\System32\win32u.dll
0x00007ffe1b320000 - 0x00007ffe1b5b3000 	C:\WINDOWS\WinSxS\amd64_microsoft.windows.common-controls_6595b64144ccf1df_6.0.22621.3672_none_2713b9d173822955\COMCTL32.dll
0x00007ffe2be30000 - 0x00007ffe2be59000 	C:\WINDOWS\System32\GDI32.dll
0x00007ffe2b3e0000 - 0x00007ffe2b4f9000 	C:\WINDOWS\System32\gdi32full.dll
0x00007ffe2b6e0000 - 0x00007ffe2b77a000 	C:\WINDOWS\System32\msvcp_win.dll
0x00007ffe21e20000 - 0x00007ffe21e2a000 	C:\WINDOWS\SYSTEM32\VERSION.dll
0x00007ffe2cfc0000 - 0x00007ffe2cff1000 	C:\WINDOWS\System32\IMM32.DLL
0x00007ffe24a60000 - 0x00007ffe24a6c000 	D:\JDK\graalvm-jdk-17.0.10+11.1\bin\vcruntime140_1.dll
0x00007ffe12600000 - 0x00007ffe1268e000 	D:\JDK\graalvm-jdk-17.0.10+11.1\bin\msvcp140.dll
0x00007ffda9b20000 - 0x00007ffdaa6f5000 	D:\JDK\graalvm-jdk-17.0.10+11.1\bin\server\jvm.dll
0x00007ffe2def0000 - 0x00007ffe2def8000 	C:\WINDOWS\System32\PSAPI.DLL
0x00007ffe08e60000 - 0x00007ffe08e69000 	C:\WINDOWS\SYSTEM32\WSOCK32.dll
0x00007ffe22960000 - 0x00007ffe22994000 	C:\WINDOWS\SYSTEM32\WINMM.dll
0x00007ffe2cbb0000 - 0x00007ffe2cc21000 	C:\WINDOWS\System32\WS2_32.dll
0x00007ffe2a3a0000 - 0x00007ffe2a3b8000 	C:\WINDOWS\SYSTEM32\kernel.appcore.dll
0x00007ffe23290000 - 0x00007ffe2329a000 	D:\JDK\graalvm-jdk-17.0.10+11.1\bin\jimage.dll
0x00007ffe1b760000 - 0x00007ffe1b992000 	C:\WINDOWS\SYSTEM32\DBGHELP.DLL
0x00007ffe2c720000 - 0x00007ffe2caa8000 	C:\WINDOWS\System32\combase.dll
0x00007ffe2d000000 - 0x00007ffe2d0d7000 	C:\WINDOWS\System32\OLEAUT32.dll
0x00007ffe11e30000 - 0x00007ffe11e62000 	C:\WINDOWS\SYSTEM32\dbgcore.DLL
0x00007ffe2bb60000 - 0x00007ffe2bbdb000 	C:\WINDOWS\System32\bcryptPrimitives.dll
0x00007ffe141e0000 - 0x00007ffe14205000 	D:\JDK\graalvm-jdk-17.0.10+11.1\bin\java.dll
0x00007ffdf84e0000 - 0x00007ffdf85b7000 	D:\JDK\graalvm-jdk-17.0.10+11.1\bin\jsvml.dll
0x00007ffe2d570000 - 0x00007ffe2ddcc000 	C:\WINDOWS\System32\SHELL32.dll
0x00007ffe291c0000 - 0x00007ffe29ab7000 	C:\WINDOWS\SYSTEM32\windows.storage.dll
0x00007ffe29080000 - 0x00007ffe291bf000 	C:\WINDOWS\SYSTEM32\wintypes.dll
0x00007ffe2d470000 - 0x00007ffe2d564000 	C:\WINDOWS\System32\SHCORE.dll
0x00007ffe2c020000 - 0x00007ffe2c07e000 	C:\WINDOWS\System32\shlwapi.dll
0x00007ffe2b1f0000 - 0x00007ffe2b211000 	C:\WINDOWS\SYSTEM32\profapi.dll
0x00007ffd7adf0000 - 0x00007ffd7d84b000 	D:\JDK\graalvm-jdk-17.0.10+11.1\bin\jvmcicompiler.dll
0x00007ffe2b500000 - 0x00007ffe2b667000 	C:\WINDOWS\System32\CRYPT32.dll
0x00007ffe2a8a0000 - 0x00007ffe2a8c8000 	C:\WINDOWS\SYSTEM32\USERENV.dll
0x00007ffe2a800000 - 0x00007ffe2a869000 	C:\WINDOWS\SYSTEM32\MSWSOCK.dll
0x00007ffe2ac70000 - 0x00007ffe2ac9e000 	C:\WINDOWS\SYSTEM32\ncrypt.dll
0x00007ffe29d20000 - 0x00007ffe29d4d000 	C:\WINDOWS\SYSTEM32\IPHLPAPI.DLL
0x00007ffe2ac30000 - 0x00007ffe2ac67000 	C:\WINDOWS\SYSTEM32\NTASN1.dll
0x00007ffe13a10000 - 0x00007ffe13a29000 	D:\JDK\graalvm-jdk-17.0.10+11.1\bin\net.dll
0x00007ffe25a50000 - 0x00007ffe25b86000 	C:\WINDOWS\SYSTEM32\WINHTTP.dll
0x00007ffe139f0000 - 0x00007ffe13a06000 	D:\JDK\graalvm-jdk-17.0.10+11.1\bin\nio.dll
0x00007ffe13940000 - 0x00007ffe13958000 	D:\JDK\graalvm-jdk-17.0.10+11.1\bin\zip.dll
0x00007ffe137b0000 - 0x00007ffe137c0000 	D:\JDK\graalvm-jdk-17.0.10+11.1\bin\verify.dll
0x00007ffe1afc0000 - 0x00007ffe1afca000 	D:\apache-maven-3.6.3\lib\jansi-native\windows64\jansi.dll

dbghelp: loaded successfully - version: 4.0.5 - missing functions: none
symbol engine: initialized successfully - sym options: 0x614 - pdb path: .;D:\JDK\graalvm-jdk-17.0.10+11.1\bin;C:\WINDOWS\SYSTEM32;C:\WINDOWS\WinSxS\amd64_microsoft.windows.common-controls_6595b64144ccf1df_6.0.22621.3672_none_2713b9d173822955;D:\JDK\graalvm-jdk-17.0.10+11.1\bin\server;D:\apache-maven-3.6.3\lib\jansi-native\windows64

VM Arguments:
jvm_args: -XX:ThreadPriorityPolicy=1 -XX:+UnlockExperimentalVMOptions -XX:+EnableJVMCIProduct -XX:-UnlockExperimentalVMOptions -Dclassworlds.conf=D:\apache-maven-3.6.3\bin\..\bin\m2.conf -Dmaven.home=D:\apache-maven-3.6.3\bin\.. -Dlibrary.jansi.path=D:\apache-maven-3.6.3\bin\..\lib\jansi-native -Dmaven.multiModuleProjectDirectory=D:\VCGitHub\test 
java_command: org.codehaus.plexus.classworlds.launcher.Launcher -P win gluonfx:compile gluonfx:link
java_class_path (initial): D:\apache-maven-3.6.3\bin\..\boot\plexus-classworlds-2.6.0.jar
Launcher Type: SUN_STANDARD

[Global flags]
     intx CICompilerCount                          = 4                                         {product} {ergonomic}
     uint ConcGCThreads                            = 2                                         {product} {ergonomic}
     bool EnableJVMCIProduct                       = true                                {JVMCI product} {jimage}
     uint G1ConcRefinementThreads                  = 8                                         {product} {ergonomic}
   size_t G1HeapRegionSize                         = 2097152                                   {product} {ergonomic}
    uintx GCDrainStackTargetSize                   = 64                                        {product} {ergonomic}
   size_t InitialHeapSize                          = 266338304                                 {product} {ergonomic}
   size_t MarkStackSize                            = 4194304                                   {product} {ergonomic}
   size_t MaxHeapSize                              = 4238344192                                {product} {ergonomic}
   size_t MaxNewSize                               = 2541748224                                {product} {ergonomic}
   size_t MinHeapDeltaBytes                        = 2097152                                   {product} {ergonomic}
   size_t MinHeapSize                              = 8388608                                   {product} {ergonomic}
    uintx NonNMethodCodeHeapSize                   = 6979620                                {pd product} {ergonomic}
    uintx NonProfiledCodeHeapSize                  = 122339310                              {pd product} {ergonomic}
    uintx ProfiledCodeHeapSize                     = 122339310                              {pd product} {ergonomic}
    uintx ReservedCodeCacheSize                    = 251658240                              {pd product} {ergonomic}
     bool SegmentedCodeCache                       = true                                      {product} {ergonomic}
   size_t SoftMaxHeapSize                          = 4238344192                             {manageable} {ergonomic}
     intx ThreadPriorityPolicy                     = 1                                         {product} {jimage}
     bool UseCompressedClassPointers               = true                           {product lp64_product} {ergonomic}
     bool UseCompressedOops                        = true                           {product lp64_product} {ergonomic}
     bool UseG1GC                                  = true                                      {product} {ergonomic}
     bool UseLargePagesIndividualAllocation        = false                                  {pd product} {ergonomic}

Logging:
Log output configuration:
 #0: stdout all=warning uptime,level,tags
 #1: stderr all=off uptime,level,tags

Environment Variables:
JAVA_HOME=D:\JDK\graalvm-jdk-17.0.10+11.1
PATH=C:\Program Files\Microsoft Visual Studio\2022\Community\VC\Tools\MSVC\14.40.33807\bin\HostX64\x64;C:\Program Files\Microsoft Visual Studio\2022\Community\Common7\IDE\VC\VCPackages;C:\Program Files\Microsoft Visual Studio\2022\Community\Common7\IDE\CommonExtensions\Microsoft\TestWindow;C:\Program Files\Microsoft Visual Studio\2022\Community\Common7\IDE\CommonExtensions\Microsoft\TeamFoundation\Team Explorer;C:\Program Files\Microsoft Visual Studio\2022\Community\MSBuild\Current\bin\Roslyn;C:\Program Files (x86)\Microsoft SDKs\Windows\v10.0A\bin\NETFX 4.8 Tools\x64\;C:\Program Files\Microsoft Visual Studio\2022\Community\Common7\IDE\CommonExtensions\Microsoft\FSharp\Tools;C:\Program Files\Microsoft Visual Studio\2022\Community\Team Tools\DiagnosticsHub\Collector;C:\Program Files (x86)\Windows Kits\10\bin\10.0.22621.0\\x64;C:\Program Files (x86)\Windows Kits\10\bin\\x64;C:\Program Files\Microsoft Visual Studio\2022\Community\\MSBuild\Current\Bin\amd64;C:\Windows\Microsoft.NET\Framework64\v4.0.30319;C:\Program Files\Microsoft Visual Studio\2022\Community\Common7\IDE\;C:\Program Files\Microsoft Visual Studio\2022\Community\Common7\Tools\;C:\WINDOWS\system32;C:\WINDOWS;C:\WINDOWS\System32\Wbem;C:\WINDOWS\System32\WindowsPowerShell\v1.0\;C:\WINDOWS\System32\OpenSSH\;C:\Program Files\Git\cmd;%JAVA_HOME%\bin;D:\JDK\graalvm-jdk-17.0.10+11.1\bin;%GRAALVM_HOME%\bin;D:\apache-maven-3.6.3\bin;C:\Program Files\Microsoft Visual Studio\2022\Community\VC\Tools\MSVC\14.29.30133\bin\HostX64\x64;C:\Program Files\dotnet\;C:\Program Files (x86)\WiX Toolset v3.14\bin;C:\Users\Diego Aedo\AppData\Local\Microsoft\WindowsApps;D:\apache-maven-3.9.4\bin;D:\JDK\graalvm-jdk-17.0.10+11.1\bin;C:\Users\Diego Aedo\AppData\Local\GitHubDesktop\bin;C:\Users\Diego Aedo\AppData\Local\Programs\Microsoft VS Code\bin;C:\Users\Diego Aedo\.dotnet\tools;C:\Program Files (x86)\WiX Toolset v3.14\bin;D:\tools\win64\bin\lib\win64;;C:\Program Files\Microsoft Visual Studio\2022\Community\Common7\IDE\CommonExtensions
USERNAME=Diego Aedo
LIBPATH=C:\Program Files\Microsoft Visual Studio\2022\Community\VC\Tools\MSVC\14.40.33807\lib\x64;C:\Program Files\Microsoft Visual Studio\2022\Community\VC\Tools\MSVC\14.40.33807\lib\x86\store\references;C:\Program Files (x86)\Windows Kits\10\UnionMetadata\10.0.22621.0;C:\Program Files (x86)\Windows Kits\10\References\10.0.22621.0;C:\Windows\Microsoft.NET\Framework64\v4.0.30319
OS=Windows_NT
PROCESSOR_IDENTIFIER=Intel64 Family 6 Model 140 Stepping 1, GenuineIntel



---------------  S Y S T E M  ---------------

OS:
 Windows 11 , 64 bit Build 22621 (10.0.22621.3672)
OS uptime: 1 days 13:04 hours
Hyper-V role detected

CPU: total 8 (initial active 8) (4 cores per cpu, 2 threads per core) family 6 model 140 stepping 1 microcode 0x9a, cx8, cmov, fxsr, ht, mmx, 3dnowpref, sse, sse2, sse3, ssse3, sse4.1, sse4.2, popcnt, lzcnt, tsc, tscinvbit, avx, avx2, aes, erms, clmul, bmi1, bmi2, adx, avx512f, avx512dq, avx512cd, avx512bw, avx512vl, sha, fma, vzeroupper, avx512_vpopcntdq, avx512_vpclmulqdq, avx512_vaes, avx512_vnni, clflush, clflushopt, clwb, avx512_vbmi2, avx512_vbmi, hv

Memory: 4k page, system-wide physical 16167M (268M free)
TotalPageFile size 52025M (AvailPageFile size 4M)
current process WorkingSet (physical memory assigned to process): 208M, peak: 246M
current process commit charge ("private bytes"): 380M, peak: 417M

vm_info: Java HotSpot(TM) 64-Bit Server VM (17.0.10+11-LTS-jvmci-23.0-b27) for windows-amd64 JRE (17.0.10+11-LTS-jvmci-23.0-b27), built on Dec 20 2023 07:24:22 by "" with MS VC++ 17.1 (VS2022)

END.
