#
# A fatal error has been detected by the Java Runtime Environment:
#
#  Internal Error (jvmciRuntime.cpp:1270), pid=28872, tid=28944
#  fatal error: JNI_CreateJavaVM failed with return value -4
#
# JRE version: Java(TM) SE Runtime Environment Oracle GraalVM 17.0.10+11.1 (17.0.10+11) (build 17.0.10+11-LTS-jvmci-23.0-b27)
# Java VM: Java HotSpot(TM) 64-Bit Server VM Oracle GraalVM 17.0.10+11.1 (17.0.10+11-LTS-jvmci-23.0-b27, mixed mode, sharing, tiered, jvmci, jvmci compiler, compressed oops, compressed class ptrs, g1 gc, windows-amd64)
# No core dump will be written. Minidumps are not enabled by default on client versions of Windows
#
# If you would like to submit a bug report, please visit:
#   https://bugreport.java.com/bugreport/crash.jsp
#

---------------  S U M M A R Y ------------

Command Line: -XX:ThreadPriorityPolicy=1 -XX:+UnlockExperimentalVMOptions -XX:+EnableJVMCIProduct -XX:-UnlockExperimentalVMOptions -Dclassworlds.conf=D:\apache-maven-3.6.3\bin\..\bin\m2.conf -Dmaven.home=D:\apache-maven-3.6.3\bin\.. -Dlibrary.jansi.path=D:\apache-maven-3.6.3\bin\..\lib\jansi-native -Dmaven.multiModuleProjectDirectory=D:\VCGitHub\test org.codehaus.plexus.classworlds.launcher.Launcher -P win gluonfx:compile gluonfx:link

Host: 11th Gen Intel(R) Core(TM) i7-1165G7 @ 2.80GHz, 8 cores, 15G,  Windows 11 , 64 bit Build 22621 (10.0.22621.3672)
Time: Thu Jun 13 12:34:27 2024 Hora est. Sudamérica Pacífico elapsed time: 38.831381 seconds (0d 0h 0m 38s)

---------------  T H R E A D  ---------------

Current thread (0x000001ef0700be20):  JavaThread "JVMCI-native CompilerThread0" daemon [_thread_in_vm, id=28944, stack(0x000000d815a00000,0x000000d815b00000)]


Current CompileTask:
JVMCI-native:  38831 4353       4       java.io.BufferedInputStream::read1 (108 bytes)

Stack: [0x000000d815a00000,0x000000d815b00000]
Native frames: (J=compiled Java code, j=interpreted, Vv=VM code, C=native code)
V  [jvm.dll+0x66d22a]
V  [jvm.dll+0x7cdafe]
V  [jvm.dll+0x7cf49e]
V  [jvm.dll+0x24550b]
V  [jvm.dll+0x4b4629]
V  [jvm.dll+0x49d452]
V  [jvm.dll+0x497da2]
V  [jvm.dll+0x226cf1]
V  [jvm.dll+0x22514e]
V  [jvm.dll+0x783c2c]
V  [jvm.dll+0x77e05a]
V  [jvm.dll+0x66c105]
C  [ucrtbase.dll+0x29333]
C  [KERNEL32.DLL+0x1257d]
C  [ntdll.dll+0x5af28]


---------------  P R O C E S S  ---------------

Threads class SMR info:
_java_thread_list=0x000001ee80c7d960, length=14, elements={
0x000001ee9c799e90, 0x000001eec1e05ff0, 0x000001eec1e06bb0, 0x000001eec1e18ab0,
0x000001eec1e19580, 0x000001eec1e1df60, 0x000001ef07000080, 0x000001ef0700be20,
0x000001ef0700e2a0, 0x000001ef0700ebd0, 0x000001ef07107340, 0x000001ef0716fb20,
0x000001ee80f2bbe0, 0x000001ee80f2c0c0
}

Java Threads: ( => current thread )
  0x000001ee9c799e90 JavaThread "main" [_thread_in_native, id=28892, stack(0x000000d814d00000,0x000000d814e00000)]
  0x000001eec1e05ff0 JavaThread "Reference Handler" daemon [_thread_blocked, id=28920, stack(0x000000d815400000,0x000000d815500000)]
  0x000001eec1e06bb0 JavaThread "Finalizer" daemon [_thread_blocked, id=28924, stack(0x000000d815500000,0x000000d815600000)]
  0x000001eec1e18ab0 JavaThread "Signal Dispatcher" daemon [_thread_blocked, id=28928, stack(0x000000d815600000,0x000000d815700000)]
  0x000001eec1e19580 JavaThread "Attach Listener" daemon [_thread_blocked, id=28932, stack(0x000000d815700000,0x000000d815800000)]
  0x000001eec1e1df60 JavaThread "Service Thread" daemon [_thread_blocked, id=28936, stack(0x000000d815800000,0x000000d815900000)]
  0x000001ef07000080 JavaThread "Monitor Deflation Thread" daemon [_thread_blocked, id=28940, stack(0x000000d815900000,0x000000d815a00000)]
=>0x000001ef0700be20 JavaThread "JVMCI-native CompilerThread0" daemon [_thread_in_vm, id=28944, stack(0x000000d815a00000,0x000000d815b00000)]
  0x000001ef0700e2a0 JavaThread "C1 CompilerThread0" daemon [_thread_blocked, id=28948, stack(0x000000d815b00000,0x000000d815c00000)]
  0x000001ef0700ebd0 JavaThread "Sweeper thread" daemon [_thread_blocked, id=28952, stack(0x000000d815c00000,0x000000d815d00000)]
  0x000001ef07107340 JavaThread "Common-Cleaner" daemon [_thread_blocked, id=28956, stack(0x000000d815d00000,0x000000d815e00000)]
  0x000001ef0716fb20 JavaThread "Notification Thread" daemon [_thread_blocked, id=28968, stack(0x000000d816000000,0x000000d816100000)]
  0x000001ee80f2bbe0 JavaThread "StreamPumper-systemOut" [_thread_in_native, id=29260, stack(0x000000d816900000,0x000000d816a00000)]
  0x000001ee80f2c0c0 JavaThread "StreamPumper-systemErr" [_thread_in_native, id=29264, stack(0x000000d816a00000,0x000000d816b00000)]

Other Threads:
  0x000001eec1dfd520 VMThread "VM Thread" [stack: 0x000000d815300000,0x000000d815400000] [id=28916]
  0x000001ee9c82e4a0 WatcherThread [stack: 0x000000d816100000,0x000000d816200000] [id=28972]
  0x000001ee9c808a00 GCTaskThread "GC Thread#0" [stack: 0x000000d814e00000,0x000000d814f00000] [id=28896]
  0x000001ee80604f80 GCTaskThread "GC Thread#1" [stack: 0x000000d816200000,0x000000d816300000] [id=28980]
  0x000001ee80605240 GCTaskThread "GC Thread#2" [stack: 0x000000d816300000,0x000000d816400000] [id=28984]
  0x000001ee80605500 GCTaskThread "GC Thread#3" [stack: 0x000000d816400000,0x000000d816500000] [id=28988]
  0x000001ee80615030 GCTaskThread "GC Thread#4" [stack: 0x000000d816500000,0x000000d816600000] [id=28992]
  0x000001ee80616320 GCTaskThread "GC Thread#5" [stack: 0x000000d816600000,0x000000d816700000] [id=28996]
  0x000001ee80630480 GCTaskThread "GC Thread#6" [stack: 0x000000d816700000,0x000000d816800000] [id=29000]
  0x000001ee80630740 GCTaskThread "GC Thread#7" [stack: 0x000000d816800000,0x000000d816900000] [id=29004]
  0x000001ee9c8195e0 ConcurrentGCThread "G1 Main Marker" [stack: 0x000000d814f00000,0x000000d815000000] [id=28900]
  0x000001ee9c819ff0 ConcurrentGCThread "G1 Conc#0" [stack: 0x000000d815000000,0x000000d815100000] [id=28904]
  0x000001ee9c85deb0 ConcurrentGCThread "G1 Refine#0" [stack: 0x000000d815100000,0x000000d815200000] [id=28908]
  0x000001ee9c85e8e0 ConcurrentGCThread "G1 Service" [stack: 0x000000d815200000,0x000000d815300000] [id=28912]

Threads with active compile tasks:
JVMCI-native CompilerThread0    38862 4353       4       java.io.BufferedInputStream::read1 (108 bytes)

VM state: not at safepoint (normal execution)

VM Mutex/Monitor currently owned by a thread: None

Heap address: 0x0000000703600000, size: 4042 MB, Compressed Oops mode: Zero based, Oop shift amount: 3

CDS archive(s) mapped at: [0x000001eec2000000-0x000001eec2bd0000-0x000001eec2bd0000), size 12386304, SharedBaseAddress: 0x000001eec2000000, ArchiveRelocationMode: 1.
Compressed class space mapped at: 0x000001eec3000000-0x000001ef03000000, reserved size: 1073741824
Narrow klass base: 0x000001eec2000000, Narrow klass shift: 0, Narrow klass range: 0x100000000

GC Precious Log:
 CPUs: 8 total, 8 available
 Memory: 16167M
 Large Page Support: Disabled
 NUMA Support: Disabled
 Compressed Oops: Enabled (Zero based)
 Heap Region Size: 2M
 Heap Min Capacity: 8M
 Heap Initial Capacity: 254M
 Heap Max Capacity: 4042M
 Pre-touch: Disabled
 Parallel Workers: 8
 Concurrent Workers: 2
 Concurrent Refinement Workers: 8
 Periodic GC: Disabled

Heap:
 garbage-first heap   total 260096K, used 116697K [0x0000000703600000, 0x0000000800000000)
  region size 2048K, 57 young (116736K), 1 survivors (2048K)
 Metaspace       used 17233K, committed 17472K, reserved 1114112K
  class space    used 1737K, committed 1856K, reserved 1048576K

Heap Regions: E=young(eden), S=young(survivor), O=old, HS=humongous(starts), HC=humongous(continues), CS=collection set, F=free, OA=open archive, CA=closed archive, TAMS=top-at-mark-start (previous, next)
|   0|0x0000000703600000, 0x0000000703800000, 0x0000000703800000|100%| O|  |TAMS 0x0000000703600000, 0x0000000703600000| Untracked 
|   1|0x0000000703800000, 0x0000000703a00000, 0x0000000703a00000|100%| O|  |TAMS 0x0000000703800000, 0x0000000703800000| Untracked 
|   2|0x0000000703a00000, 0x0000000703a11e00, 0x0000000703c00000|  3%| O|  |TAMS 0x0000000703a00000, 0x0000000703a00000| Untracked 
|   3|0x0000000703c00000, 0x0000000703c00000, 0x0000000703e00000|  0%| F|  |TAMS 0x0000000703c00000, 0x0000000703c00000| Untracked 
|   4|0x0000000703e00000, 0x0000000703e00000, 0x0000000704000000|  0%| F|  |TAMS 0x0000000703e00000, 0x0000000703e00000| Untracked 
|   5|0x0000000704000000, 0x0000000704000000, 0x0000000704200000|  0%| F|  |TAMS 0x0000000704000000, 0x0000000704000000| Untracked 
|   6|0x0000000704200000, 0x0000000704200000, 0x0000000704400000|  0%| F|  |TAMS 0x0000000704200000, 0x0000000704200000| Untracked 
|   7|0x0000000704400000, 0x0000000704400000, 0x0000000704600000|  0%| F|  |TAMS 0x0000000704400000, 0x0000000704400000| Untracked 
|   8|0x0000000704600000, 0x0000000704600000, 0x0000000704800000|  0%| F|  |TAMS 0x0000000704600000, 0x0000000704600000| Untracked 
|   9|0x0000000704800000, 0x0000000704800000, 0x0000000704a00000|  0%| F|  |TAMS 0x0000000704800000, 0x0000000704800000| Untracked 
|  10|0x0000000704a00000, 0x0000000704a00000, 0x0000000704c00000|  0%| F|  |TAMS 0x0000000704a00000, 0x0000000704a00000| Untracked 
|  11|0x0000000704c00000, 0x0000000704c00000, 0x0000000704e00000|  0%| F|  |TAMS 0x0000000704c00000, 0x0000000704c00000| Untracked 
|  12|0x0000000704e00000, 0x0000000704e00000, 0x0000000705000000|  0%| F|  |TAMS 0x0000000704e00000, 0x0000000704e00000| Untracked 
|  13|0x0000000705000000, 0x0000000705000000, 0x0000000705200000|  0%| F|  |TAMS 0x0000000705000000, 0x0000000705000000| Untracked 
|  14|0x0000000705200000, 0x0000000705200000, 0x0000000705400000|  0%| F|  |TAMS 0x0000000705200000, 0x0000000705200000| Untracked 
|  15|0x0000000705400000, 0x0000000705400000, 0x0000000705600000|  0%| F|  |TAMS 0x0000000705400000, 0x0000000705400000| Untracked 
|  16|0x0000000705600000, 0x0000000705600000, 0x0000000705800000|  0%| F|  |TAMS 0x0000000705600000, 0x0000000705600000| Untracked 
|  17|0x0000000705800000, 0x0000000705800000, 0x0000000705a00000|  0%| F|  |TAMS 0x0000000705800000, 0x0000000705800000| Untracked 
|  18|0x0000000705a00000, 0x0000000705a00000, 0x0000000705c00000|  0%| F|  |TAMS 0x0000000705a00000, 0x0000000705a00000| Untracked 
|  19|0x0000000705c00000, 0x0000000705c00000, 0x0000000705e00000|  0%| F|  |TAMS 0x0000000705c00000, 0x0000000705c00000| Untracked 
|  20|0x0000000705e00000, 0x0000000705e00000, 0x0000000706000000|  0%| F|  |TAMS 0x0000000705e00000, 0x0000000705e00000| Untracked 
|  21|0x0000000706000000, 0x0000000706000000, 0x0000000706200000|  0%| F|  |TAMS 0x0000000706000000, 0x0000000706000000| Untracked 
|  22|0x0000000706200000, 0x0000000706200000, 0x0000000706400000|  0%| F|  |TAMS 0x0000000706200000, 0x0000000706200000| Untracked 
|  23|0x0000000706400000, 0x0000000706400000, 0x0000000706600000|  0%| F|  |TAMS 0x0000000706400000, 0x0000000706400000| Untracked 
|  24|0x0000000706600000, 0x0000000706600000, 0x0000000706800000|  0%| F|  |TAMS 0x0000000706600000, 0x0000000706600000| Untracked 
|  25|0x0000000706800000, 0x0000000706800000, 0x0000000706a00000|  0%| F|  |TAMS 0x0000000706800000, 0x0000000706800000| Untracked 
|  26|0x0000000706a00000, 0x0000000706a00000, 0x0000000706c00000|  0%| F|  |TAMS 0x0000000706a00000, 0x0000000706a00000| Untracked 
|  27|0x0000000706c00000, 0x0000000706c00000, 0x0000000706e00000|  0%| F|  |TAMS 0x0000000706c00000, 0x0000000706c00000| Untracked 
|  28|0x0000000706e00000, 0x0000000706e00000, 0x0000000707000000|  0%| F|  |TAMS 0x0000000706e00000, 0x0000000706e00000| Untracked 
|  29|0x0000000707000000, 0x0000000707000000, 0x0000000707200000|  0%| F|  |TAMS 0x0000000707000000, 0x0000000707000000| Untracked 
|  30|0x0000000707200000, 0x0000000707200000, 0x0000000707400000|  0%| F|  |TAMS 0x0000000707200000, 0x0000000707200000| Untracked 
|  31|0x0000000707400000, 0x0000000707400000, 0x0000000707600000|  0%| F|  |TAMS 0x0000000707400000, 0x0000000707400000| Untracked 
|  32|0x0000000707600000, 0x0000000707600000, 0x0000000707800000|  0%| F|  |TAMS 0x0000000707600000, 0x0000000707600000| Untracked 
|  33|0x0000000707800000, 0x0000000707800000, 0x0000000707a00000|  0%| F|  |TAMS 0x0000000707800000, 0x0000000707800000| Untracked 
|  34|0x0000000707a00000, 0x0000000707a00000, 0x0000000707c00000|  0%| F|  |TAMS 0x0000000707a00000, 0x0000000707a00000| Untracked 
|  35|0x0000000707c00000, 0x0000000707c00000, 0x0000000707e00000|  0%| F|  |TAMS 0x0000000707c00000, 0x0000000707c00000| Untracked 
|  36|0x0000000707e00000, 0x0000000707e00000, 0x0000000708000000|  0%| F|  |TAMS 0x0000000707e00000, 0x0000000707e00000| Untracked 
|  37|0x0000000708000000, 0x0000000708000000, 0x0000000708200000|  0%| F|  |TAMS 0x0000000708000000, 0x0000000708000000| Untracked 
|  38|0x0000000708200000, 0x0000000708200000, 0x0000000708400000|  0%| F|  |TAMS 0x0000000708200000, 0x0000000708200000| Untracked 
|  39|0x0000000708400000, 0x0000000708400000, 0x0000000708600000|  0%| F|  |TAMS 0x0000000708400000, 0x0000000708400000| Untracked 
|  40|0x0000000708600000, 0x0000000708600000, 0x0000000708800000|  0%| F|  |TAMS 0x0000000708600000, 0x0000000708600000| Untracked 
|  41|0x0000000708800000, 0x0000000708800000, 0x0000000708a00000|  0%| F|  |TAMS 0x0000000708800000, 0x0000000708800000| Untracked 
|  42|0x0000000708a00000, 0x0000000708a00000, 0x0000000708c00000|  0%| F|  |TAMS 0x0000000708a00000, 0x0000000708a00000| Untracked 
|  43|0x0000000708c00000, 0x0000000708c00000, 0x0000000708e00000|  0%| F|  |TAMS 0x0000000708c00000, 0x0000000708c00000| Untracked 
|  44|0x0000000708e00000, 0x0000000708e00000, 0x0000000709000000|  0%| F|  |TAMS 0x0000000708e00000, 0x0000000708e00000| Untracked 
|  45|0x0000000709000000, 0x0000000709000000, 0x0000000709200000|  0%| F|  |TAMS 0x0000000709000000, 0x0000000709000000| Untracked 
|  46|0x0000000709200000, 0x0000000709200000, 0x0000000709400000|  0%| F|  |TAMS 0x0000000709200000, 0x0000000709200000| Untracked 
|  47|0x0000000709400000, 0x0000000709400000, 0x0000000709600000|  0%| F|  |TAMS 0x0000000709400000, 0x0000000709400000| Untracked 
|  48|0x0000000709600000, 0x0000000709600000, 0x0000000709800000|  0%| F|  |TAMS 0x0000000709600000, 0x0000000709600000| Untracked 
|  49|0x0000000709800000, 0x0000000709800000, 0x0000000709a00000|  0%| F|  |TAMS 0x0000000709800000, 0x0000000709800000| Untracked 
|  50|0x0000000709a00000, 0x0000000709a00000, 0x0000000709c00000|  0%| F|  |TAMS 0x0000000709a00000, 0x0000000709a00000| Untracked 
|  51|0x0000000709c00000, 0x0000000709c00000, 0x0000000709e00000|  0%| F|  |TAMS 0x0000000709c00000, 0x0000000709c00000| Untracked 
|  52|0x0000000709e00000, 0x0000000709e00000, 0x000000070a000000|  0%| F|  |TAMS 0x0000000709e00000, 0x0000000709e00000| Untracked 
|  53|0x000000070a000000, 0x000000070a000000, 0x000000070a200000|  0%| F|  |TAMS 0x000000070a000000, 0x000000070a000000| Untracked 
|  54|0x000000070a200000, 0x000000070a200000, 0x000000070a400000|  0%| F|  |TAMS 0x000000070a200000, 0x000000070a200000| Untracked 
|  55|0x000000070a400000, 0x000000070a400000, 0x000000070a600000|  0%| F|  |TAMS 0x000000070a400000, 0x000000070a400000| Untracked 
|  56|0x000000070a600000, 0x000000070a600000, 0x000000070a800000|  0%| F|  |TAMS 0x000000070a600000, 0x000000070a600000| Untracked 
|  57|0x000000070a800000, 0x000000070a800000, 0x000000070aa00000|  0%| F|  |TAMS 0x000000070a800000, 0x000000070a800000| Untracked 
|  58|0x000000070aa00000, 0x000000070aa00000, 0x000000070ac00000|  0%| F|  |TAMS 0x000000070aa00000, 0x000000070aa00000| Untracked 
|  59|0x000000070ac00000, 0x000000070ac00000, 0x000000070ae00000|  0%| F|  |TAMS 0x000000070ac00000, 0x000000070ac00000| Untracked 
|  60|0x000000070ae00000, 0x000000070ae00000, 0x000000070b000000|  0%| F|  |TAMS 0x000000070ae00000, 0x000000070ae00000| Untracked 
|  61|0x000000070b000000, 0x000000070b000000, 0x000000070b200000|  0%| F|  |TAMS 0x000000070b000000, 0x000000070b000000| Untracked 
|  62|0x000000070b200000, 0x000000070b200000, 0x000000070b400000|  0%| F|  |TAMS 0x000000070b200000, 0x000000070b200000| Untracked 
|  63|0x000000070b400000, 0x000000070b400000, 0x000000070b600000|  0%| F|  |TAMS 0x000000070b400000, 0x000000070b400000| Untracked 
|  64|0x000000070b600000, 0x000000070b600000, 0x000000070b800000|  0%| F|  |TAMS 0x000000070b600000, 0x000000070b600000| Untracked 
|  65|0x000000070b800000, 0x000000070b800000, 0x000000070ba00000|  0%| F|  |TAMS 0x000000070b800000, 0x000000070b800000| Untracked 
|  66|0x000000070ba00000, 0x000000070ba00000, 0x000000070bc00000|  0%| F|  |TAMS 0x000000070ba00000, 0x000000070ba00000| Untracked 
|  67|0x000000070bc00000, 0x000000070bc00000, 0x000000070be00000|  0%| F|  |TAMS 0x000000070bc00000, 0x000000070bc00000| Untracked 
|  68|0x000000070be00000, 0x000000070be00000, 0x000000070c000000|  0%| F|  |TAMS 0x000000070be00000, 0x000000070be00000| Untracked 
|  69|0x000000070c000000, 0x000000070c000000, 0x000000070c200000|  0%| F|  |TAMS 0x000000070c000000, 0x000000070c000000| Untracked 
|  70|0x000000070c200000, 0x000000070c400000, 0x000000070c400000|100%| E|  |TAMS 0x000000070c200000, 0x000000070c200000| Complete 
|  71|0x000000070c400000, 0x000000070c600000, 0x000000070c600000|100%| E|CS|TAMS 0x000000070c400000, 0x000000070c400000| Complete 
|  72|0x000000070c600000, 0x000000070c800000, 0x000000070c800000|100%| E|CS|TAMS 0x000000070c600000, 0x000000070c600000| Complete 
|  73|0x000000070c800000, 0x000000070ca00000, 0x000000070ca00000|100%| E|  |TAMS 0x000000070c800000, 0x000000070c800000| Complete 
|  74|0x000000070ca00000, 0x000000070cc00000, 0x000000070cc00000|100%| E|CS|TAMS 0x000000070ca00000, 0x000000070ca00000| Complete 
|  75|0x000000070cc00000, 0x000000070ce00000, 0x000000070ce00000|100%| E|CS|TAMS 0x000000070cc00000, 0x000000070cc00000| Complete 
|  76|0x000000070ce00000, 0x000000070d000000, 0x000000070d000000|100%| E|CS|TAMS 0x000000070ce00000, 0x000000070ce00000| Complete 
|  77|0x000000070d000000, 0x000000070d200000, 0x000000070d200000|100%| E|CS|TAMS 0x000000070d000000, 0x000000070d000000| Complete 
|  78|0x000000070d200000, 0x000000070d400000, 0x000000070d400000|100%| E|CS|TAMS 0x000000070d200000, 0x000000070d200000| Complete 
|  79|0x000000070d400000, 0x000000070d600000, 0x000000070d600000|100%| E|CS|TAMS 0x000000070d400000, 0x000000070d400000| Complete 
|  80|0x000000070d600000, 0x000000070d800000, 0x000000070d800000|100%| E|CS|TAMS 0x000000070d600000, 0x000000070d600000| Complete 
|  81|0x000000070d800000, 0x000000070da00000, 0x000000070da00000|100%| E|CS|TAMS 0x000000070d800000, 0x000000070d800000| Complete 
|  82|0x000000070da00000, 0x000000070dc00000, 0x000000070dc00000|100%| E|CS|TAMS 0x000000070da00000, 0x000000070da00000| Complete 
|  83|0x000000070dc00000, 0x000000070de00000, 0x000000070de00000|100%| E|CS|TAMS 0x000000070dc00000, 0x000000070dc00000| Complete 
|  84|0x000000070de00000, 0x000000070e000000, 0x000000070e000000|100%| E|CS|TAMS 0x000000070de00000, 0x000000070de00000| Complete 
|  85|0x000000070e000000, 0x000000070e200000, 0x000000070e200000|100%| E|CS|TAMS 0x000000070e000000, 0x000000070e000000| Complete 
|  86|0x000000070e200000, 0x000000070e400000, 0x000000070e400000|100%| E|CS|TAMS 0x000000070e200000, 0x000000070e200000| Complete 
|  87|0x000000070e400000, 0x000000070e600000, 0x000000070e600000|100%| E|CS|TAMS 0x000000070e400000, 0x000000070e400000| Complete 
|  88|0x000000070e600000, 0x000000070e800000, 0x000000070e800000|100%| E|CS|TAMS 0x000000070e600000, 0x000000070e600000| Complete 
|  89|0x000000070e800000, 0x000000070ea00000, 0x000000070ea00000|100%| E|CS|TAMS 0x000000070e800000, 0x000000070e800000| Complete 
|  90|0x000000070ea00000, 0x000000070ec00000, 0x000000070ec00000|100%| E|CS|TAMS 0x000000070ea00000, 0x000000070ea00000| Complete 
|  91|0x000000070ec00000, 0x000000070ee00000, 0x000000070ee00000|100%| E|CS|TAMS 0x000000070ec00000, 0x000000070ec00000| Complete 
|  92|0x000000070ee00000, 0x000000070f000000, 0x000000070f000000|100%| E|CS|TAMS 0x000000070ee00000, 0x000000070ee00000| Complete 
|  93|0x000000070f000000, 0x000000070f200000, 0x000000070f200000|100%| E|CS|TAMS 0x000000070f000000, 0x000000070f000000| Complete 
|  94|0x000000070f200000, 0x000000070f400000, 0x000000070f400000|100%| E|CS|TAMS 0x000000070f200000, 0x000000070f200000| Complete 
|  95|0x000000070f400000, 0x000000070f600000, 0x000000070f600000|100%| E|CS|TAMS 0x000000070f400000, 0x000000070f400000| Complete 
|  96|0x000000070f600000, 0x000000070f800000, 0x000000070f800000|100%| E|CS|TAMS 0x000000070f600000, 0x000000070f600000| Complete 
|  97|0x000000070f800000, 0x000000070fa00000, 0x000000070fa00000|100%| E|CS|TAMS 0x000000070f800000, 0x000000070f800000| Complete 
|  98|0x000000070fa00000, 0x000000070fc00000, 0x000000070fc00000|100%| E|CS|TAMS 0x000000070fa00000, 0x000000070fa00000| Complete 
|  99|0x000000070fc00000, 0x000000070fe00000, 0x000000070fe00000|100%| E|CS|TAMS 0x000000070fc00000, 0x000000070fc00000| Complete 
| 100|0x000000070fe00000, 0x0000000710000000, 0x0000000710000000|100%| E|CS|TAMS 0x000000070fe00000, 0x000000070fe00000| Complete 
| 101|0x0000000710000000, 0x0000000710200000, 0x0000000710200000|100%| E|CS|TAMS 0x0000000710000000, 0x0000000710000000| Complete 
| 102|0x0000000710200000, 0x0000000710400000, 0x0000000710400000|100%| E|CS|TAMS 0x0000000710200000, 0x0000000710200000| Complete 
| 103|0x0000000710400000, 0x0000000710600000, 0x0000000710600000|100%| E|CS|TAMS 0x0000000710400000, 0x0000000710400000| Complete 
| 104|0x0000000710600000, 0x0000000710800000, 0x0000000710800000|100%| E|CS|TAMS 0x0000000710600000, 0x0000000710600000| Complete 
| 105|0x0000000710800000, 0x0000000710a00000, 0x0000000710a00000|100%| E|CS|TAMS 0x0000000710800000, 0x0000000710800000| Complete 
| 106|0x0000000710a00000, 0x0000000710c00000, 0x0000000710c00000|100%| E|CS|TAMS 0x0000000710a00000, 0x0000000710a00000| Complete 
| 107|0x0000000710c00000, 0x0000000710e00000, 0x0000000710e00000|100%| E|CS|TAMS 0x0000000710c00000, 0x0000000710c00000| Complete 
| 108|0x0000000710e00000, 0x0000000711000000, 0x0000000711000000|100%| E|CS|TAMS 0x0000000710e00000, 0x0000000710e00000| Complete 
| 109|0x0000000711000000, 0x0000000711200000, 0x0000000711200000|100%| E|CS|TAMS 0x0000000711000000, 0x0000000711000000| Complete 
| 110|0x0000000711200000, 0x00000007113e46b0, 0x0000000711400000| 94%| S|CS|TAMS 0x0000000711200000, 0x0000000711200000| Complete 
| 111|0x0000000711400000, 0x0000000711600000, 0x0000000711600000|100%| E|CS|TAMS 0x0000000711400000, 0x0000000711400000| Complete 
| 112|0x0000000711600000, 0x0000000711800000, 0x0000000711800000|100%| E|CS|TAMS 0x0000000711600000, 0x0000000711600000| Complete 
| 113|0x0000000711800000, 0x0000000711a00000, 0x0000000711a00000|100%| E|CS|TAMS 0x0000000711800000, 0x0000000711800000| Complete 
| 114|0x0000000711a00000, 0x0000000711c00000, 0x0000000711c00000|100%| E|CS|TAMS 0x0000000711a00000, 0x0000000711a00000| Complete 
| 115|0x0000000711c00000, 0x0000000711e00000, 0x0000000711e00000|100%| E|CS|TAMS 0x0000000711c00000, 0x0000000711c00000| Complete 
| 116|0x0000000711e00000, 0x0000000712000000, 0x0000000712000000|100%| E|CS|TAMS 0x0000000711e00000, 0x0000000711e00000| Complete 
| 117|0x0000000712000000, 0x0000000712200000, 0x0000000712200000|100%| E|CS|TAMS 0x0000000712000000, 0x0000000712000000| Complete 
| 118|0x0000000712200000, 0x0000000712400000, 0x0000000712400000|100%| E|CS|TAMS 0x0000000712200000, 0x0000000712200000| Complete 
| 119|0x0000000712400000, 0x0000000712600000, 0x0000000712600000|100%| E|CS|TAMS 0x0000000712400000, 0x0000000712400000| Complete 
| 120|0x0000000712600000, 0x0000000712800000, 0x0000000712800000|100%| E|CS|TAMS 0x0000000712600000, 0x0000000712600000| Complete 
| 121|0x0000000712800000, 0x0000000712a00000, 0x0000000712a00000|100%| E|CS|TAMS 0x0000000712800000, 0x0000000712800000| Complete 
| 122|0x0000000712a00000, 0x0000000712c00000, 0x0000000712c00000|100%| E|CS|TAMS 0x0000000712a00000, 0x0000000712a00000| Complete 
| 123|0x0000000712c00000, 0x0000000712e00000, 0x0000000712e00000|100%| E|CS|TAMS 0x0000000712c00000, 0x0000000712c00000| Complete 
| 124|0x0000000712e00000, 0x0000000713000000, 0x0000000713000000|100%| E|CS|TAMS 0x0000000712e00000, 0x0000000712e00000| Complete 
| 125|0x0000000713000000, 0x0000000713200000, 0x0000000713200000|100%| E|CS|TAMS 0x0000000713000000, 0x0000000713000000| Complete 
| 126|0x0000000713200000, 0x0000000713400000, 0x0000000713400000|100%| E|CS|TAMS 0x0000000713200000, 0x0000000713200000| Complete 

Card table byte_map: [0x000001eeb6550000,0x000001eeb6d40000] _byte_map_base: 0x000001eeb2d35000

Marking Bits (Prev, Next): (CMBitMap*) 0x000001ee9c809020, (CMBitMap*) 0x000001ee9c809060
 Prev Bits: [0x000001eeb7530000, 0x000001eebb458000)
 Next Bits: [0x000001eebb460000, 0x000001eebf388000)

Polling page: 0x000001ee9a770000

Metaspace:

Usage:
  Non-class:     15.13 MB used.
      Class:      1.70 MB used.
       Both:     16.83 MB used.

Virtual space:
  Non-class space:       64.00 MB reserved,      15.25 MB ( 24%) committed,  1 nodes.
      Class space:        1.00 GB reserved,       1.81 MB ( <1%) committed,  1 nodes.
             Both:        1.06 GB reserved,      17.06 MB (  2%) committed. 

Chunk freelists:
   Non-Class:  400.00 KB
       Class:  14.23 MB
        Both:  14.62 MB

MaxMetaspaceSize: unlimited
CompressedClassSpaceSize: 1.00 GB
Initial GC threshold: 21.00 MB
Current GC threshold: 21.00 MB
CDS: on
MetaspaceReclaimPolicy: balanced
 - commit_granule_bytes: 65536.
 - commit_granule_words: 8192.
 - virtual_space_node_default_size: 8388608.
 - enlarge_chunks_in_place: 1.
 - new_chunks_are_fully_committed: 0.
 - uncommit_free_chunks: 1.
 - use_allocation_guard: 0.
 - handle_deallocations: 1.


Internal statistics:

num_allocs_failed_limit: 0.
num_arena_births: 86.
num_arena_deaths: 0.
num_vsnodes_births: 2.
num_vsnodes_deaths: 0.
num_space_committed: 273.
num_space_uncommitted: 0.
num_chunks_returned_to_freelist: 0.
num_chunks_taken_from_freelist: 644.
num_chunk_merges: 0.
num_chunk_splits: 483.
num_chunks_enlarged: 383.
num_inconsistent_stats: 0.

CodeHeap 'non-profiled nmethods': size=119488Kb used=1524Kb max_used=1524Kb free=117963Kb
 bounds [0x000001eeae580000, 0x000001eeae7f0000, 0x000001eeb5a30000]
CodeHeap 'profiled nmethods': size=119424Kb used=10205Kb max_used=10205Kb free=109218Kb
 bounds [0x000001eea6a30000, 0x000001eea7430000, 0x000001eeaded0000]
CodeHeap 'non-nmethods': size=6848Kb used=1210Kb max_used=2365Kb free=5637Kb
 bounds [0x000001eeaded0000, 0x000001eeae140000, 0x000001eeae580000]
 total_blobs=4844 nmethods=4355 adapters=394
 compilation: enabled
              stopped_count=0, restarted_count=0
 full_count=0

JVMCI Events (20 events):
Event: 23.499 Thread 0x000001ef0700be20 shutting down HotSpotJVMCIRuntime for JVMCI runtime 0
Event: 23.499 Thread 0x000001ef0700be20 shut down JVMCI runtime 0
Event: 23.501 Thread 0x000001ef0700be20 destroyed JavaVM[5]@0x000001ef07f33940 for JVMCI runtime 0
Event: 23.501 Thread 0x000001ef0700be20 releasing handles for JVMCI runtime 0: oop handles=55, metadata handles={total=88, live=77, blocks=18}
Event: 23.501 Thread 0x000001ef0700be20 detached from JVMCI runtime 0
Event: 23.758 Thread 0x000001ef0700be20 attached to JVMCI runtime 0
Event: 23.760 Thread 0x000001ef0700be20 created JavaVM[6]@0x000001ef07f33940 for JVMCI runtime 0
Event: 23.760 Thread 0x000001ef0700be20 initializing JVMCI runtime 0
Event: 23.760 Thread 0x000001ef0700be20 done waiting for JavaVM references initialization in JVMCI runtime 0
Event: 23.760 Thread 0x000001ef0700be20 initialized JVMCI runtime 0
Event: 23.854 Thread 0x000001ef0700be20 compacted oop handles in JVMCI runtime 0 from 105 to 101
Event: 29.057 Thread 0x000001ef0700be20 compacted oop handles in JVMCI runtime 0 from 110 to 106
Event: 30.067 Thread 0x000001ef0700be20 detaching from JVMCI runtime 0: releasing idle compiler thread (0 other threads still attached)
Event: 30.067 Thread 0x000001ef0700be20 shutting down HotSpotJVMCIRuntime for JVMCI runtime 0
Event: 30.067 Thread 0x000001ef0700be20 compacted oop handles in JVMCI runtime 0 from 106 to 61
Event: 30.067 Thread 0x000001ef0700be20 shut down JVMCI runtime 0
Event: 30.070 Thread 0x000001ef0700be20 destroyed JavaVM[6]@0x000001ef07f33940 for JVMCI runtime 0
Event: 30.070 Thread 0x000001ef0700be20 releasing handles for JVMCI runtime 0: oop handles=61, metadata handles={total=224, live=214, blocks=18}
Event: 30.070 Thread 0x000001ef0700be20 detached from JVMCI runtime 0
Event: 38.830 Thread 0x000001ef0700be20 attached to JVMCI runtime 0

Compilation events (20 events):
Event: 7.814 Thread 0x000001ef0700e2a0 nmethod 4343 0x000001eea7422310 code [0x000001eea7422580, 0x000001eea7423378]
Event: 9.975 Thread 0x000001ef0700e2a0 4344       3       org.fusesource.jansi.FilterPrintStream::write (45 bytes)
Event: 9.975 Thread 0x000001ef0700e2a0 nmethod 4344 0x000001eea7423710 code [0x000001eea74238e0, 0x000001eea7423f58]
Event: 19.062 Thread 0x000001ef0700be20 4345       4       java.nio.ByteBuffer::flip (7 bytes)
Event: 19.075 Thread 0x000001ef0700be20 nmethod 4345 0x000001eeae6f2e90 code [0x000001eeae6f3000, 0x000001eeae6f3078]
Event: 19.436 Thread 0x000001ef0700be20 4346   !   4       java.io.PrintStream::write (83 bytes)
Event: 19.497 Thread 0x000001ef0700be20 nmethod 4346 0x000001eeae6f3190 code [0x000001eeae6f3400, 0x000001eeae6f5ce0]
Event: 21.519 Thread 0x000001ef0700e2a0 4347       3       org.fusesource.jansi.FilterPrintStream::write (24 bytes)
Event: 21.519 Thread 0x000001ef0700e2a0 nmethod 4347 0x000001eea7424110 code [0x000001eea74242e0, 0x000001eea74246f8]
Event: 22.472 Thread 0x000001ef0700be20 4348  s    4       org.fusesource.jansi.AnsiPrintStream::filter (948 bytes)
Event: 22.485 Thread 0x000001ef0700be20 nmethod 4348 0x000001eeae6f7110 code [0x000001eeae6f7280, 0x000001eeae6f74e0]
Event: 23.758 Thread 0x000001ef0700be20 4349       4       java.lang.String::valueOf (39 bytes)
Event: 23.777 Thread 0x000001ef0700be20 nmethod 4349 0x000001eeae6f7690 code [0x000001eeae6f7820, 0x000001eeae6f7ad0]
Event: 23.802 Thread 0x000001ef0700be20 4350       4       java.io.PrintStream::print (9 bytes)
Event: 23.854 Thread 0x000001ef0700be20 nmethod 4350 0x000001eeae6f7c10 code [0x000001eeae6f7e80, 0x000001eeae6fa640]
Event: 23.886 Thread 0x000001ef0700e2a0 4351       1       org.apache.maven.shared.utils.cli.AbstractStreamHandler::isDisabled (5 bytes)
Event: 23.887 Thread 0x000001ef0700e2a0 nmethod 4351 0x000001eeae6fba90 code [0x000001eeae6fbc20, 0x000001eeae6fbcf8]
Event: 29.027 Thread 0x000001ef0700be20 4352   !   4       java.nio.charset.CharsetDecoder::decode (275 bytes)
Event: 29.057 Thread 0x000001ef0700be20 nmethod 4352 0x000001eeae6fbd90 code [0x000001eeae6fbf60, 0x000001eeae6fca00]
Event: 38.830 Thread 0x000001ef0700be20 4353       4       java.io.BufferedInputStream::read1 (108 bytes)

GC Heap History (4 events):
Event: 0.406 GC heap before
{Heap before GC invocations=0 (full 0):
 garbage-first heap   total 260096K, used 22528K [0x0000000703600000, 0x0000000800000000)
  region size 2048K, 11 young (22528K), 0 survivors (0K)
 Metaspace       used 5275K, committed 5440K, reserved 1114112K
  class space    used 563K, committed 640K, reserved 1048576K
}
Event: 0.410 GC heap after
{Heap after GC invocations=1 (full 0):
 garbage-first heap   total 260096K, used 4320K [0x0000000703600000, 0x0000000800000000)
  region size 2048K, 2 young (4096K), 2 survivors (4096K)
 Metaspace       used 5275K, committed 5440K, reserved 1114112K
  class space    used 563K, committed 640K, reserved 1048576K
}
Event: 0.929 GC heap before
{Heap before GC invocations=1 (full 0):
 garbage-first heap   total 260096K, used 32992K [0x0000000703600000, 0x0000000800000000)
  region size 2048K, 16 young (32768K), 2 survivors (4096K)
 Metaspace       used 9881K, committed 10048K, reserved 1114112K
  class space    used 1139K, committed 1216K, reserved 1048576K
}
Event: 0.933 GC heap after
{Heap after GC invocations=2 (full 0):
 garbage-first heap   total 260096K, used 6105K [0x0000000703600000, 0x0000000800000000)
  region size 2048K, 1 young (2048K), 1 survivors (2048K)
 Metaspace       used 9881K, committed 10048K, reserved 1114112K
  class space    used 1139K, committed 1216K, reserved 1048576K
}

Deoptimization events (20 events):
Event: 3.204 Thread 0x000001ee9c799e90 Uncommon trap: trap_request=0xffffffcd fr.pc=0x000001eeae66e285 relative=0x0000000000000085
Event: 3.204 Thread 0x000001ee9c799e90 Uncommon trap: reason=intrinsic_or_type_checked_inlining action=reinterpret pc=0x000001eeae66e285 method=java.util.Collections$UnmodifiableMap$UnmodifiableEntrySet$1.hasNext()Z @ 0 jvmci
Event: 3.204 Thread 0x000001ee9c799e90 DEOPT PACKING pc=0x000001eeae66e285 sp=0x000000d814dfdb40
Event: 3.204 Thread 0x000001ee9c799e90 DEOPT UNPACKING pc=0x000001eeadf26bc5 sp=0x000000d814dfcfe8 mode 3
Event: 3.204 Thread 0x000001ee9c799e90 Uncommon trap: trap_request=0xffffffcd fr.pc=0x000001eeae66dc30 relative=0x0000000000000470
Event: 3.204 Thread 0x000001ee9c799e90 Uncommon trap: reason=intrinsic_or_type_checked_inlining action=reinterpret pc=0x000001eeae66dc30 method=java.util.Collections$UnmodifiableMap$UnmodifiableEntrySet$1.next()Ljava/lang/Object; @ 0 jvmci
Event: 3.204 Thread 0x000001ee9c799e90 DEOPT PACKING pc=0x000001eeae66dc30 sp=0x000000d814dfdb40
Event: 3.204 Thread 0x000001ee9c799e90 DEOPT UNPACKING pc=0x000001eeadf26bc5 sp=0x000000d814dfcfe8 mode 3
Event: 3.204 Thread 0x000001ee9c799e90 Uncommon trap: trap_request=0xffffffcd fr.pc=0x000001eeae67f681 relative=0x0000000000000081
Event: 3.204 Thread 0x000001ee9c799e90 Uncommon trap: reason=intrinsic_or_type_checked_inlining action=reinterpret pc=0x000001eeae67f681 method=java.util.Collections$UnmodifiableMap$UnmodifiableEntrySet$UnmodifiableEntry.getKey()Ljava/lang/Object; @ 0 jvmci
Event: 3.204 Thread 0x000001ee9c799e90 DEOPT PACKING pc=0x000001eeae67f681 sp=0x000000d814dfdb30
Event: 3.204 Thread 0x000001ee9c799e90 DEOPT UNPACKING pc=0x000001eeadf26bc5 sp=0x000000d814dfcfd8 mode 3
Event: 3.204 Thread 0x000001ee9c799e90 Uncommon trap: trap_request=0xffffffcd fr.pc=0x000001eeae66e601 relative=0x0000000000000081
Event: 3.204 Thread 0x000001ee9c799e90 Uncommon trap: reason=intrinsic_or_type_checked_inlining action=reinterpret pc=0x000001eeae66e601 method=java.util.Collections$UnmodifiableMap$UnmodifiableEntrySet$UnmodifiableEntry.getValue()Ljava/lang/Object; @ 0 jvmci
Event: 3.204 Thread 0x000001ee9c799e90 DEOPT PACKING pc=0x000001eeae66e601 sp=0x000000d814dfdb30
Event: 3.204 Thread 0x000001ee9c799e90 DEOPT UNPACKING pc=0x000001eeadf26bc5 sp=0x000000d814dfcfd8 mode 3
Event: 3.209 Thread 0x000001ee9c799e90 Uncommon trap: trap_request=0xffffffed fr.pc=0x000001eeae6c0abc relative=0x000000000000039c
Event: 3.209 Thread 0x000001ee9c799e90 Uncommon trap: reason=null_assert_or_unreached0 action=reinterpret pc=0x000001eeae6c0abc method=java.util.StringTokenizer.scanToken(I)I @ 45 jvmci
Event: 3.209 Thread 0x000001ee9c799e90 DEOPT PACKING pc=0x000001eeae6c0abc sp=0x000000d814dfdb70
Event: 3.209 Thread 0x000001ee9c799e90 DEOPT UNPACKING pc=0x000001eeadf26bc5 sp=0x000000d814dfd018 mode 3

Classes unloaded (0 events):
No events

Classes redefined (0 events):
No events

Internal exceptions (12 events):
Event: 0.350 Thread 0x000001ee9c799e90 Exception <a 'java/lang/NoSuchMethodError'{0x00000007122cfb68}: 'java.lang.Object java.lang.invoke.DirectMethodHandle$Holder.newInvokeSpecial(java.lang.Object, java.lang.Object, java.lang.Object, java.lang.Object, java.lang.Object)'> (0x00000007122cfb68) 
thrown [s\open\src\hotspot\share\interpreter\linkResolver.cpp, line 759]
Event: 1.024 Thread 0x000001ee9c799e90 Exception <a 'java/lang/NoClassDefFoundError'{0x0000000712e1f6b0}: com/google/inject/servlet/ServletModuleTargetVisitor> (0x0000000712e1f6b0) 
thrown [s\open\src\hotspot\share\classfile\systemDictionary.cpp, line 245]
Event: 1.024 Thread 0x000001ee9c799e90 Exception <a 'java/lang/NoClassDefFoundError'{0x0000000712e21360}: javax/annotation/Priority> (0x0000000712e21360) 
thrown [s\open\src\hotspot\share\classfile\systemDictionary.cpp, line 245]
Event: 1.090 Thread 0x000001ee9c799e90 Exception <a 'java/lang/NoSuchMethodError'{0x0000000712f675b0}: 'java.lang.Object java.lang.invoke.DirectMethodHandle$Holder.invokeStaticInit(java.lang.Object, int, int, int, int)'> (0x0000000712f675b0) 
thrown [s\open\src\hotspot\share\interpreter\linkResolver.cpp, line 759]
Event: 1.361 Thread 0x000001ee9c799e90 Implicit null exception at 0x000001eeae5e5711 to 0x000001eeae5e5c6e
Event: 1.361 Thread 0x000001ee9c799e90 Implicit null exception at 0x000001eeae5fde11 to 0x000001eeae5fe346
Event: 3.232 Thread 0x000001ee9c799e90 Exception <a 'java/lang/NoSuchMethodError'{0x000000070c56eac8}: 'void java.lang.invoke.DirectMethodHandle$Holder.invokeStatic(java.lang.Object, long)'> (0x000000070c56eac8) 
thrown [s\open\src\hotspot\share\interpreter\linkResolver.cpp, line 759]
Event: 3.241 Thread 0x000001ee9c799e90 Exception <a 'java/lang/NoSuchMethodError'{0x000000070c574518}: 'java.lang.Object java.lang.invoke.DirectMethodHandle$Holder.newInvokeSpecial(java.lang.Object, long)'> (0x000000070c574518) 
thrown [s\open\src\hotspot\share\interpreter\linkResolver.cpp, line 759]
Event: 3.249 Thread 0x000001ee9c799e90 Exception <a 'java/lang/NoSuchMethodError'{0x000000070c579030}: 'java.lang.Object java.lang.invoke.DirectMethodHandle$Holder.invokeStaticInit(java.lang.Object)'> (0x000000070c579030) 
thrown [s\open\src\hotspot\share\interpreter\linkResolver.cpp, line 759]
Event: 3.254 Thread 0x000001ee9c799e90 Exception <a 'java/lang/NoSuchMethodError'{0x000000070c582e88}: 'java.lang.Object java.lang.invoke.DirectMethodHandle$Holder.invokeStaticInit(java.lang.Object, java.lang.Object, long, java.lang.Object)'> (0x000000070c582e88) 
thrown [s\open\src\hotspot\share\interpreter\linkResolver.cpp, line 759]
Event: 3.257 Thread 0x000001ee9c799e90 Exception <a 'java/lang/NoSuchMethodError'{0x000000070c589668}: 'java.lang.Object java.lang.invoke.DirectMethodHandle$Holder.newInvokeSpecial(java.lang.Object, java.lang.Object, long)'> (0x000000070c589668) 
thrown [s\open\src\hotspot\share\interpreter\linkResolver.cpp, line 759]
Event: 3.257 Thread 0x000001ee9c799e90 Exception <a 'java/lang/NoSuchMethodError'{0x000000070c58dc00}: 'java.lang.Object java.lang.invoke.Invokers$Holder.linkToTargetMethod(java.lang.Object, long, java.lang.Object)'> (0x000000070c58dc00) 
thrown [s\open\src\hotspot\share\interpreter\linkResolver.cpp, line 759]

VM Operations (20 events):
Event: 2.202 Executing VM operation: ICBufferFull
Event: 2.203 Executing VM operation: ICBufferFull done
Event: 3.046 Executing VM operation: ICBufferFull
Event: 3.046 Executing VM operation: ICBufferFull done
Event: 3.126 Executing VM operation: HandshakeAllThreads
Event: 3.126 Executing VM operation: HandshakeAllThreads done
Event: 3.262 Executing VM operation: HandshakeAllThreads
Event: 3.262 Executing VM operation: HandshakeAllThreads done
Event: 4.264 Executing VM operation: Cleanup
Event: 4.265 Executing VM operation: Cleanup done
Event: 5.276 Executing VM operation: Cleanup
Event: 5.276 Executing VM operation: Cleanup done
Event: 6.290 Executing VM operation: Cleanup
Event: 6.290 Executing VM operation: Cleanup done
Event: 8.315 Executing VM operation: Cleanup
Event: 8.316 Executing VM operation: Cleanup done
Event: 19.428 Executing VM operation: Cleanup
Event: 19.428 Executing VM operation: Cleanup done
Event: 24.482 Executing VM operation: Cleanup
Event: 24.482 Executing VM operation: Cleanup done

Events (20 events):
Event: 3.259 loading class java/util/concurrent/SynchronousQueue$TransferStack
Event: 3.260 loading class java/util/concurrent/SynchronousQueue$Transferer
Event: 3.260 loading class java/util/concurrent/SynchronousQueue$Transferer done
Event: 3.260 loading class java/util/concurrent/SynchronousQueue$TransferStack done
Event: 3.260 loading class java/util/concurrent/SynchronousQueue$TransferStack$SNode
Event: 3.260 loading class java/util/concurrent/ForkJoinPool$ManagedBlocker
Event: 3.260 loading class java/util/concurrent/ForkJoinPool$ManagedBlocker done
Event: 3.260 loading class java/util/concurrent/SynchronousQueue$TransferStack$SNode done
Event: 3.261 loading class java/lang/ProcessImpl$2
Event: 3.261 loading class java/lang/ProcessImpl$2 done
Event: 3.261 loading class java/lang/Process$PipeInputStream
Event: 3.261 loading class java/lang/Process$PipeInputStream done
Event: 3.263 loading class jdk/internal/event/ProcessStartEvent
Event: 3.263 loading class jdk/internal/event/ProcessStartEvent done
Event: 3.265 loading class java/security/AccessControlException
Event: 3.266 loading class java/security/AccessControlException done
Event: 3.269 Thread 0x000001ee80f2bbe0 Thread added: 0x000001ee80f2bbe0
Event: 3.269 Thread 0x000001ee80f2c0c0 Thread added: 0x000001ee80f2c0c0
Event: 4.468 Thread 0x000001ef0710bd70 Thread exited: 0x000001ef0710bd70
Event: 4.468 Thread 0x000001ef0710c290 Thread exited: 0x000001ef0710c290


Dynamic libraries:
0x00007ff63c020000 - 0x00007ff63c030000 	D:\JDK\graalvm-jdk-17.0.10+11.1\bin\java.exe
0x00007ffe2df90000 - 0x00007ffe2e1a7000 	C:\WINDOWS\SYSTEM32\ntdll.dll
0x00007ffe2cae0000 - 0x00007ffe2cba4000 	C:\WINDOWS\System32\KERNEL32.DLL
0x00007ffe2b7b0000 - 0x00007ffe2bb5c000 	C:\WINDOWS\System32\KERNELBASE.dll
0x00007ffe2b2c0000 - 0x00007ffe2b3d1000 	C:\WINDOWS\System32\ucrtbase.dll
0x00007ffe23200000 - 0x00007ffe2321b000 	D:\JDK\graalvm-jdk-17.0.10+11.1\bin\VCRUNTIME140.dll
0x00007ffe23250000 - 0x00007ffe23269000 	D:\JDK\graalvm-jdk-17.0.10+11.1\bin\jli.dll
0x00007ffe2c590000 - 0x00007ffe2c642000 	C:\WINDOWS\System32\ADVAPI32.dll
0x00007ffe2ce60000 - 0x00007ffe2cf07000 	C:\WINDOWS\System32\msvcrt.dll
0x00007ffe2c670000 - 0x00007ffe2c71a000 	C:\WINDOWS\System32\sechost.dll
0x00007ffe2bca0000 - 0x00007ffe2bcc8000 	C:\WINDOWS\System32\bcrypt.dll
0x00007ffe2ddd0000 - 0x00007ffe2dee5000 	C:\WINDOWS\System32\RPCRT4.dll
0x00007ffe2cc30000 - 0x00007ffe2cdde000 	C:\WINDOWS\System32\USER32.dll
0x00007ffe2b780000 - 0x00007ffe2b7a6000 	C:\WINDOWS\System32\win32u.dll
0x00007ffe1b320000 - 0x00007ffe1b5b3000 	C:\WINDOWS\WinSxS\amd64_microsoft.windows.common-controls_6595b64144ccf1df_6.0.22621.3672_none_2713b9d173822955\COMCTL32.dll
0x00007ffe2be30000 - 0x00007ffe2be59000 	C:\WINDOWS\System32\GDI32.dll
0x00007ffe2b3e0000 - 0x00007ffe2b4f9000 	C:\WINDOWS\System32\gdi32full.dll
0x00007ffe2b6e0000 - 0x00007ffe2b77a000 	C:\WINDOWS\System32\msvcp_win.dll
0x00007ffe21e20000 - 0x00007ffe21e2a000 	C:\WINDOWS\SYSTEM32\VERSION.dll
0x00007ffe2cfc0000 - 0x00007ffe2cff1000 	C:\WINDOWS\System32\IMM32.DLL
0x00007ffe24a60000 - 0x00007ffe24a6c000 	D:\JDK\graalvm-jdk-17.0.10+11.1\bin\vcruntime140_1.dll
0x00007ffe12600000 - 0x00007ffe1268e000 	D:\JDK\graalvm-jdk-17.0.10+11.1\bin\msvcp140.dll
0x00007ffda9b20000 - 0x00007ffdaa6f5000 	D:\JDK\graalvm-jdk-17.0.10+11.1\bin\server\jvm.dll
0x00007ffe2def0000 - 0x00007ffe2def8000 	C:\WINDOWS\System32\PSAPI.DLL
0x00007ffe22960000 - 0x00007ffe22994000 	C:\WINDOWS\SYSTEM32\WINMM.dll
0x00007ffe08e60000 - 0x00007ffe08e69000 	C:\WINDOWS\SYSTEM32\WSOCK32.dll
0x00007ffe2cbb0000 - 0x00007ffe2cc21000 	C:\WINDOWS\System32\WS2_32.dll
0x00007ffe2a3a0000 - 0x00007ffe2a3b8000 	C:\WINDOWS\SYSTEM32\kernel.appcore.dll
0x00007ffe23290000 - 0x00007ffe2329a000 	D:\JDK\graalvm-jdk-17.0.10+11.1\bin\jimage.dll
0x00007ffe1b760000 - 0x00007ffe1b992000 	C:\WINDOWS\SYSTEM32\DBGHELP.DLL
0x00007ffe2c720000 - 0x00007ffe2caa8000 	C:\WINDOWS\System32\combase.dll
0x00007ffe2d000000 - 0x00007ffe2d0d7000 	C:\WINDOWS\System32\OLEAUT32.dll
0x00007ffe11e30000 - 0x00007ffe11e62000 	C:\WINDOWS\SYSTEM32\dbgcore.DLL
0x00007ffe2bb60000 - 0x00007ffe2bbdb000 	C:\WINDOWS\System32\bcryptPrimitives.dll
0x00007ffe141e0000 - 0x00007ffe14205000 	D:\JDK\graalvm-jdk-17.0.10+11.1\bin\java.dll
0x00007ffdf84e0000 - 0x00007ffdf85b7000 	D:\JDK\graalvm-jdk-17.0.10+11.1\bin\jsvml.dll
0x00007ffe2d570000 - 0x00007ffe2ddcc000 	C:\WINDOWS\System32\SHELL32.dll
0x00007ffe291c0000 - 0x00007ffe29ab7000 	C:\WINDOWS\SYSTEM32\windows.storage.dll
0x00007ffe29080000 - 0x00007ffe291bf000 	C:\WINDOWS\SYSTEM32\wintypes.dll
0x00007ffe2d470000 - 0x00007ffe2d564000 	C:\WINDOWS\System32\SHCORE.dll
0x00007ffe2c020000 - 0x00007ffe2c07e000 	C:\WINDOWS\System32\shlwapi.dll
0x00007ffe2b1f0000 - 0x00007ffe2b211000 	C:\WINDOWS\SYSTEM32\profapi.dll
0x00007ffe13a10000 - 0x00007ffe13a29000 	D:\JDK\graalvm-jdk-17.0.10+11.1\bin\net.dll
0x00007ffe25a50000 - 0x00007ffe25b86000 	C:\WINDOWS\SYSTEM32\WINHTTP.dll
0x00007ffe2a800000 - 0x00007ffe2a869000 	C:\WINDOWS\system32\mswsock.dll
0x00007ffe139f0000 - 0x00007ffe13a06000 	D:\JDK\graalvm-jdk-17.0.10+11.1\bin\nio.dll
0x00007ffe13940000 - 0x00007ffe13958000 	D:\JDK\graalvm-jdk-17.0.10+11.1\bin\zip.dll
0x00007ffd7adf0000 - 0x00007ffd7d84b000 	D:\JDK\graalvm-jdk-17.0.10+11.1\bin\jvmcicompiler.dll
0x00007ffe2b500000 - 0x00007ffe2b667000 	C:\WINDOWS\System32\CRYPT32.dll
0x00007ffe2a8a0000 - 0x00007ffe2a8c8000 	C:\WINDOWS\SYSTEM32\USERENV.dll
0x00007ffe2ac70000 - 0x00007ffe2ac9e000 	C:\WINDOWS\SYSTEM32\ncrypt.dll
0x00007ffe29d20000 - 0x00007ffe29d4d000 	C:\WINDOWS\SYSTEM32\IPHLPAPI.DLL
0x00007ffe2ac30000 - 0x00007ffe2ac67000 	C:\WINDOWS\SYSTEM32\NTASN1.dll
0x00007ffe137b0000 - 0x00007ffe137c0000 	D:\JDK\graalvm-jdk-17.0.10+11.1\bin\verify.dll
0x00007ffe1afc0000 - 0x00007ffe1afca000 	D:\apache-maven-3.6.3\lib\jansi-native\windows64\jansi.dll

dbghelp: loaded successfully - version: 4.0.5 - missing functions: none
symbol engine: initialized successfully - sym options: 0x614 - pdb path: .;D:\JDK\graalvm-jdk-17.0.10+11.1\bin;C:\WINDOWS\SYSTEM32;C:\WINDOWS\WinSxS\amd64_microsoft.windows.common-controls_6595b64144ccf1df_6.0.22621.3672_none_2713b9d173822955;D:\JDK\graalvm-jdk-17.0.10+11.1\bin\server;D:\apache-maven-3.6.3\lib\jansi-native\windows64

VM Arguments:
jvm_args: -XX:ThreadPriorityPolicy=1 -XX:+UnlockExperimentalVMOptions -XX:+EnableJVMCIProduct -XX:-UnlockExperimentalVMOptions -Dclassworlds.conf=D:\apache-maven-3.6.3\bin\..\bin\m2.conf -Dmaven.home=D:\apache-maven-3.6.3\bin\.. -Dlibrary.jansi.path=D:\apache-maven-3.6.3\bin\..\lib\jansi-native -Dmaven.multiModuleProjectDirectory=D:\VCGitHub\test 
java_command: org.codehaus.plexus.classworlds.launcher.Launcher -P win gluonfx:compile gluonfx:link
java_class_path (initial): D:\apache-maven-3.6.3\bin\..\boot\plexus-classworlds-2.6.0.jar
Launcher Type: SUN_STANDARD

[Global flags]
     intx CICompilerCount                          = 4                                         {product} {ergonomic}
     uint ConcGCThreads                            = 2                                         {product} {ergonomic}
     bool EnableJVMCIProduct                       = true                                {JVMCI product} {jimage}
     uint G1ConcRefinementThreads                  = 8                                         {product} {ergonomic}
   size_t G1HeapRegionSize                         = 2097152                                   {product} {ergonomic}
    uintx GCDrainStackTargetSize                   = 64                                        {product} {ergonomic}
   size_t InitialHeapSize                          = 266338304                                 {product} {ergonomic}
   size_t MarkStackSize                            = 4194304                                   {product} {ergonomic}
   size_t MaxHeapSize                              = 4238344192                                {product} {ergonomic}
   size_t MaxNewSize                               = 2541748224                                {product} {ergonomic}
   size_t MinHeapDeltaBytes                        = 2097152                                   {product} {ergonomic}
   size_t MinHeapSize                              = 8388608                                   {product} {ergonomic}
    uintx NonNMethodCodeHeapSize                   = 6979620                                {pd product} {ergonomic}
    uintx NonProfiledCodeHeapSize                  = 122339310                              {pd product} {ergonomic}
    uintx ProfiledCodeHeapSize                     = 122339310                              {pd product} {ergonomic}
    uintx ReservedCodeCacheSize                    = 251658240                              {pd product} {ergonomic}
     bool SegmentedCodeCache                       = true                                      {product} {ergonomic}
   size_t SoftMaxHeapSize                          = 4238344192                             {manageable} {ergonomic}
     intx ThreadPriorityPolicy                     = 1                                         {product} {jimage}
     bool UseCompressedClassPointers               = true                           {product lp64_product} {ergonomic}
     bool UseCompressedOops                        = true                           {product lp64_product} {ergonomic}
     bool UseG1GC                                  = true                                      {product} {ergonomic}
     bool UseLargePagesIndividualAllocation        = false                                  {pd product} {ergonomic}

Logging:
Log output configuration:
 #0: stdout all=warning uptime,level,tags
 #1: stderr all=off uptime,level,tags

Environment Variables:
JAVA_HOME=D:\JDK\graalvm-jdk-17.0.10+11.1
PATH=C:\Program Files\Microsoft Visual Studio\2022\Community\VC\Tools\MSVC\14.40.33807\bin\HostX64\x64;C:\Program Files\Microsoft Visual Studio\2022\Community\Common7\IDE\VC\VCPackages;C:\Program Files\Microsoft Visual Studio\2022\Community\Common7\IDE\CommonExtensions\Microsoft\TestWindow;C:\Program Files\Microsoft Visual Studio\2022\Community\Common7\IDE\CommonExtensions\Microsoft\TeamFoundation\Team Explorer;C:\Program Files\Microsoft Visual Studio\2022\Community\MSBuild\Current\bin\Roslyn;C:\Program Files (x86)\Microsoft SDKs\Windows\v10.0A\bin\NETFX 4.8 Tools\x64\;C:\Program Files\Microsoft Visual Studio\2022\Community\Common7\IDE\CommonExtensions\Microsoft\FSharp\Tools;C:\Program Files\Microsoft Visual Studio\2022\Community\Team Tools\DiagnosticsHub\Collector;C:\Program Files (x86)\Windows Kits\10\bin\10.0.22621.0\\x64;C:\Program Files (x86)\Windows Kits\10\bin\\x64;C:\Program Files\Microsoft Visual Studio\2022\Community\\MSBuild\Current\Bin\amd64;C:\Windows\Microsoft.NET\Framework64\v4.0.30319;C:\Program Files\Microsoft Visual Studio\2022\Community\Common7\IDE\;C:\Program Files\Microsoft Visual Studio\2022\Community\Common7\Tools\;C:\WINDOWS\system32;C:\WINDOWS;C:\WINDOWS\System32\Wbem;C:\WINDOWS\System32\WindowsPowerShell\v1.0\;C:\WINDOWS\System32\OpenSSH\;C:\Program Files\Git\cmd;%JAVA_HOME%\bin;D:\JDK\graalvm-jdk-17.0.10+11.1\bin;%GRAALVM_HOME%\bin;D:\apache-maven-3.6.3\bin;C:\Program Files\Microsoft Visual Studio\2022\Community\VC\Tools\MSVC\14.29.30133\bin\HostX64\x64;C:\Program Files\dotnet\;C:\Program Files (x86)\WiX Toolset v3.14\bin;C:\Users\Diego Aedo\AppData\Local\Microsoft\WindowsApps;D:\apache-maven-3.9.4\bin;D:\JDK\graalvm-jdk-17.0.10+11.1\bin;C:\Users\Diego Aedo\AppData\Local\GitHubDesktop\bin;C:\Users\Diego Aedo\AppData\Local\Programs\Microsoft VS Code\bin;C:\Users\Diego Aedo\.dotnet\tools;C:\Program Files (x86)\WiX Toolset v3.14\bin;D:\tools\win64\bin\lib\win64;;C:\Program Files\Microsoft Visual Studio\2022\Community\Common7\IDE\CommonExtensions
USERNAME=Diego Aedo
LIBPATH=C:\Program Files\Microsoft Visual Studio\2022\Community\VC\Tools\MSVC\14.40.33807\lib\x64;C:\Program Files\Microsoft Visual Studio\2022\Community\VC\Tools\MSVC\14.40.33807\lib\x86\store\references;C:\Program Files (x86)\Windows Kits\10\UnionMetadata\10.0.22621.0;C:\Program Files (x86)\Windows Kits\10\References\10.0.22621.0;C:\Windows\Microsoft.NET\Framework64\v4.0.30319
OS=Windows_NT
PROCESSOR_IDENTIFIER=Intel64 Family 6 Model 140 Stepping 1, GenuineIntel



---------------  S Y S T E M  ---------------

OS:
 Windows 11 , 64 bit Build 22621 (10.0.22621.3672)
OS uptime: 1 days 13:04 hours
Hyper-V role detected

CPU: total 8 (initial active 8) (4 cores per cpu, 2 threads per core) family 6 model 140 stepping 1 microcode 0x9a, cx8, cmov, fxsr, ht, mmx, 3dnowpref, sse, sse2, sse3, ssse3, sse4.1, sse4.2, popcnt, lzcnt, tsc, tscinvbit, avx, avx2, aes, erms, clmul, bmi1, bmi2, adx, avx512f, avx512dq, avx512cd, avx512bw, avx512vl, sha, fma, vzeroupper, avx512_vpopcntdq, avx512_vpclmulqdq, avx512_vaes, avx512_vnni, clflush, clflushopt, clwb, avx512_vbmi2, avx512_vbmi, hv

Memory: 4k page, system-wide physical 16167M (271M free)
TotalPageFile size 52025M (AvailPageFile size 6M)
current process WorkingSet (physical memory assigned to process): 207M, peak: 246M
current process commit charge ("private bytes"): 379M, peak: 416M

vm_info: Java HotSpot(TM) 64-Bit Server VM (17.0.10+11-LTS-jvmci-23.0-b27) for windows-amd64 JRE (17.0.10+11-LTS-jvmci-23.0-b27), built on Dec 20 2023 07:24:22 by "" with MS VC++ 17.1 (VS2022)

END.
