#
# A fatal error has been detected by the Java Runtime Environment:
#
#  Internal Error (jvmciRuntime.cpp:1270), pid=17884, tid=2308
#  fatal error: JNI_CreateJavaVM failed with return value -4
#
# JRE version: Java(TM) SE Runtime Environment Oracle GraalVM 17.0.10+11.1 (17.0.10+11) (build 17.0.10+11-LTS-jvmci-23.0-b27)
# Java VM: Java HotSpot(TM) 64-Bit Server VM Oracle GraalVM 17.0.10+11.1 (17.0.10+11-LTS-jvmci-23.0-b27, mixed mode, sharing, tiered, jvmci, jvmci compiler, compressed oops, compressed class ptrs, g1 gc, windows-amd64)
# No core dump will be written. Minidumps are not enabled by default on client versions of Windows
#
# If you would like to submit a bug report, please visit:
#   https://bugreport.java.com/bugreport/crash.jsp
#

---------------  S U M M A R Y ------------

Command Line: -XX:ThreadPriorityPolicy=1 -XX:+UnlockExperimentalVMOptions -XX:+EnableJVMCIProduct -XX:-UnlockExperimentalVMOptions -Dclassworlds.conf=D:\apache-maven-3.6.3\bin\..\bin\m2.conf -Dmaven.home=D:\apache-maven-3.6.3\bin\.. -Dlibrary.jansi.path=D:\apache-maven-3.6.3\bin\..\lib\jansi-native -Dmaven.multiModuleProjectDirectory=D:\VCGitHub\test org.codehaus.plexus.classworlds.launcher.Launcher -P win gluonfx:compile gluonfx:link

Host: 11th Gen Intel(R) Core(TM) i7-1165G7 @ 2.80GHz, 8 cores, 15G,  Windows 11 , 64 bit Build 22621 (10.0.22621.3672)
Time: Thu Jun 13 12:34:27 2024 Hora est. Sudamérica Pacífico elapsed time: 186.076775 seconds (0d 0h 3m 6s)

---------------  T H R E A D  ---------------

Current thread (0x0000023acd000550):  JavaThread "JVMCI-native CompilerThread0" daemon [_thread_in_vm, id=2308, stack(0x000000e754800000,0x000000e754900000)]


Current CompileTask:
JVMCI-native: 186076 4347       4       java.lang.AbstractStringBuilder::appendChars (130 bytes)

Stack: [0x000000e754800000,0x000000e754900000]
Native frames: (J=compiled Java code, j=interpreted, Vv=VM code, C=native code)
V  [jvm.dll+0x66d22a]
V  [jvm.dll+0x7cdafe]
V  [jvm.dll+0x7cf49e]
V  [jvm.dll+0x24550b]
V  [jvm.dll+0x4b4629]
V  [jvm.dll+0x49d452]
V  [jvm.dll+0x497da2]
V  [jvm.dll+0x226cf1]
V  [jvm.dll+0x22514e]
V  [jvm.dll+0x783c2c]
V  [jvm.dll+0x77e05a]
V  [jvm.dll+0x66c105]
C  [ucrtbase.dll+0x29333]
C  [KERNEL32.DLL+0x1257d]
C  [ntdll.dll+0x5af28]


---------------  P R O C E S S  ---------------

Threads class SMR info:
_java_thread_list=0x0000023ace20dab0, length=14, elements={
0x0000023ae034bcb0, 0x0000023affaf42b0, 0x0000023affaf4e70, 0x0000023affb08610,
0x0000023affb091d0, 0x0000023affb0dcb0, 0x0000023affb0e670, 0x0000023acd000550,
0x0000023acd0037b0, 0x0000023acd0081c0, 0x0000023affadeaf0, 0x0000023acd186700,
0x0000023ace0c8bf0, 0x0000023ace0c94e0
}

Java Threads: ( => current thread )
  0x0000023ae034bcb0 JavaThread "main" [_thread_in_native, id=5944, stack(0x000000e753b00000,0x000000e753c00000)]
  0x0000023affaf42b0 JavaThread "Reference Handler" daemon [_thread_blocked, id=17804, stack(0x000000e754200000,0x000000e754300000)]
  0x0000023affaf4e70 JavaThread "Finalizer" daemon [_thread_blocked, id=16520, stack(0x000000e754300000,0x000000e754400000)]
  0x0000023affb08610 JavaThread "Signal Dispatcher" daemon [_thread_blocked, id=12448, stack(0x000000e754400000,0x000000e754500000)]
  0x0000023affb091d0 JavaThread "Attach Listener" daemon [_thread_blocked, id=12836, stack(0x000000e754500000,0x000000e754600000)]
  0x0000023affb0dcb0 JavaThread "Service Thread" daemon [_thread_blocked, id=10488, stack(0x000000e754600000,0x000000e754700000)]
  0x0000023affb0e670 JavaThread "Monitor Deflation Thread" daemon [_thread_blocked, id=18664, stack(0x000000e754700000,0x000000e754800000)]
=>0x0000023acd000550 JavaThread "JVMCI-native CompilerThread0" daemon [_thread_in_vm, id=2308, stack(0x000000e754800000,0x000000e754900000)]
  0x0000023acd0037b0 JavaThread "C1 CompilerThread0" daemon [_thread_blocked, id=17756, stack(0x000000e754900000,0x000000e754a00000)]
  0x0000023acd0081c0 JavaThread "Sweeper thread" daemon [_thread_blocked, id=1804, stack(0x000000e754a00000,0x000000e754b00000)]
  0x0000023affadeaf0 JavaThread "Common-Cleaner" daemon [_thread_blocked, id=13008, stack(0x000000e754b00000,0x000000e754c00000)]
  0x0000023acd186700 JavaThread "Notification Thread" daemon [_thread_blocked, id=18204, stack(0x000000e754e00000,0x000000e754f00000)]
  0x0000023ace0c8bf0 JavaThread "StreamPumper-systemOut" [_thread_in_native, id=14632, stack(0x000000e755700000,0x000000e755800000)]
  0x0000023ace0c94e0 JavaThread "StreamPumper-systemErr" [_thread_in_native, id=20476, stack(0x000000e755800000,0x000000e755900000)]

Other Threads:
  0x0000023affaed050 VMThread "VM Thread" [stack: 0x000000e754100000,0x000000e754200000] [id=18140]
  0x0000023acd189000 WatcherThread [stack: 0x000000e754f00000,0x000000e755000000] [id=3048]
  0x0000023ae03b9990 GCTaskThread "GC Thread#0" [stack: 0x000000e753c00000,0x000000e753d00000] [id=15172]
  0x0000023acda33670 GCTaskThread "GC Thread#1" [stack: 0x000000e755000000,0x000000e755100000] [id=5988]
  0x0000023acda33930 GCTaskThread "GC Thread#2" [stack: 0x000000e755100000,0x000000e755200000] [id=18088]
  0x0000023acda34000 GCTaskThread "GC Thread#3" [stack: 0x000000e755200000,0x000000e755300000] [id=9684]
  0x0000023acda3d2e0 GCTaskThread "GC Thread#4" [stack: 0x000000e755300000,0x000000e755400000] [id=14348]
  0x0000023acda3f9c0 GCTaskThread "GC Thread#5" [stack: 0x000000e755400000,0x000000e755500000] [id=16032]
  0x0000023acda4fb30 GCTaskThread "GC Thread#6" [stack: 0x000000e755500000,0x000000e755600000] [id=19524]
  0x0000023acda50200 GCTaskThread "GC Thread#7" [stack: 0x000000e755600000,0x000000e755700000] [id=3332]
  0x0000023ae03ca570 ConcurrentGCThread "G1 Main Marker" [stack: 0x000000e753d00000,0x000000e753e00000] [id=13968]
  0x0000023ae03caf80 ConcurrentGCThread "G1 Conc#0" [stack: 0x000000e753e00000,0x000000e753f00000] [id=2044]
  0x0000023ae040e7d0 ConcurrentGCThread "G1 Refine#0" [stack: 0x000000e753f00000,0x000000e754000000] [id=18232]
  0x0000023aff9a3750 ConcurrentGCThread "G1 Service" [stack: 0x000000e754000000,0x000000e754100000] [id=14384]

Threads with active compile tasks:
JVMCI-native CompilerThread0   186108 4347       4       java.lang.AbstractStringBuilder::appendChars (130 bytes)

VM state: not at safepoint (normal execution)

VM Mutex/Monitor currently owned by a thread: None

Heap address: 0x0000000703600000, size: 4042 MB, Compressed Oops mode: Zero based, Oop shift amount: 3

CDS archive(s) mapped at: [0x0000023a88000000-0x0000023a88bd0000-0x0000023a88bd0000), size 12386304, SharedBaseAddress: 0x0000023a88000000, ArchiveRelocationMode: 1.
Compressed class space mapped at: 0x0000023a89000000-0x0000023ac9000000, reserved size: 1073741824
Narrow klass base: 0x0000023a88000000, Narrow klass shift: 0, Narrow klass range: 0x100000000

GC Precious Log:
 CPUs: 8 total, 8 available
 Memory: 16167M
 Large Page Support: Disabled
 NUMA Support: Disabled
 Compressed Oops: Enabled (Zero based)
 Heap Region Size: 2M
 Heap Min Capacity: 8M
 Heap Initial Capacity: 254M
 Heap Max Capacity: 4042M
 Pre-touch: Disabled
 Parallel Workers: 8
 Concurrent Workers: 2
 Concurrent Refinement Workers: 8
 Periodic GC: Disabled

Heap:
 garbage-first heap   total 260096K, used 120858K [0x0000000703600000, 0x0000000800000000)
  region size 2048K, 59 young (120832K), 1 survivors (2048K)
 Metaspace       used 17235K, committed 17472K, reserved 1114112K
  class space    used 1737K, committed 1856K, reserved 1048576K

Heap Regions: E=young(eden), S=young(survivor), O=old, HS=humongous(starts), HC=humongous(continues), CS=collection set, F=free, OA=open archive, CA=closed archive, TAMS=top-at-mark-start (previous, next)
|   0|0x0000000703600000, 0x0000000703800000, 0x0000000703800000|100%| O|  |TAMS 0x0000000703600000, 0x0000000703600000| Untracked 
|   1|0x0000000703800000, 0x0000000703a00000, 0x0000000703a00000|100%| O|  |TAMS 0x0000000703800000, 0x0000000703800000| Untracked 
|   2|0x0000000703a00000, 0x0000000703a06800, 0x0000000703c00000|  1%| O|  |TAMS 0x0000000703a00000, 0x0000000703a00000| Untracked 
|   3|0x0000000703c00000, 0x0000000703c00000, 0x0000000703e00000|  0%| F|  |TAMS 0x0000000703c00000, 0x0000000703c00000| Untracked 
|   4|0x0000000703e00000, 0x0000000703e00000, 0x0000000704000000|  0%| F|  |TAMS 0x0000000703e00000, 0x0000000703e00000| Untracked 
|   5|0x0000000704000000, 0x0000000704000000, 0x0000000704200000|  0%| F|  |TAMS 0x0000000704000000, 0x0000000704000000| Untracked 
|   6|0x0000000704200000, 0x0000000704200000, 0x0000000704400000|  0%| F|  |TAMS 0x0000000704200000, 0x0000000704200000| Untracked 
|   7|0x0000000704400000, 0x0000000704400000, 0x0000000704600000|  0%| F|  |TAMS 0x0000000704400000, 0x0000000704400000| Untracked 
|   8|0x0000000704600000, 0x0000000704600000, 0x0000000704800000|  0%| F|  |TAMS 0x0000000704600000, 0x0000000704600000| Untracked 
|   9|0x0000000704800000, 0x0000000704800000, 0x0000000704a00000|  0%| F|  |TAMS 0x0000000704800000, 0x0000000704800000| Untracked 
|  10|0x0000000704a00000, 0x0000000704a00000, 0x0000000704c00000|  0%| F|  |TAMS 0x0000000704a00000, 0x0000000704a00000| Untracked 
|  11|0x0000000704c00000, 0x0000000704c00000, 0x0000000704e00000|  0%| F|  |TAMS 0x0000000704c00000, 0x0000000704c00000| Untracked 
|  12|0x0000000704e00000, 0x0000000704e00000, 0x0000000705000000|  0%| F|  |TAMS 0x0000000704e00000, 0x0000000704e00000| Untracked 
|  13|0x0000000705000000, 0x0000000705000000, 0x0000000705200000|  0%| F|  |TAMS 0x0000000705000000, 0x0000000705000000| Untracked 
|  14|0x0000000705200000, 0x0000000705200000, 0x0000000705400000|  0%| F|  |TAMS 0x0000000705200000, 0x0000000705200000| Untracked 
|  15|0x0000000705400000, 0x0000000705400000, 0x0000000705600000|  0%| F|  |TAMS 0x0000000705400000, 0x0000000705400000| Untracked 
|  16|0x0000000705600000, 0x0000000705600000, 0x0000000705800000|  0%| F|  |TAMS 0x0000000705600000, 0x0000000705600000| Untracked 
|  17|0x0000000705800000, 0x0000000705800000, 0x0000000705a00000|  0%| F|  |TAMS 0x0000000705800000, 0x0000000705800000| Untracked 
|  18|0x0000000705a00000, 0x0000000705a00000, 0x0000000705c00000|  0%| F|  |TAMS 0x0000000705a00000, 0x0000000705a00000| Untracked 
|  19|0x0000000705c00000, 0x0000000705c00000, 0x0000000705e00000|  0%| F|  |TAMS 0x0000000705c00000, 0x0000000705c00000| Untracked 
|  20|0x0000000705e00000, 0x0000000705e00000, 0x0000000706000000|  0%| F|  |TAMS 0x0000000705e00000, 0x0000000705e00000| Untracked 
|  21|0x0000000706000000, 0x0000000706000000, 0x0000000706200000|  0%| F|  |TAMS 0x0000000706000000, 0x0000000706000000| Untracked 
|  22|0x0000000706200000, 0x0000000706200000, 0x0000000706400000|  0%| F|  |TAMS 0x0000000706200000, 0x0000000706200000| Untracked 
|  23|0x0000000706400000, 0x0000000706400000, 0x0000000706600000|  0%| F|  |TAMS 0x0000000706400000, 0x0000000706400000| Untracked 
|  24|0x0000000706600000, 0x0000000706600000, 0x0000000706800000|  0%| F|  |TAMS 0x0000000706600000, 0x0000000706600000| Untracked 
|  25|0x0000000706800000, 0x0000000706800000, 0x0000000706a00000|  0%| F|  |TAMS 0x0000000706800000, 0x0000000706800000| Untracked 
|  26|0x0000000706a00000, 0x0000000706a00000, 0x0000000706c00000|  0%| F|  |TAMS 0x0000000706a00000, 0x0000000706a00000| Untracked 
|  27|0x0000000706c00000, 0x0000000706c00000, 0x0000000706e00000|  0%| F|  |TAMS 0x0000000706c00000, 0x0000000706c00000| Untracked 
|  28|0x0000000706e00000, 0x0000000706e00000, 0x0000000707000000|  0%| F|  |TAMS 0x0000000706e00000, 0x0000000706e00000| Untracked 
|  29|0x0000000707000000, 0x0000000707000000, 0x0000000707200000|  0%| F|  |TAMS 0x0000000707000000, 0x0000000707000000| Untracked 
|  30|0x0000000707200000, 0x0000000707200000, 0x0000000707400000|  0%| F|  |TAMS 0x0000000707200000, 0x0000000707200000| Untracked 
|  31|0x0000000707400000, 0x0000000707400000, 0x0000000707600000|  0%| F|  |TAMS 0x0000000707400000, 0x0000000707400000| Untracked 
|  32|0x0000000707600000, 0x0000000707600000, 0x0000000707800000|  0%| F|  |TAMS 0x0000000707600000, 0x0000000707600000| Untracked 
|  33|0x0000000707800000, 0x0000000707800000, 0x0000000707a00000|  0%| F|  |TAMS 0x0000000707800000, 0x0000000707800000| Untracked 
|  34|0x0000000707a00000, 0x0000000707a00000, 0x0000000707c00000|  0%| F|  |TAMS 0x0000000707a00000, 0x0000000707a00000| Untracked 
|  35|0x0000000707c00000, 0x0000000707c00000, 0x0000000707e00000|  0%| F|  |TAMS 0x0000000707c00000, 0x0000000707c00000| Untracked 
|  36|0x0000000707e00000, 0x0000000707e00000, 0x0000000708000000|  0%| F|  |TAMS 0x0000000707e00000, 0x0000000707e00000| Untracked 
|  37|0x0000000708000000, 0x0000000708000000, 0x0000000708200000|  0%| F|  |TAMS 0x0000000708000000, 0x0000000708000000| Untracked 
|  38|0x0000000708200000, 0x0000000708200000, 0x0000000708400000|  0%| F|  |TAMS 0x0000000708200000, 0x0000000708200000| Untracked 
|  39|0x0000000708400000, 0x0000000708400000, 0x0000000708600000|  0%| F|  |TAMS 0x0000000708400000, 0x0000000708400000| Untracked 
|  40|0x0000000708600000, 0x0000000708600000, 0x0000000708800000|  0%| F|  |TAMS 0x0000000708600000, 0x0000000708600000| Untracked 
|  41|0x0000000708800000, 0x0000000708800000, 0x0000000708a00000|  0%| F|  |TAMS 0x0000000708800000, 0x0000000708800000| Untracked 
|  42|0x0000000708a00000, 0x0000000708a00000, 0x0000000708c00000|  0%| F|  |TAMS 0x0000000708a00000, 0x0000000708a00000| Untracked 
|  43|0x0000000708c00000, 0x0000000708c00000, 0x0000000708e00000|  0%| F|  |TAMS 0x0000000708c00000, 0x0000000708c00000| Untracked 
|  44|0x0000000708e00000, 0x0000000708e00000, 0x0000000709000000|  0%| F|  |TAMS 0x0000000708e00000, 0x0000000708e00000| Untracked 
|  45|0x0000000709000000, 0x0000000709000000, 0x0000000709200000|  0%| F|  |TAMS 0x0000000709000000, 0x0000000709000000| Untracked 
|  46|0x0000000709200000, 0x0000000709200000, 0x0000000709400000|  0%| F|  |TAMS 0x0000000709200000, 0x0000000709200000| Untracked 
|  47|0x0000000709400000, 0x0000000709400000, 0x0000000709600000|  0%| F|  |TAMS 0x0000000709400000, 0x0000000709400000| Untracked 
|  48|0x0000000709600000, 0x0000000709600000, 0x0000000709800000|  0%| F|  |TAMS 0x0000000709600000, 0x0000000709600000| Untracked 
|  49|0x0000000709800000, 0x0000000709800000, 0x0000000709a00000|  0%| F|  |TAMS 0x0000000709800000, 0x0000000709800000| Untracked 
|  50|0x0000000709a00000, 0x0000000709a00000, 0x0000000709c00000|  0%| F|  |TAMS 0x0000000709a00000, 0x0000000709a00000| Untracked 
|  51|0x0000000709c00000, 0x0000000709c00000, 0x0000000709e00000|  0%| F|  |TAMS 0x0000000709c00000, 0x0000000709c00000| Untracked 
|  52|0x0000000709e00000, 0x0000000709e00000, 0x000000070a000000|  0%| F|  |TAMS 0x0000000709e00000, 0x0000000709e00000| Untracked 
|  53|0x000000070a000000, 0x000000070a000000, 0x000000070a200000|  0%| F|  |TAMS 0x000000070a000000, 0x000000070a000000| Untracked 
|  54|0x000000070a200000, 0x000000070a200000, 0x000000070a400000|  0%| F|  |TAMS 0x000000070a200000, 0x000000070a200000| Untracked 
|  55|0x000000070a400000, 0x000000070a400000, 0x000000070a600000|  0%| F|  |TAMS 0x000000070a400000, 0x000000070a400000| Untracked 
|  56|0x000000070a600000, 0x000000070a600000, 0x000000070a800000|  0%| F|  |TAMS 0x000000070a600000, 0x000000070a600000| Untracked 
|  57|0x000000070a800000, 0x000000070a800000, 0x000000070aa00000|  0%| F|  |TAMS 0x000000070a800000, 0x000000070a800000| Untracked 
|  58|0x000000070aa00000, 0x000000070aa00000, 0x000000070ac00000|  0%| F|  |TAMS 0x000000070aa00000, 0x000000070aa00000| Untracked 
|  59|0x000000070ac00000, 0x000000070ac00000, 0x000000070ae00000|  0%| F|  |TAMS 0x000000070ac00000, 0x000000070ac00000| Untracked 
|  60|0x000000070ae00000, 0x000000070ae00000, 0x000000070b000000|  0%| F|  |TAMS 0x000000070ae00000, 0x000000070ae00000| Untracked 
|  61|0x000000070b000000, 0x000000070b000000, 0x000000070b200000|  0%| F|  |TAMS 0x000000070b000000, 0x000000070b000000| Untracked 
|  62|0x000000070b200000, 0x000000070b200000, 0x000000070b400000|  0%| F|  |TAMS 0x000000070b200000, 0x000000070b200000| Untracked 
|  63|0x000000070b400000, 0x000000070b400000, 0x000000070b600000|  0%| F|  |TAMS 0x000000070b400000, 0x000000070b400000| Untracked 
|  64|0x000000070b600000, 0x000000070b600000, 0x000000070b800000|  0%| F|  |TAMS 0x000000070b600000, 0x000000070b600000| Untracked 
|  65|0x000000070b800000, 0x000000070b800000, 0x000000070ba00000|  0%| F|  |TAMS 0x000000070b800000, 0x000000070b800000| Untracked 
|  66|0x000000070ba00000, 0x000000070ba00000, 0x000000070bc00000|  0%| F|  |TAMS 0x000000070ba00000, 0x000000070ba00000| Untracked 
|  67|0x000000070bc00000, 0x000000070bc00000, 0x000000070be00000|  0%| F|  |TAMS 0x000000070bc00000, 0x000000070bc00000| Untracked 
|  68|0x000000070be00000, 0x000000070c000000, 0x000000070c000000|100%| E|  |TAMS 0x000000070be00000, 0x000000070be00000| Complete 
|  69|0x000000070c000000, 0x000000070c200000, 0x000000070c200000|100%| E|CS|TAMS 0x000000070c000000, 0x000000070c000000| Complete 
|  70|0x000000070c200000, 0x000000070c400000, 0x000000070c400000|100%| E|CS|TAMS 0x000000070c200000, 0x000000070c200000| Complete 
|  71|0x000000070c400000, 0x000000070c600000, 0x000000070c600000|100%| E|CS|TAMS 0x000000070c400000, 0x000000070c400000| Complete 
|  72|0x000000070c600000, 0x000000070c800000, 0x000000070c800000|100%| E|  |TAMS 0x000000070c600000, 0x000000070c600000| Complete 
|  73|0x000000070c800000, 0x000000070ca00000, 0x000000070ca00000|100%| E|CS|TAMS 0x000000070c800000, 0x000000070c800000| Complete 
|  74|0x000000070ca00000, 0x000000070cc00000, 0x000000070cc00000|100%| E|CS|TAMS 0x000000070ca00000, 0x000000070ca00000| Complete 
|  75|0x000000070cc00000, 0x000000070ce00000, 0x000000070ce00000|100%| E|CS|TAMS 0x000000070cc00000, 0x000000070cc00000| Complete 
|  76|0x000000070ce00000, 0x000000070d000000, 0x000000070d000000|100%| E|CS|TAMS 0x000000070ce00000, 0x000000070ce00000| Complete 
|  77|0x000000070d000000, 0x000000070d200000, 0x000000070d200000|100%| E|CS|TAMS 0x000000070d000000, 0x000000070d000000| Complete 
|  78|0x000000070d200000, 0x000000070d400000, 0x000000070d400000|100%| E|CS|TAMS 0x000000070d200000, 0x000000070d200000| Complete 
|  79|0x000000070d400000, 0x000000070d600000, 0x000000070d600000|100%| E|CS|TAMS 0x000000070d400000, 0x000000070d400000| Complete 
|  80|0x000000070d600000, 0x000000070d800000, 0x000000070d800000|100%| E|CS|TAMS 0x000000070d600000, 0x000000070d600000| Complete 
|  81|0x000000070d800000, 0x000000070da00000, 0x000000070da00000|100%| E|CS|TAMS 0x000000070d800000, 0x000000070d800000| Complete 
|  82|0x000000070da00000, 0x000000070dc00000, 0x000000070dc00000|100%| E|CS|TAMS 0x000000070da00000, 0x000000070da00000| Complete 
|  83|0x000000070dc00000, 0x000000070de00000, 0x000000070de00000|100%| E|CS|TAMS 0x000000070dc00000, 0x000000070dc00000| Complete 
|  84|0x000000070de00000, 0x000000070e000000, 0x000000070e000000|100%| E|CS|TAMS 0x000000070de00000, 0x000000070de00000| Complete 
|  85|0x000000070e000000, 0x000000070e200000, 0x000000070e200000|100%| E|CS|TAMS 0x000000070e000000, 0x000000070e000000| Complete 
|  86|0x000000070e200000, 0x000000070e400000, 0x000000070e400000|100%| E|CS|TAMS 0x000000070e200000, 0x000000070e200000| Complete 
|  87|0x000000070e400000, 0x000000070e600000, 0x000000070e600000|100%| E|CS|TAMS 0x000000070e400000, 0x000000070e400000| Complete 
|  88|0x000000070e600000, 0x000000070e800000, 0x000000070e800000|100%| E|CS|TAMS 0x000000070e600000, 0x000000070e600000| Complete 
|  89|0x000000070e800000, 0x000000070ea00000, 0x000000070ea00000|100%| E|CS|TAMS 0x000000070e800000, 0x000000070e800000| Complete 
|  90|0x000000070ea00000, 0x000000070ec00000, 0x000000070ec00000|100%| E|CS|TAMS 0x000000070ea00000, 0x000000070ea00000| Complete 
|  91|0x000000070ec00000, 0x000000070ee00000, 0x000000070ee00000|100%| E|CS|TAMS 0x000000070ec00000, 0x000000070ec00000| Complete 
|  92|0x000000070ee00000, 0x000000070f000000, 0x000000070f000000|100%| E|CS|TAMS 0x000000070ee00000, 0x000000070ee00000| Complete 
|  93|0x000000070f000000, 0x000000070f200000, 0x000000070f200000|100%| E|CS|TAMS 0x000000070f000000, 0x000000070f000000| Complete 
|  94|0x000000070f200000, 0x000000070f400000, 0x000000070f400000|100%| E|CS|TAMS 0x000000070f200000, 0x000000070f200000| Complete 
|  95|0x000000070f400000, 0x000000070f600000, 0x000000070f600000|100%| E|CS|TAMS 0x000000070f400000, 0x000000070f400000| Complete 
|  96|0x000000070f600000, 0x000000070f800000, 0x000000070f800000|100%| E|CS|TAMS 0x000000070f600000, 0x000000070f600000| Complete 
|  97|0x000000070f800000, 0x000000070fa00000, 0x000000070fa00000|100%| E|CS|TAMS 0x000000070f800000, 0x000000070f800000| Complete 
|  98|0x000000070fa00000, 0x000000070fc00000, 0x000000070fc00000|100%| E|CS|TAMS 0x000000070fa00000, 0x000000070fa00000| Complete 
|  99|0x000000070fc00000, 0x000000070fe00000, 0x000000070fe00000|100%| E|CS|TAMS 0x000000070fc00000, 0x000000070fc00000| Complete 
| 100|0x000000070fe00000, 0x0000000710000000, 0x0000000710000000|100%| E|CS|TAMS 0x000000070fe00000, 0x000000070fe00000| Complete 
| 101|0x0000000710000000, 0x0000000710200000, 0x0000000710200000|100%| E|CS|TAMS 0x0000000710000000, 0x0000000710000000| Complete 
| 102|0x0000000710200000, 0x0000000710400000, 0x0000000710400000|100%| E|CS|TAMS 0x0000000710200000, 0x0000000710200000| Complete 
| 103|0x0000000710400000, 0x0000000710600000, 0x0000000710600000|100%| E|CS|TAMS 0x0000000710400000, 0x0000000710400000| Complete 
| 104|0x0000000710600000, 0x0000000710800000, 0x0000000710800000|100%| E|CS|TAMS 0x0000000710600000, 0x0000000710600000| Complete 
| 105|0x0000000710800000, 0x0000000710a00000, 0x0000000710a00000|100%| E|CS|TAMS 0x0000000710800000, 0x0000000710800000| Complete 
| 106|0x0000000710a00000, 0x0000000710c00000, 0x0000000710c00000|100%| E|CS|TAMS 0x0000000710a00000, 0x0000000710a00000| Complete 
| 107|0x0000000710c00000, 0x0000000710e00000, 0x0000000710e00000|100%| E|CS|TAMS 0x0000000710c00000, 0x0000000710c00000| Complete 
| 108|0x0000000710e00000, 0x0000000711000000, 0x0000000711000000|100%| E|CS|TAMS 0x0000000710e00000, 0x0000000710e00000| Complete 
| 109|0x0000000711000000, 0x0000000711200000, 0x0000000711200000|100%| E|CS|TAMS 0x0000000711000000, 0x0000000711000000| Complete 
| 110|0x0000000711200000, 0x0000000711400000, 0x0000000711400000|100%| S|CS|TAMS 0x0000000711200000, 0x0000000711200000| Complete 
| 111|0x0000000711400000, 0x0000000711600000, 0x0000000711600000|100%| E|CS|TAMS 0x0000000711400000, 0x0000000711400000| Complete 
| 112|0x0000000711600000, 0x0000000711800000, 0x0000000711800000|100%| E|CS|TAMS 0x0000000711600000, 0x0000000711600000| Complete 
| 113|0x0000000711800000, 0x0000000711a00000, 0x0000000711a00000|100%| E|CS|TAMS 0x0000000711800000, 0x0000000711800000| Complete 
| 114|0x0000000711a00000, 0x0000000711c00000, 0x0000000711c00000|100%| E|CS|TAMS 0x0000000711a00000, 0x0000000711a00000| Complete 
| 115|0x0000000711c00000, 0x0000000711e00000, 0x0000000711e00000|100%| E|CS|TAMS 0x0000000711c00000, 0x0000000711c00000| Complete 
| 116|0x0000000711e00000, 0x0000000712000000, 0x0000000712000000|100%| E|CS|TAMS 0x0000000711e00000, 0x0000000711e00000| Complete 
| 117|0x0000000712000000, 0x0000000712200000, 0x0000000712200000|100%| E|CS|TAMS 0x0000000712000000, 0x0000000712000000| Complete 
| 118|0x0000000712200000, 0x0000000712400000, 0x0000000712400000|100%| E|CS|TAMS 0x0000000712200000, 0x0000000712200000| Complete 
| 119|0x0000000712400000, 0x0000000712600000, 0x0000000712600000|100%| E|CS|TAMS 0x0000000712400000, 0x0000000712400000| Complete 
| 120|0x0000000712600000, 0x0000000712800000, 0x0000000712800000|100%| E|CS|TAMS 0x0000000712600000, 0x0000000712600000| Complete 
| 121|0x0000000712800000, 0x0000000712a00000, 0x0000000712a00000|100%| E|CS|TAMS 0x0000000712800000, 0x0000000712800000| Complete 
| 122|0x0000000712a00000, 0x0000000712c00000, 0x0000000712c00000|100%| E|CS|TAMS 0x0000000712a00000, 0x0000000712a00000| Complete 
| 123|0x0000000712c00000, 0x0000000712e00000, 0x0000000712e00000|100%| E|CS|TAMS 0x0000000712c00000, 0x0000000712c00000| Complete 
| 124|0x0000000712e00000, 0x0000000713000000, 0x0000000713000000|100%| E|CS|TAMS 0x0000000712e00000, 0x0000000712e00000| Complete 
| 125|0x0000000713000000, 0x0000000713200000, 0x0000000713200000|100%| E|CS|TAMS 0x0000000713000000, 0x0000000713000000| Complete 
| 126|0x0000000713200000, 0x0000000713400000, 0x0000000713400000|100%| E|CS|TAMS 0x0000000713200000, 0x0000000713200000| Complete 

Card table byte_map: [0x0000023afc020000,0x0000023afc810000] _byte_map_base: 0x0000023af8805000

Marking Bits (Prev, Next): (CMBitMap*) 0x0000023ae03b9fb0, (CMBitMap*) 0x0000023ae03b9ff0
 Prev Bits: [0x0000023a80000000, 0x0000023a83f28000)
 Next Bits: [0x0000023a83f30000, 0x0000023a87e58000)

Polling page: 0x0000023aebd90000

Metaspace:

Usage:
  Non-class:     15.14 MB used.
      Class:      1.70 MB used.
       Both:     16.83 MB used.

Virtual space:
  Non-class space:       64.00 MB reserved,      15.25 MB ( 24%) committed,  1 nodes.
      Class space:        1.00 GB reserved,       1.81 MB ( <1%) committed,  1 nodes.
             Both:        1.06 GB reserved,      17.06 MB (  2%) committed. 

Chunk freelists:
   Non-Class:  386.00 KB
       Class:  14.23 MB
        Both:  14.60 MB

MaxMetaspaceSize: unlimited
CompressedClassSpaceSize: 1.00 GB
Initial GC threshold: 21.00 MB
Current GC threshold: 21.00 MB
CDS: on
MetaspaceReclaimPolicy: balanced
 - commit_granule_bytes: 65536.
 - commit_granule_words: 8192.
 - virtual_space_node_default_size: 8388608.
 - enlarge_chunks_in_place: 1.
 - new_chunks_are_fully_committed: 0.
 - uncommit_free_chunks: 1.
 - use_allocation_guard: 0.
 - handle_deallocations: 1.


Internal statistics:

num_allocs_failed_limit: 0.
num_arena_births: 86.
num_arena_deaths: 0.
num_vsnodes_births: 2.
num_vsnodes_deaths: 0.
num_space_committed: 273.
num_space_uncommitted: 0.
num_chunks_returned_to_freelist: 0.
num_chunks_taken_from_freelist: 638.
num_chunk_merges: 0.
num_chunk_splits: 478.
num_chunks_enlarged: 386.
num_inconsistent_stats: 0.

CodeHeap 'non-profiled nmethods': size=119488Kb used=1460Kb max_used=1460Kb free=118027Kb
 bounds [0x0000023af3900000, 0x0000023af3b70000, 0x0000023afadb0000]
CodeHeap 'profiled nmethods': size=119424Kb used=9194Kb max_used=9194Kb free=110229Kb
 bounds [0x0000023aebdb0000, 0x0000023aec6b0000, 0x0000023af3250000]
CodeHeap 'non-nmethods': size=6848Kb used=1210Kb max_used=2364Kb free=5638Kb
 bounds [0x0000023af3250000, 0x0000023af34c0000, 0x0000023af3900000]
 total_blobs=4834 nmethods=4345 adapters=394
 compilation: enabled
              stopped_count=0, restarted_count=0
 full_count=0

JVMCI Events (20 events):
Event: 71.595 Thread 0x0000023acd000550 compacted oop handles in JVMCI runtime 0 from 74 to 72
Event: 72.605 Thread 0x0000023acd000550 detaching from JVMCI runtime 0: releasing idle compiler thread (0 other threads still attached)
Event: 72.606 Thread 0x0000023acd000550 shutting down HotSpotJVMCIRuntime for JVMCI runtime 0
Event: 72.606 Thread 0x0000023acd000550 shut down JVMCI runtime 0
Event: 72.608 Thread 0x0000023acd000550 destroyed JavaVM[11]@0x0000023b00733940 for JVMCI runtime 0
Event: 72.608 Thread 0x0000023acd000550 releasing handles for JVMCI runtime 0: oop handles=72, metadata handles={total=128, live=118, blocks=16}
Event: 72.608 Thread 0x0000023acd000550 detached from JVMCI runtime 0
Event: 130.587 Thread 0x0000023acd000550 attached to JVMCI runtime 0
Event: 130.591 Thread 0x0000023acd000550 created JavaVM[12]@0x0000023b00733940 for JVMCI runtime 0
Event: 130.591 Thread 0x0000023acd000550 initializing JVMCI runtime 0
Event: 130.591 Thread 0x0000023acd000550 done waiting for JavaVM references initialization in JVMCI runtime 0
Event: 130.591 Thread 0x0000023acd000550 initialized JVMCI runtime 0
Event: 130.650 Thread 0x0000023acd000550 compacted oop handles in JVMCI runtime 0 from 90 to 86
Event: 131.657 Thread 0x0000023acd000550 detaching from JVMCI runtime 0: releasing idle compiler thread (0 other threads still attached)
Event: 131.657 Thread 0x0000023acd000550 shutting down HotSpotJVMCIRuntime for JVMCI runtime 0
Event: 131.657 Thread 0x0000023acd000550 shut down JVMCI runtime 0
Event: 131.659 Thread 0x0000023acd000550 destroyed JavaVM[12]@0x0000023b00733940 for JVMCI runtime 0
Event: 131.659 Thread 0x0000023acd000550 releasing handles for JVMCI runtime 0: oop handles=86, metadata handles={total=160, live=149, blocks=16}
Event: 131.659 Thread 0x0000023acd000550 detached from JVMCI runtime 0
Event: 186.058 Thread 0x0000023acd000550 attached to JVMCI runtime 0

Compilation events (20 events):
Event: 32.404 Thread 0x0000023acd0037b0 nmethod 4337 0x0000023aec6a8010 code [0x0000023aec6a81c0, 0x0000023aec6a87a8]
Event: 32.404 Thread 0x0000023acd0037b0 4338       3       org.apache.maven.shared.invoker.PrintStreamHandler::consumeLine (37 bytes)
Event: 32.405 Thread 0x0000023acd0037b0 nmethod 4338 0x0000023aec6a8890 code [0x0000023aec6a8a60, 0x0000023aec6a9268]
Event: 40.497 Thread 0x0000023acd000550 4339   !   4       java.io.BufferedReader::readLine (327 bytes)
Event: 40.581 Thread 0x0000023acd000550 nmethod 4339 0x0000023af3a62c10 code [0x0000023af3a62e80, 0x0000023af3a650b0]
Event: 44.796 Thread 0x0000023acd000550 4340       4       org.fusesource.jansi.FilterPrintStream::write (45 bytes)
Event: 44.875 Thread 0x0000023acd000550 nmethod 4340 0x0000023af3a65d90 code [0x0000023af3a66020, 0x0000023af3a68de0]
Event: 51.971 Thread 0x0000023acd000550 4341       4       java.lang.AbstractStringBuilder::checkRange (63 bytes)
Event: 51.984 Thread 0x0000023acd000550 nmethod 4341 0x0000023af3a6a410 code [0x0000023af3a6a580, 0x0000023af3a6a600]
Event: 54.173 Thread 0x0000023acd000550 4342       4       java.io.FileInputStream::available (5 bytes)
Event: 54.181 Thread 0x0000023acd000550 nmethod 4342 0x0000023af3a6a710 code [0x0000023af3a6a880, 0x0000023af3a6a910]
Event: 71.568 Thread 0x0000023acd000550 4343   !   4       java.nio.charset.CharsetDecoder::decode (275 bytes)
Event: 71.595 Thread 0x0000023acd000550 nmethod 4343 0x0000023af3a6aa10 code [0x0000023af3a6abc0, 0x0000023af3a6b040]
Event: 74.309 Thread 0x0000023acd0037b0 4344       3       java.lang.AbstractStringBuilder::appendChars (130 bytes)
Event: 74.310 Thread 0x0000023acd0037b0 nmethod 4344 0x0000023aec6a9390 code [0x0000023aec6a9580, 0x0000023aec6a9b28]
Event: 118.913 Thread 0x0000023acd0037b0 4345       3       java.nio.HeapByteBuffer::compact (85 bytes)
Event: 118.915 Thread 0x0000023acd0037b0 nmethod 4345 0x0000023aec6a9d90 code [0x0000023aec6a9f80, 0x0000023aec6aa848]
Event: 130.587 Thread 0x0000023acd000550 4346       4       sun.nio.cs.StreamDecoder::implRead (243 bytes)
Event: 130.650 Thread 0x0000023acd000550 nmethod 4346 0x0000023af3a6b610 code [0x0000023af3a6b820, 0x0000023af3a6c700]
Event: 186.058 Thread 0x0000023acd000550 4347       4       java.lang.AbstractStringBuilder::appendChars (130 bytes)

GC Heap History (4 events):
Event: 0.363 GC heap before
{Heap before GC invocations=0 (full 0):
 garbage-first heap   total 260096K, used 22528K [0x0000000703600000, 0x0000000800000000)
  region size 2048K, 11 young (22528K), 0 survivors (0K)
 Metaspace       used 5275K, committed 5440K, reserved 1114112K
  class space    used 563K, committed 640K, reserved 1048576K
}
Event: 0.367 GC heap after
{Heap after GC invocations=1 (full 0):
 garbage-first heap   total 260096K, used 4274K [0x0000000703600000, 0x0000000800000000)
  region size 2048K, 2 young (4096K), 2 survivors (4096K)
 Metaspace       used 5275K, committed 5440K, reserved 1114112K
  class space    used 563K, committed 640K, reserved 1048576K
}
Event: 0.695 GC heap before
{Heap before GC invocations=1 (full 0):
 garbage-first heap   total 260096K, used 32946K [0x0000000703600000, 0x0000000800000000)
  region size 2048K, 16 young (32768K), 2 survivors (4096K)
 Metaspace       used 9988K, committed 10112K, reserved 1114112K
  class space    used 1144K, committed 1216K, reserved 1048576K
}
Event: 0.699 GC heap after
{Heap after GC invocations=2 (full 0):
 garbage-first heap   total 260096K, used 6170K [0x0000000703600000, 0x0000000800000000)
  region size 2048K, 1 young (2048K), 1 survivors (2048K)
 Metaspace       used 9988K, committed 10112K, reserved 1114112K
  class space    used 1144K, committed 1216K, reserved 1048576K
}

Deoptimization events (20 events):
Event: 1.828 Thread 0x0000023ae034bcb0 DEOPT PACKING pc=0x0000023af39952ec sp=0x000000e753bfcb40
Event: 1.828 Thread 0x0000023ae034bcb0 DEOPT UNPACKING pc=0x0000023af32a6bc5 sp=0x000000e753bfc008 mode 1
Event: 1.829 Thread 0x0000023ae034bcb0 DEOPT PACKING pc=0x0000023aec636284 sp=0x000000e753bfbf50
Event: 1.829 Thread 0x0000023ae034bcb0 DEOPT UNPACKING pc=0x0000023af32a6bc5 sp=0x000000e753bfb448 mode 0
Event: 1.830 Thread 0x0000023ae034bcb0 DEOPT PACKING pc=0x0000023aec636284 sp=0x000000e753bfbf50
Event: 1.830 Thread 0x0000023ae034bcb0 DEOPT UNPACKING pc=0x0000023af32a6bc5 sp=0x000000e753bfb448 mode 0
Event: 1.832 Thread 0x0000023ae034bcb0 Uncommon trap: trap_request=0xffffffed fr.pc=0x0000023af3a25bdd relative=0x000000000000115d
Event: 1.832 Thread 0x0000023ae034bcb0 Uncommon trap: reason=null_assert_or_unreached0 action=reinterpret pc=0x0000023af3a25bdd method=java.util.jar.JarFile.checkForSpecialAttributes()V @ 26 jvmci
Event: 1.832 Thread 0x0000023ae034bcb0 DEOPT PACKING pc=0x0000023af3a25bdd sp=0x000000e753bfc5d0
Event: 1.832 Thread 0x0000023ae034bcb0 DEOPT UNPACKING pc=0x0000023af32a6bc5 sp=0x000000e753bfb940 mode 3
Event: 1.864 Thread 0x0000023ae034bcb0 Uncommon trap: trap_request=0xffffffcd fr.pc=0x0000023af3a0bcb0 relative=0x0000000000000470
Event: 1.864 Thread 0x0000023ae034bcb0 Uncommon trap: reason=intrinsic_or_type_checked_inlining action=reinterpret pc=0x0000023af3a0bcb0 method=java.util.Collections$UnmodifiableMap$UnmodifiableEntrySet$1.next()Ljava/lang/Object; @ 0 jvmci
Event: 1.864 Thread 0x0000023ae034bcb0 DEOPT PACKING pc=0x0000023af3a0bcb0 sp=0x000000e753bfd850
Event: 1.864 Thread 0x0000023ae034bcb0 DEOPT UNPACKING pc=0x0000023af32a6bc5 sp=0x000000e753bfccf8 mode 3
Event: 1.866 Thread 0x0000023ae034bcb0 Uncommon trap: trap_request=0xffffffed fr.pc=0x0000023af39f2dbc relative=0x000000000000039c
Event: 1.866 Thread 0x0000023ae034bcb0 Uncommon trap: reason=null_assert_or_unreached0 action=reinterpret pc=0x0000023af39f2dbc method=java.util.StringTokenizer.scanToken(I)I @ 45 jvmci
Event: 1.866 Thread 0x0000023ae034bcb0 DEOPT PACKING pc=0x0000023af39f2dbc sp=0x000000e753bfd880
Event: 1.866 Thread 0x0000023ae034bcb0 DEOPT UNPACKING pc=0x0000023af32a6bc5 sp=0x000000e753bfcd28 mode 3
Event: 74.309 Thread 0x0000023ace0c8bf0 DEOPT PACKING pc=0x0000023aec49a3c9 sp=0x000000e7557ff260
Event: 74.309 Thread 0x0000023ace0c8bf0 DEOPT UNPACKING pc=0x0000023af32a6bc5 sp=0x000000e7557fe710 mode 0

Classes unloaded (0 events):
No events

Classes redefined (0 events):
No events

Internal exceptions (14 events):
Event: 0.306 Thread 0x0000023ae034bcb0 Exception <a 'java/lang/NoSuchMethodError'{0x00000007122c8a50}: 'java.lang.Object java.lang.invoke.DirectMethodHandle$Holder.newInvokeSpecial(java.lang.Object, java.lang.Object, java.lang.Object, java.lang.Object, java.lang.Object)'> (0x00000007122c8a50) 
thrown [s\open\src\hotspot\share\interpreter\linkResolver.cpp, line 759]
Event: 0.744 Thread 0x0000023ae034bcb0 Exception <a 'java/lang/NoClassDefFoundError'{0x0000000712e86a48}: com/google/inject/servlet/ServletModuleTargetVisitor> (0x0000000712e86a48) 
thrown [s\open\src\hotspot\share\classfile\systemDictionary.cpp, line 245]
Event: 0.744 Thread 0x0000023ae034bcb0 Exception <a 'java/lang/NoClassDefFoundError'{0x0000000712e886f8}: javax/annotation/Priority> (0x0000000712e886f8) 
thrown [s\open\src\hotspot\share\classfile\systemDictionary.cpp, line 245]
Event: 0.780 Thread 0x0000023ae034bcb0 Exception <a 'java/lang/NoSuchMethodError'{0x0000000712cc8470}: 'java.lang.Object java.lang.invoke.DirectMethodHandle$Holder.invokeStaticInit(java.lang.Object, int, int, int, int)'> (0x0000000712cc8470) 
thrown [s\open\src\hotspot\share\interpreter\linkResolver.cpp, line 759]
Event: 0.988 Thread 0x0000023ae034bcb0 Implicit null exception at 0x0000023af3965a91 to 0x0000023af3965fee
Event: 0.988 Thread 0x0000023ae034bcb0 Implicit null exception at 0x0000023af397ff90 to 0x0000023af39800b5
Event: 0.989 Thread 0x0000023ae034bcb0 Implicit null exception at 0x0000023af3980a11 to 0x0000023af3980f46
Event: 1.832 Thread 0x0000023ae034bcb0 Implicit null exception at 0x0000023af3a25011 to 0x0000023af3a25bc2
Event: 1.875 Thread 0x0000023ae034bcb0 Exception <a 'java/lang/NoSuchMethodError'{0x000000070c3caf40}: 'void java.lang.invoke.DirectMethodHandle$Holder.invokeStatic(java.lang.Object, long)'> (0x000000070c3caf40) 
thrown [s\open\src\hotspot\share\interpreter\linkResolver.cpp, line 759]
Event: 1.876 Thread 0x0000023ae034bcb0 Exception <a 'java/lang/NoSuchMethodError'{0x000000070c3d0990}: 'java.lang.Object java.lang.invoke.DirectMethodHandle$Holder.newInvokeSpecial(java.lang.Object, long)'> (0x000000070c3d0990) 
thrown [s\open\src\hotspot\share\interpreter\linkResolver.cpp, line 759]
Event: 1.877 Thread 0x0000023ae034bcb0 Exception <a 'java/lang/NoSuchMethodError'{0x000000070c3d54a8}: 'java.lang.Object java.lang.invoke.DirectMethodHandle$Holder.invokeStaticInit(java.lang.Object)'> (0x000000070c3d54a8) 
thrown [s\open\src\hotspot\share\interpreter\linkResolver.cpp, line 759]
Event: 1.878 Thread 0x0000023ae034bcb0 Exception <a 'java/lang/NoSuchMethodError'{0x000000070c3df300}: 'java.lang.Object java.lang.invoke.DirectMethodHandle$Holder.invokeStaticInit(java.lang.Object, java.lang.Object, long, java.lang.Object)'> (0x000000070c3df300) 
thrown [s\open\src\hotspot\share\interpreter\linkResolver.cpp, line 759]
Event: 1.879 Thread 0x0000023ae034bcb0 Exception <a 'java/lang/NoSuchMethodError'{0x000000070c3e5ae0}: 'java.lang.Object java.lang.invoke.DirectMethodHandle$Holder.newInvokeSpecial(java.lang.Object, java.lang.Object, long)'> (0x000000070c3e5ae0) 
thrown [s\open\src\hotspot\share\interpreter\linkResolver.cpp, line 759]
Event: 1.879 Thread 0x0000023ae034bcb0 Exception <a 'java/lang/NoSuchMethodError'{0x000000070c3ea078}: 'java.lang.Object java.lang.invoke.Invokers$Holder.linkToTargetMethod(java.lang.Object, long, java.lang.Object)'> (0x000000070c3ea078) 
thrown [s\open\src\hotspot\share\interpreter\linkResolver.cpp, line 759]

VM Operations (20 events):
Event: 1.828 Executing VM operation: HandshakeAllThreads
Event: 1.828 Executing VM operation: HandshakeAllThreads done
Event: 1.881 Executing VM operation: HandshakeAllThreads
Event: 1.881 Executing VM operation: HandshakeAllThreads done
Event: 2.884 Executing VM operation: Cleanup
Event: 2.885 Executing VM operation: Cleanup done
Event: 3.897 Executing VM operation: Cleanup
Event: 3.897 Executing VM operation: Cleanup done
Event: 5.897 Executing VM operation: Cleanup
Event: 5.898 Executing VM operation: Cleanup done
Event: 12.948 Executing VM operation: Cleanup
Event: 12.948 Executing VM operation: Cleanup done
Event: 16.981 Executing VM operation: Cleanup
Event: 16.981 Executing VM operation: Cleanup done
Event: 19.999 Executing VM operation: Cleanup
Event: 19.999 Executing VM operation: Cleanup done
Event: 60.035 Executing VM operation: HandshakeAllThreads
Event: 60.035 Executing VM operation: HandshakeAllThreads done
Event: 119.339 Executing VM operation: Cleanup
Event: 119.340 Executing VM operation: Cleanup done

Events (20 events):
Event: 1.880 loading class java/util/concurrent/SynchronousQueue$Transferer done
Event: 1.880 loading class java/util/concurrent/SynchronousQueue$TransferStack done
Event: 1.880 loading class java/util/concurrent/SynchronousQueue$TransferStack$SNode
Event: 1.880 loading class java/util/concurrent/ForkJoinPool$ManagedBlocker
Event: 1.880 loading class java/util/concurrent/ForkJoinPool$ManagedBlocker done
Event: 1.880 loading class java/util/concurrent/SynchronousQueue$TransferStack$SNode done
Event: 1.880 loading class java/lang/ProcessImpl$2
Event: 1.880 loading class java/lang/ProcessImpl$2 done
Event: 1.880 loading class java/lang/Process$PipeInputStream
Event: 1.880 loading class java/lang/Process$PipeInputStream done
Event: 1.881 loading class jdk/internal/event/ProcessStartEvent
Event: 1.881 loading class jdk/internal/event/ProcessStartEvent done
Event: 1.881 loading class java/security/AccessControlException
Event: 1.881 loading class java/security/AccessControlException done
Event: 1.883 Thread 0x0000023ace0c8bf0 Thread added: 0x0000023ace0c8bf0
Event: 1.883 Thread 0x0000023ace0c94e0 Thread added: 0x0000023ace0c94e0
Event: 2.905 Thread 0x0000023acd10acd0 Thread exited: 0x0000023acd10acd0
Event: 2.905 Thread 0x0000023acd109240 Thread exited: 0x0000023acd109240
Event: 4.922 Thread 0x0000023acd108cf0 Thread added: 0x0000023acd108cf0
Event: 6.857 Thread 0x0000023acd108cf0 Thread exited: 0x0000023acd108cf0


Dynamic libraries:
0x00007ff63c020000 - 0x00007ff63c030000 	D:\JDK\graalvm-jdk-17.0.10+11.1\bin\java.exe
0x00007ffe2df90000 - 0x00007ffe2e1a7000 	C:\WINDOWS\SYSTEM32\ntdll.dll
0x00007ffe2cae0000 - 0x00007ffe2cba4000 	C:\WINDOWS\System32\KERNEL32.DLL
0x00007ffe2b7b0000 - 0x00007ffe2bb5c000 	C:\WINDOWS\System32\KERNELBASE.dll
0x00007ffe2b2c0000 - 0x00007ffe2b3d1000 	C:\WINDOWS\System32\ucrtbase.dll
0x00007ffe23250000 - 0x00007ffe23269000 	D:\JDK\graalvm-jdk-17.0.10+11.1\bin\jli.dll
0x00007ffe2c590000 - 0x00007ffe2c642000 	C:\WINDOWS\System32\ADVAPI32.dll
0x00007ffe23200000 - 0x00007ffe2321b000 	D:\JDK\graalvm-jdk-17.0.10+11.1\bin\VCRUNTIME140.dll
0x00007ffe2ce60000 - 0x00007ffe2cf07000 	C:\WINDOWS\System32\msvcrt.dll
0x00007ffe2c670000 - 0x00007ffe2c71a000 	C:\WINDOWS\System32\sechost.dll
0x00007ffe2bca0000 - 0x00007ffe2bcc8000 	C:\WINDOWS\System32\bcrypt.dll
0x00007ffe2ddd0000 - 0x00007ffe2dee5000 	C:\WINDOWS\System32\RPCRT4.dll
0x00007ffe2cc30000 - 0x00007ffe2cdde000 	C:\WINDOWS\System32\USER32.dll
0x00007ffe2b780000 - 0x00007ffe2b7a6000 	C:\WINDOWS\System32\win32u.dll
0x00007ffe1b320000 - 0x00007ffe1b5b3000 	C:\WINDOWS\WinSxS\amd64_microsoft.windows.common-controls_6595b64144ccf1df_6.0.22621.3672_none_2713b9d173822955\COMCTL32.dll
0x00007ffe2be30000 - 0x00007ffe2be59000 	C:\WINDOWS\System32\GDI32.dll
0x00007ffe2b3e0000 - 0x00007ffe2b4f9000 	C:\WINDOWS\System32\gdi32full.dll
0x00007ffe2b6e0000 - 0x00007ffe2b77a000 	C:\WINDOWS\System32\msvcp_win.dll
0x00007ffe21e20000 - 0x00007ffe21e2a000 	C:\WINDOWS\SYSTEM32\VERSION.dll
0x00007ffe2cfc0000 - 0x00007ffe2cff1000 	C:\WINDOWS\System32\IMM32.DLL
0x00007ffe24a60000 - 0x00007ffe24a6c000 	D:\JDK\graalvm-jdk-17.0.10+11.1\bin\vcruntime140_1.dll
0x00007ffe12600000 - 0x00007ffe1268e000 	D:\JDK\graalvm-jdk-17.0.10+11.1\bin\msvcp140.dll
0x00007ffda9b20000 - 0x00007ffdaa6f5000 	D:\JDK\graalvm-jdk-17.0.10+11.1\bin\server\jvm.dll
0x00007ffe2def0000 - 0x00007ffe2def8000 	C:\WINDOWS\System32\PSAPI.DLL
0x00007ffe22960000 - 0x00007ffe22994000 	C:\WINDOWS\SYSTEM32\WINMM.dll
0x00007ffe08e60000 - 0x00007ffe08e69000 	C:\WINDOWS\SYSTEM32\WSOCK32.dll
0x00007ffe2cbb0000 - 0x00007ffe2cc21000 	C:\WINDOWS\System32\WS2_32.dll
0x00007ffe2a3a0000 - 0x00007ffe2a3b8000 	C:\WINDOWS\SYSTEM32\kernel.appcore.dll
0x00007ffe23290000 - 0x00007ffe2329a000 	D:\JDK\graalvm-jdk-17.0.10+11.1\bin\jimage.dll
0x00007ffe1b760000 - 0x00007ffe1b992000 	C:\WINDOWS\SYSTEM32\DBGHELP.DLL
0x00007ffe2c720000 - 0x00007ffe2caa8000 	C:\WINDOWS\System32\combase.dll
0x00007ffe2d000000 - 0x00007ffe2d0d7000 	C:\WINDOWS\System32\OLEAUT32.dll
0x00007ffe11e30000 - 0x00007ffe11e62000 	C:\WINDOWS\SYSTEM32\dbgcore.DLL
0x00007ffe2bb60000 - 0x00007ffe2bbdb000 	C:\WINDOWS\System32\bcryptPrimitives.dll
0x00007ffe141e0000 - 0x00007ffe14205000 	D:\JDK\graalvm-jdk-17.0.10+11.1\bin\java.dll
0x00007ffdf84e0000 - 0x00007ffdf85b7000 	D:\JDK\graalvm-jdk-17.0.10+11.1\bin\jsvml.dll
0x00007ffe2d570000 - 0x00007ffe2ddcc000 	C:\WINDOWS\System32\SHELL32.dll
0x00007ffe291c0000 - 0x00007ffe29ab7000 	C:\WINDOWS\SYSTEM32\windows.storage.dll
0x00007ffe29080000 - 0x00007ffe291bf000 	C:\WINDOWS\SYSTEM32\wintypes.dll
0x00007ffe2d470000 - 0x00007ffe2d564000 	C:\WINDOWS\System32\SHCORE.dll
0x00007ffe2c020000 - 0x00007ffe2c07e000 	C:\WINDOWS\System32\shlwapi.dll
0x00007ffe2b1f0000 - 0x00007ffe2b211000 	C:\WINDOWS\SYSTEM32\profapi.dll
0x00007ffe13a10000 - 0x00007ffe13a29000 	D:\JDK\graalvm-jdk-17.0.10+11.1\bin\net.dll
0x00007ffe25a50000 - 0x00007ffe25b86000 	C:\WINDOWS\SYSTEM32\WINHTTP.dll
0x00007ffe2a800000 - 0x00007ffe2a869000 	C:\WINDOWS\system32\mswsock.dll
0x00007ffe139f0000 - 0x00007ffe13a06000 	D:\JDK\graalvm-jdk-17.0.10+11.1\bin\nio.dll
0x00007ffe13940000 - 0x00007ffe13958000 	D:\JDK\graalvm-jdk-17.0.10+11.1\bin\zip.dll
0x00007ffd7adf0000 - 0x00007ffd7d84b000 	D:\JDK\graalvm-jdk-17.0.10+11.1\bin\jvmcicompiler.dll
0x00007ffe2b500000 - 0x00007ffe2b667000 	C:\WINDOWS\System32\CRYPT32.dll
0x00007ffe2a8a0000 - 0x00007ffe2a8c8000 	C:\WINDOWS\SYSTEM32\USERENV.dll
0x00007ffe2ac70000 - 0x00007ffe2ac9e000 	C:\WINDOWS\SYSTEM32\ncrypt.dll
0x00007ffe29d20000 - 0x00007ffe29d4d000 	C:\WINDOWS\SYSTEM32\IPHLPAPI.DLL
0x00007ffe2ac30000 - 0x00007ffe2ac67000 	C:\WINDOWS\SYSTEM32\NTASN1.dll
0x00007ffe137b0000 - 0x00007ffe137c0000 	D:\JDK\graalvm-jdk-17.0.10+11.1\bin\verify.dll
0x00007ffe1afc0000 - 0x00007ffe1afca000 	D:\apache-maven-3.6.3\lib\jansi-native\windows64\jansi.dll

dbghelp: loaded successfully - version: 4.0.5 - missing functions: none
symbol engine: initialized successfully - sym options: 0x614 - pdb path: .;D:\JDK\graalvm-jdk-17.0.10+11.1\bin;C:\WINDOWS\SYSTEM32;C:\WINDOWS\WinSxS\amd64_microsoft.windows.common-controls_6595b64144ccf1df_6.0.22621.3672_none_2713b9d173822955;D:\JDK\graalvm-jdk-17.0.10+11.1\bin\server;D:\apache-maven-3.6.3\lib\jansi-native\windows64

VM Arguments:
jvm_args: -XX:ThreadPriorityPolicy=1 -XX:+UnlockExperimentalVMOptions -XX:+EnableJVMCIProduct -XX:-UnlockExperimentalVMOptions -Dclassworlds.conf=D:\apache-maven-3.6.3\bin\..\bin\m2.conf -Dmaven.home=D:\apache-maven-3.6.3\bin\.. -Dlibrary.jansi.path=D:\apache-maven-3.6.3\bin\..\lib\jansi-native -Dmaven.multiModuleProjectDirectory=D:\VCGitHub\test 
java_command: org.codehaus.plexus.classworlds.launcher.Launcher -P win gluonfx:compile gluonfx:link
java_class_path (initial): D:\apache-maven-3.6.3\bin\..\boot\plexus-classworlds-2.6.0.jar
Launcher Type: SUN_STANDARD

[Global flags]
     intx CICompilerCount                          = 4                                         {product} {ergonomic}
     uint ConcGCThreads                            = 2                                         {product} {ergonomic}
     bool EnableJVMCIProduct                       = true                                {JVMCI product} {jimage}
     uint G1ConcRefinementThreads                  = 8                                         {product} {ergonomic}
   size_t G1HeapRegionSize                         = 2097152                                   {product} {ergonomic}
    uintx GCDrainStackTargetSize                   = 64                                        {product} {ergonomic}
   size_t InitialHeapSize                          = 266338304                                 {product} {ergonomic}
   size_t MarkStackSize                            = 4194304                                   {product} {ergonomic}
   size_t MaxHeapSize                              = 4238344192                                {product} {ergonomic}
   size_t MaxNewSize                               = 2541748224                                {product} {ergonomic}
   size_t MinHeapDeltaBytes                        = 2097152                                   {product} {ergonomic}
   size_t MinHeapSize                              = 8388608                                   {product} {ergonomic}
    uintx NonNMethodCodeHeapSize                   = 6979620                                {pd product} {ergonomic}
    uintx NonProfiledCodeHeapSize                  = 122339310                              {pd product} {ergonomic}
    uintx ProfiledCodeHeapSize                     = 122339310                              {pd product} {ergonomic}
    uintx ReservedCodeCacheSize                    = 251658240                              {pd product} {ergonomic}
     bool SegmentedCodeCache                       = true                                      {product} {ergonomic}
   size_t SoftMaxHeapSize                          = 4238344192                             {manageable} {ergonomic}
     intx ThreadPriorityPolicy                     = 1                                         {product} {jimage}
     bool UseCompressedClassPointers               = true                           {product lp64_product} {ergonomic}
     bool UseCompressedOops                        = true                           {product lp64_product} {ergonomic}
     bool UseG1GC                                  = true                                      {product} {ergonomic}
     bool UseLargePagesIndividualAllocation        = false                                  {pd product} {ergonomic}

Logging:
Log output configuration:
 #0: stdout all=warning uptime,level,tags
 #1: stderr all=off uptime,level,tags

Environment Variables:
JAVA_HOME=D:\JDK\graalvm-jdk-17.0.10+11.1
PATH=C:\Program Files\Microsoft Visual Studio\2022\Community\VC\Tools\MSVC\14.40.33807\bin\HostX64\x64;C:\Program Files\Microsoft Visual Studio\2022\Community\Common7\IDE\VC\VCPackages;C:\Program Files\Microsoft Visual Studio\2022\Community\Common7\IDE\CommonExtensions\Microsoft\TestWindow;C:\Program Files\Microsoft Visual Studio\2022\Community\Common7\IDE\CommonExtensions\Microsoft\TeamFoundation\Team Explorer;C:\Program Files\Microsoft Visual Studio\2022\Community\MSBuild\Current\bin\Roslyn;C:\Program Files (x86)\Microsoft SDKs\Windows\v10.0A\bin\NETFX 4.8 Tools\x64\;C:\Program Files\Microsoft Visual Studio\2022\Community\Common7\IDE\CommonExtensions\Microsoft\FSharp\Tools;C:\Program Files\Microsoft Visual Studio\2022\Community\Team Tools\DiagnosticsHub\Collector;C:\Program Files (x86)\Windows Kits\10\bin\10.0.22621.0\\x64;C:\Program Files (x86)\Windows Kits\10\bin\\x64;C:\Program Files\Microsoft Visual Studio\2022\Community\\MSBuild\Current\Bin\amd64;C:\Windows\Microsoft.NET\Framework64\v4.0.30319;C:\Program Files\Microsoft Visual Studio\2022\Community\Common7\IDE\;C:\Program Files\Microsoft Visual Studio\2022\Community\Common7\Tools\;C:\WINDOWS\system32;C:\WINDOWS;C:\WINDOWS\System32\Wbem;C:\WINDOWS\System32\WindowsPowerShell\v1.0\;C:\WINDOWS\System32\OpenSSH\;C:\Program Files\Git\cmd;%JAVA_HOME%\bin;D:\JDK\graalvm-jdk-17.0.10+11.1\bin;%GRAALVM_HOME%\bin;D:\apache-maven-3.6.3\bin;C:\Program Files\Microsoft Visual Studio\2022\Community\VC\Tools\MSVC\14.29.30133\bin\HostX64\x64;C:\Program Files\dotnet\;C:\Program Files (x86)\WiX Toolset v3.14\bin;C:\Users\Diego Aedo\AppData\Local\Microsoft\WindowsApps;D:\apache-maven-3.9.4\bin;D:\JDK\graalvm-jdk-17.0.10+11.1\bin;C:\Users\Diego Aedo\AppData\Local\GitHubDesktop\bin;C:\Users\Diego Aedo\AppData\Local\Programs\Microsoft VS Code\bin;C:\Users\Diego Aedo\.dotnet\tools;C:\Program Files (x86)\WiX Toolset v3.14\bin;D:\tools\win64\bin\lib\win64;;C:\Program Files\Microsoft Visual Studio\2022\Community\Common7\IDE\CommonExtensions
USERNAME=Diego Aedo
LIBPATH=C:\Program Files\Microsoft Visual Studio\2022\Community\VC\Tools\MSVC\14.40.33807\lib\x64;C:\Program Files\Microsoft Visual Studio\2022\Community\VC\Tools\MSVC\14.40.33807\lib\x86\store\references;C:\Program Files (x86)\Windows Kits\10\UnionMetadata\10.0.22621.0;C:\Program Files (x86)\Windows Kits\10\References\10.0.22621.0;C:\Windows\Microsoft.NET\Framework64\v4.0.30319
OS=Windows_NT
PROCESSOR_IDENTIFIER=Intel64 Family 6 Model 140 Stepping 1, GenuineIntel



---------------  S Y S T E M  ---------------

OS:
 Windows 11 , 64 bit Build 22621 (10.0.22621.3672)
OS uptime: 1 days 13:04 hours
Hyper-V role detected

CPU: total 8 (initial active 8) (4 cores per cpu, 2 threads per core) family 6 model 140 stepping 1 microcode 0x9a, cx8, cmov, fxsr, ht, mmx, 3dnowpref, sse, sse2, sse3, ssse3, sse4.1, sse4.2, popcnt, lzcnt, tsc, tscinvbit, avx, avx2, aes, erms, clmul, bmi1, bmi2, adx, avx512f, avx512dq, avx512cd, avx512bw, avx512vl, sha, fma, vzeroupper, avx512_vpopcntdq, avx512_vpclmulqdq, avx512_vaes, avx512_vnni, clflush, clflushopt, clwb, avx512_vbmi2, avx512_vbmi, hv

Memory: 4k page, system-wide physical 16167M (280M free)
TotalPageFile size 52025M (AvailPageFile size 67M)
current process WorkingSet (physical memory assigned to process): 29M, peak: 246M
current process commit charge ("private bytes"): 378M, peak: 414M

vm_info: Java HotSpot(TM) 64-Bit Server VM (17.0.10+11-LTS-jvmci-23.0-b27) for windows-amd64 JRE (17.0.10+11-LTS-jvmci-23.0-b27), built on Dec 20 2023 07:24:22 by "" with MS VC++ 17.1 (VS2022)

END.
